<?xml version="1.0" encoding="UTF-8"?>
<coverage generated="1753445029544" clover="3.2.0">
  <project timestamp="1753445029544" name="All files">
    <metrics statements="591" coveredstatements="570" conditionals="238" coveredconditionals="198" methods="87" coveredmethods="87" elements="916" coveredelements="855" complexity="0" loc="591" ncloc="591" packages="1" files="1" classes="1"/>
    <file name="chartRenderer.ts" path="D:\workspace\web-reader\src\utils\chartRenderer.ts">
      <metrics statements="591" coveredstatements="570" conditionals="238" coveredconditionals="198" methods="87" coveredmethods="87"/>
      <line num="29" count="81" type="stmt"/>
      <line num="30" count="389" type="stmt"/>
      <line num="32" count="81" type="stmt"/>
      <line num="39" count="81" type="cond" truecount="1" falsecount="0"/>
      <line num="40" count="3" type="stmt"/>
      <line num="43" count="78" type="stmt"/>
      <line num="46" count="78" type="cond" truecount="4" falsecount="0"/>
      <line num="47" count="30" type="stmt"/>
      <line num="48" count="30" type="stmt"/>
      <line num="49" count="48" type="cond" truecount="2" falsecount="0"/>
      <line num="50" count="14" type="stmt"/>
      <line num="51" count="14" type="stmt"/>
      <line num="52" count="34" type="cond" truecount="1" falsecount="0"/>
      <line num="53" count="26" type="stmt"/>
      <line num="55" count="172" type="stmt"/>
      <line num="56" count="26" type="stmt"/>
      <line num="59" count="8" type="stmt"/>
      <line num="64" count="37" type="stmt"/>
      <line num="65" count="37" type="stmt"/>
      <line num="68" count="37" type="stmt"/>
      <line num="69" count="104" type="stmt"/>
      <line num="70" count="104" type="cond" truecount="0" falsecount="1"/>
      <line num="73" count="104" type="stmt"/>
      <line num="76" count="104" type="stmt"/>
      <line num="77" count="101" type="stmt"/>
      <line num="78" count="101" type="stmt"/>
      <line num="79" count="101" type="cond" truecount="1" falsecount="1"/>
      <line num="80" count="101" type="stmt"/>
      <line num="81" count="101" type="stmt"/>
      <line num="83" count="101" type="cond" truecount="1" falsecount="0"/>
      <line num="84" count="101" type="stmt"/>
      <line num="90" count="37" type="stmt"/>
      <line num="91" count="104" type="stmt"/>
      <line num="92" count="104" type="cond" truecount="0" falsecount="1"/>
      <line num="95" count="104" type="stmt"/>
      <line num="98" count="104" type="stmt"/>
      <line num="99" count="90" type="stmt"/>
      <line num="102" count="90" type="cond" truecount="5" falsecount="1"/>
      <line num="103" count="90" type="stmt"/>
      <line num="104" count="90" type="cond" truecount="2" falsecount="0"/>
      <line num="107" count="90" type="cond" truecount="5" falsecount="1"/>
      <line num="108" count="90" type="stmt"/>
      <line num="109" count="90" type="cond" truecount="2" falsecount="0"/>
      <line num="112" count="90" type="cond" truecount="1" falsecount="0"/>
      <line num="113" count="9" type="stmt"/>
      <line num="117" count="90" type="cond" truecount="1" falsecount="0"/>
      <line num="118" count="10" type="stmt"/>
      <line num="122" count="90" type="stmt"/>
      <line num="123" count="90" type="cond" truecount="1" falsecount="0"/>
      <line num="124" count="90" type="stmt"/>
      <line num="128" count="37" type="stmt"/>
      <line num="140" count="501" type="stmt"/>
      <line num="141" count="501" type="cond" truecount="1" falsecount="0"/>
      <line num="142" count="171" type="stmt"/>
      <line num="143" count="171" type="stmt"/>
      <line num="144" count="171" type="stmt"/>
      <line num="152" count="330" type="stmt"/>
      <line num="153" count="330" type="cond" truecount="1" falsecount="0"/>
      <line num="154" count="22" type="stmt"/>
      <line num="155" count="22" type="stmt"/>
      <line num="156" count="22" type="stmt"/>
      <line num="164" count="308" type="stmt"/>
      <line num="165" count="308" type="cond" truecount="1" falsecount="0"/>
      <line num="166" count="8" type="stmt"/>
      <line num="167" count="8" type="stmt"/>
      <line num="168" count="8" type="stmt"/>
      <line num="176" count="300" type="stmt"/>
      <line num="177" count="300" type="cond" truecount="3" falsecount="0"/>
      <line num="178" count="5" type="stmt"/>
      <line num="179" count="5" type="stmt"/>
      <line num="180" count="5" type="stmt"/>
      <line num="188" count="295" type="stmt"/>
      <line num="193" count="34" type="stmt"/>
      <line num="194" count="34" type="stmt"/>
      <line num="195" count="34" type="stmt"/>
      <line num="198" count="34" type="stmt"/>
      <line num="199" count="34" type="cond" truecount="1" falsecount="0"/>
      <line num="200" count="33" type="stmt"/>
      <line num="201" count="33" type="stmt"/>
      <line num="202" count="33" type="stmt"/>
      <line num="210" count="33" type="stmt"/>
      <line num="211" count="33" type="stmt"/>
      <line num="212" count="33" type="stmt"/>
      <line num="216" count="34" type="stmt"/>
      <line num="217" count="34" type="stmt"/>
      <line num="219" count="34" type="stmt"/>
      <line num="220" count="177" type="stmt"/>
      <line num="221" count="177" type="cond" truecount="1" falsecount="0"/>
      <line num="223" count="176" type="stmt"/>
      <line num="224" count="176" type="stmt"/>
      <line num="226" count="176" type="stmt"/>
      <line num="227" count="176" type="stmt"/>
      <line num="228" count="176" type="stmt"/>
      <line num="237" count="176" type="stmt"/>
      <line num="238" count="176" type="stmt"/>
      <line num="241" count="176" type="cond" truecount="2" falsecount="0"/>
      <line num="242" count="121" type="stmt"/>
      <line num="246" count="176" type="cond" truecount="1" falsecount="1"/>
      <line num="247" count="176" type="stmt"/>
      <line num="248" count="176" type="stmt"/>
      <line num="251" count="176" type="stmt"/>
      <line num="254" count="34" type="stmt"/>
      <line num="263" count="18" type="stmt"/>
      <line num="264" count="18" type="stmt"/>
      <line num="266" count="18" type="stmt"/>
      <line num="267" count="38" type="stmt"/>
      <line num="268" count="38" type="cond" truecount="1" falsecount="0"/>
      <line num="269" count="35" type="stmt"/>
      <line num="270" count="35" type="stmt"/>
      <line num="271" count="35" type="stmt"/>
      <line num="275" count="18" type="stmt"/>
      <line num="284" count="198" type="stmt"/>
      <line num="289" count="198" type="stmt"/>
      <line num="290" count="198" type="stmt"/>
      <line num="291" count="2592" type="cond" truecount="2" falsecount="0"/>
      <line num="293" count="198" type="stmt"/>
      <line num="296" count="198" type="stmt"/>
      <line num="297" count="198" type="stmt"/>
      <line num="300" count="198" type="cond" truecount="2" falsecount="0"/>
      <line num="301" count="10" type="stmt"/>
      <line num="302" count="188" type="cond" truecount="1" falsecount="0"/>
      <line num="303" count="18" type="stmt"/>
      <line num="306" count="198" type="stmt"/>
      <line num="309" count="198" type="stmt"/>
      <line num="313" count="1228" type="stmt"/>
      <line num="314" count="1228" type="stmt"/>
      <line num="315" count="11784" type="cond" truecount="2" falsecount="0"/>
      <line num="317" count="1228" type="stmt"/>
      <line num="322" count="198" type="stmt"/>
      <line num="323" count="198" type="stmt"/>
      <line num="325" count="198" type="stmt"/>
      <line num="327" count="198" type="stmt"/>
      <line num="328" count="806" type="cond" truecount="1" falsecount="0"/>
      <line num="330" count="502" type="stmt"/>
      <line num="331" count="502" type="cond" truecount="2" falsecount="0"/>
      <line num="332" count="436" type="stmt"/>
      <line num="334" count="66" type="cond" truecount="1" falsecount="1"/>
      <line num="335" count="66" type="stmt"/>
      <line num="336" count="66" type="stmt"/>
      <line num="338" count="0" type="cond" truecount="0" falsecount="2"/>
      <line num="339" count="0" type="stmt"/>
      <line num="340" count="0" type="stmt"/>
      <line num="341" count="0" type="stmt"/>
      <line num="343" count="0" type="stmt"/>
      <line num="349" count="198" type="cond" truecount="1" falsecount="0"/>
      <line num="350" count="198" type="stmt"/>
      <line num="353" count="198" type="stmt"/>
      <line num="356" count="198" type="stmt"/>
      <line num="357" count="198" type="stmt"/>
      <line num="360" count="198" type="stmt"/>
      <line num="361" count="264" type="cond" truecount="3" falsecount="1"/>
      <line num="362" count="198" type="stmt"/>
      <line num="363" count="198" type="stmt"/>
      <line num="364" count="198" type="stmt"/>
      <line num="366" count="198" type="stmt"/>
      <line num="371" count="29" type="cond" truecount="1" falsecount="0"/>
      <line num="374" count="28" type="stmt"/>
      <line num="375" count="28" type="stmt"/>
      <line num="376" count="101" type="stmt"/>
      <line num="377" count="101" type="stmt"/>
      <line num="381" count="28" type="stmt"/>
      <line num="382" count="28" type="stmt"/>
      <line num="385" count="79" type="stmt"/>
      <line num="386" count="101" type="stmt"/>
      <line num="389" count="29" type="stmt"/>
      <line num="390" count="29" type="stmt"/>
      <line num="392" count="28" type="stmt"/>
      <line num="393" count="83" type="stmt"/>
      <line num="394" count="83" type="cond" truecount="0" falsecount="1"/>
      <line num="395" count="83" type="stmt"/>
      <line num="397" count="268" type="stmt"/>
      <line num="398" count="83" type="stmt"/>
      <line num="399" count="58" type="cond" truecount="3" falsecount="0"/>
      <line num="400" count="54" type="stmt"/>
      <line num="401" count="54" type="stmt"/>
      <line num="407" count="28" type="stmt"/>
      <line num="408" count="28" type="stmt"/>
      <line num="409" count="83" type="cond" truecount="1" falsecount="0"/>
      <line num="410" count="83" type="stmt"/>
      <line num="413" count="28" type="stmt"/>
      <line num="414" count="28" type="stmt"/>
      <line num="417" count="28" type="stmt"/>
      <line num="418" count="28" type="stmt"/>
      <line num="419" count="83" type="cond" truecount="1" falsecount="1"/>
      <line num="420" count="73" type="stmt"/>
      <line num="423" count="28" type="stmt"/>
      <line num="424" count="101" type="cond" truecount="2" falsecount="0"/>
      <line num="425" count="101" type="cond" truecount="2" falsecount="0"/>
      <line num="426" count="101" type="stmt"/>
      <line num="429" count="101" type="stmt"/>
      <line num="430" count="101" type="stmt"/>
      <line num="431" count="101" type="stmt"/>
      <line num="432" count="121" type="stmt"/>
      <line num="433" count="121" type="cond" truecount="1" falsecount="1"/>
      <line num="434" count="121" type="stmt"/>
      <line num="435" count="121" type="cond" truecount="1" falsecount="0"/>
      <line num="436" count="20" type="stmt"/>
      <line num="441" count="101" type="stmt"/>
      <line num="442" count="101" type="stmt"/>
      <line num="443" count="103" type="cond" truecount="1" falsecount="1"/>
      <line num="444" count="103" type="stmt"/>
      <line num="448" count="101" type="stmt"/>
      <line num="449" count="101" type="stmt"/>
      <line num="452" count="101" type="stmt"/>
      <line num="453" count="10" type="stmt"/>
      <line num="454" count="10" type="cond" truecount="1" falsecount="1"/>
      <line num="455" count="10" type="stmt"/>
      <line num="459" count="101" type="cond" truecount="1" falsecount="1"/>
      <line num="460" count="101" type="stmt"/>
      <line num="462" count="101" type="stmt"/>
      <line num="472" count="174" type="stmt"/>
      <line num="476" count="2263" type="stmt"/>
      <line num="477" count="2263" type="stmt"/>
      <line num="478" count="23783" type="cond" truecount="2" falsecount="0"/>
      <line num="480" count="2263" type="stmt"/>
      <line num="485" count="174" type="stmt"/>
      <line num="488" count="174" type="cond" truecount="2" falsecount="0"/>
      <line num="491" count="174" type="cond" truecount="2" falsecount="0"/>
      <line num="493" count="25" type="stmt"/>
      <line num="494" count="149" type="cond" truecount="1" falsecount="0"/>
      <line num="496" count="10" type="stmt"/>
      <line num="499" count="174" type="stmt"/>
      <line num="500" count="174" type="stmt"/>
      <line num="503" count="174" type="stmt"/>
      <line num="507" count="174" type="stmt"/>
      <line num="508" count="174" type="stmt"/>
      <line num="510" count="174" type="stmt"/>
      <line num="512" count="174" type="stmt"/>
      <line num="513" count="758" type="cond" truecount="1" falsecount="0"/>
      <line num="515" count="466" type="stmt"/>
      <line num="516" count="466" type="cond" truecount="2" falsecount="0"/>
      <line num="517" count="348" type="stmt"/>
      <line num="519" count="118" type="cond" truecount="2" falsecount="0"/>
      <line num="520" count="79" type="stmt"/>
      <line num="521" count="79" type="stmt"/>
      <line num="523" count="39" type="cond" truecount="1" falsecount="1"/>
      <line num="525" count="39" type="stmt"/>
      <line num="526" count="39" type="stmt"/>
      <line num="527" count="39" type="stmt"/>
      <line num="528" count="814" type="cond" truecount="2" falsecount="0"/>
      <line num="529" count="769" type="stmt"/>
      <line num="531" count="45" type="cond" truecount="1" falsecount="1"/>
      <line num="532" count="45" type="stmt"/>
      <line num="533" count="45" type="stmt"/>
      <line num="536" count="0" type="stmt"/>
      <line num="537" count="0" type="stmt"/>
      <line num="541" count="39" type="cond" truecount="1" falsecount="0"/>
      <line num="542" count="39" type="stmt"/>
      <line num="545" count="0" type="stmt"/>
      <line num="551" count="174" type="cond" truecount="1" falsecount="0"/>
      <line num="552" count="174" type="stmt"/>
      <line num="555" count="174" type="stmt"/>
      <line num="558" count="174" type="stmt"/>
      <line num="559" count="174" type="stmt"/>
      <line num="562" count="174" type="stmt"/>
      <line num="563" count="298" type="cond" truecount="3" falsecount="1"/>
      <line num="564" count="174" type="stmt"/>
      <line num="565" count="174" type="stmt"/>
      <line num="566" count="174" type="stmt"/>
      <line num="568" count="174" type="stmt"/>
      <line num="573" count="26" type="cond" truecount="1" falsecount="0"/>
      <line num="575" count="25" type="stmt"/>
      <line num="576" count="25" type="stmt"/>
      <line num="579" count="25" type="stmt"/>
      <line num="580" count="25" type="stmt"/>
      <line num="581" count="174" type="cond" truecount="2" falsecount="0"/>
      <line num="582" count="174" type="stmt"/>
      <line num="586" count="25" type="stmt"/>
      <line num="587" count="25" type="cond" truecount="1" falsecount="0"/>
      <line num="588" count="25" type="stmt"/>
      <line num="589" count="25" type="stmt"/>
      <line num="593" count="25" type="stmt"/>
      <line num="594" count="25" type="stmt"/>
      <line num="595" count="174" type="cond" truecount="2" falsecount="0"/>
      <line num="596" count="174" type="cond" truecount="1" falsecount="0"/>
      <line num="597" count="149" type="cond" truecount="1" falsecount="0"/>
      <line num="598" count="149" type="stmt"/>
      <line num="603" count="32" type="stmt"/>
      <line num="605" count="25" type="stmt"/>
      <line num="606" count="54" type="stmt"/>
      <line num="607" count="54" type="stmt"/>
      <line num="610" count="54" type="stmt"/>
      <line num="611" count="54" type="stmt"/>
      <line num="612" count="149" type="cond" truecount="1" falsecount="1"/>
      <line num="613" count="149" type="cond" truecount="1" falsecount="0"/>
      <line num="614" count="149" type="stmt"/>
      <line num="624" count="54" type="stmt"/>
      <line num="626" count="54" type="stmt"/>
      <line num="627" count="327" type="stmt"/>
      <line num="628" count="79" type="cond" truecount="1" falsecount="1"/>
      <line num="631" count="79" type="stmt"/>
      <line num="632" count="79" type="stmt"/>
      <line num="633" count="149" type="cond" truecount="1" falsecount="1"/>
      <line num="634" count="149" type="stmt"/>
      <line num="635" count="149" type="cond" truecount="1" falsecount="0"/>
      <line num="636" count="70" type="stmt"/>
      <line num="641" count="79" type="stmt"/>
      <line num="643" count="79" type="stmt"/>
      <line num="653" count="54" type="stmt"/>
      <line num="659" count="54" type="stmt"/>
      <line num="666" count="54" type="stmt"/>
      <line num="668" count="54" type="stmt"/>
      <line num="670" count="79" type="stmt"/>
      <line num="671" count="79" type="stmt"/>
      <line num="674" count="79" type="stmt"/>
      <line num="675" count="79" type="stmt"/>
      <line num="676" count="79" type="cond" truecount="2" falsecount="0"/>
      <line num="677" count="106" type="stmt"/>
      <line num="678" count="106" type="stmt"/>
      <line num="680" count="106" type="stmt"/>
      <line num="681" count="74" type="stmt"/>
      <line num="682" count="74" type="cond" truecount="1" falsecount="0"/>
      <line num="684" count="27" type="stmt"/>
      <line num="685" count="27" type="stmt"/>
      <line num="686" count="27" type="stmt"/>
      <line num="689" count="106" type="stmt"/>
      <line num="692" count="79" type="stmt"/>
      <line num="700" count="54" type="cond" truecount="1" falsecount="0"/>
      <line num="701" count="79" type="stmt"/>
      <line num="702" count="79" type="stmt"/>
      <line num="703" count="54" type="stmt"/>
      <line num="706" count="54" type="stmt"/>
      <line num="707" count="79" type="stmt"/>
      <line num="710" count="79" type="stmt"/>
      <line num="711" count="79" type="stmt"/>
      <line num="712" count="149" type="cond" truecount="1" falsecount="1"/>
      <line num="714" count="149" type="stmt"/>
      <line num="715" count="149" type="stmt"/>
      <line num="717" count="149" type="stmt"/>
      <line num="721" count="79" type="stmt"/>
      <line num="729" count="25" type="stmt"/>
      <line num="734" count="28" type="cond" truecount="1" falsecount="0"/>
      <line num="735" count="2" type="stmt"/>
      <line num="738" count="26" type="stmt"/>
      <line num="741" count="26" type="stmt"/>
      <line num="742" count="26" type="stmt"/>
      <line num="743" count="26" type="stmt"/>
      <line num="745" count="97" type="stmt"/>
      <line num="746" count="97" type="stmt"/>
      <line num="747" count="97" type="stmt"/>
      <line num="748" count="97" type="stmt"/>
      <line num="750" count="26" type="stmt"/>
      <line num="751" count="26" type="stmt"/>
      <line num="753" count="26" type="stmt"/>
      <line num="756" count="26" type="stmt"/>
      <line num="792" count="26" type="stmt"/>
      <line num="793" count="235" type="stmt"/>
      <line num="794" count="345" type="stmt"/>
      <line num="796" count="77" type="cond" truecount="3" falsecount="0"/>
      <line num="798" count="77" type="stmt"/>
      <line num="799" count="77" type="stmt"/>
      <line num="800" count="77" type="stmt"/>
      <line num="802" count="77" type="cond" truecount="1" falsecount="0"/>
      <line num="803" count="56" type="stmt"/>
      <line num="804" count="56" type="stmt"/>
      <line num="807" count="56" type="stmt"/>
      <line num="808" count="56" type="stmt"/>
      <line num="809" count="56" type="stmt"/>
      <line num="810" count="56" type="stmt"/>
      <line num="812" count="56" type="stmt"/>
      <line num="814" count="56" type="cond" truecount="1" falsecount="0"/>
      <line num="815" count="10" type="stmt"/>
      <line num="816" count="10" type="stmt"/>
      <line num="817" count="10" type="stmt"/>
      <line num="818" count="10" type="stmt"/>
      <line num="819" count="10" type="stmt"/>
      <line num="826" count="26" type="stmt"/>
      <line num="827" count="97" type="stmt"/>
      <line num="828" count="97" type="stmt"/>
      <line num="831" count="97" type="stmt"/>
      <line num="832" count="97" type="stmt"/>
      <line num="833" count="97" type="stmt"/>
      <line num="835" count="97" type="cond" truecount="2" falsecount="0"/>
      <line num="836" count="3" type="stmt"/>
      <line num="837" count="94" type="cond" truecount="2" falsecount="0"/>
      <line num="838" count="9" type="stmt"/>
      <line num="841" count="85" type="cond" truecount="2" falsecount="0"/>
      <line num="842" count="85" type="stmt"/>
      <line num="846" count="97" type="stmt"/>
      <line num="847" count="97" type="stmt"/>
      <line num="852" count="97" type="stmt"/>
      <line num="853" count="97" type="stmt"/>
      <line num="854" count="1284" type="cond" truecount="2" falsecount="0"/>
      <line num="856" count="97" type="stmt"/>
      <line num="859" count="97" type="stmt"/>
      <line num="860" count="97" type="stmt"/>
      <line num="863" count="97" type="cond" truecount="2" falsecount="0"/>
      <line num="864" count="5" type="stmt"/>
      <line num="865" count="92" type="cond" truecount="1" falsecount="0"/>
      <line num="866" count="9" type="stmt"/>
      <line num="869" count="97" type="stmt"/>
      <line num="872" count="97" type="stmt"/>
      <line num="877" count="249" type="stmt"/>
      <line num="878" count="249" type="stmt"/>
      <line num="879" count="2636" type="cond" truecount="2" falsecount="0"/>
      <line num="881" count="249" type="stmt"/>
      <line num="886" count="97" type="stmt"/>
      <line num="887" count="97" type="stmt"/>
      <line num="890" count="97" type="stmt"/>
      <line num="892" count="97" type="stmt"/>
      <line num="893" count="401" type="cond" truecount="1" falsecount="0"/>
      <line num="895" count="249" type="stmt"/>
      <line num="896" count="249" type="cond" truecount="2" falsecount="0"/>
      <line num="897" count="216" type="stmt"/>
      <line num="899" count="33" type="cond" truecount="1" falsecount="1"/>
      <line num="900" count="33" type="stmt"/>
      <line num="901" count="33" type="stmt"/>
      <line num="904" count="0" type="cond" truecount="0" falsecount="2"/>
      <line num="905" count="0" type="stmt"/>
      <line num="906" count="0" type="stmt"/>
      <line num="907" count="0" type="stmt"/>
      <line num="909" count="0" type="stmt"/>
      <line num="915" count="97" type="cond" truecount="1" falsecount="0"/>
      <line num="916" count="97" type="stmt"/>
      <line num="919" count="97" type="stmt"/>
      <line num="922" count="97" type="stmt"/>
      <line num="923" count="97" type="stmt"/>
      <line num="926" count="97" type="cond" truecount="2" falsecount="0"/>
      <line num="927" count="72" type="stmt"/>
      <line num="929" count="25" type="stmt"/>
      <line num="930" count="25" type="stmt"/>
      <line num="931" count="58" type="stmt"/>
      <line num="932" count="58" type="stmt"/>
      <line num="937" count="26" type="stmt"/>
      <line num="938" count="26" type="stmt"/>
      <line num="943" count="24" type="cond" truecount="1" falsecount="0"/>
      <line num="944" count="1" type="stmt"/>
      <line num="947" count="23" type="stmt"/>
      <line num="950" count="23" type="stmt"/>
      <line num="951" count="168" type="stmt"/>
      <line num="952" count="168" type="stmt"/>
      <line num="953" count="168" type="stmt"/>
      <line num="954" count="168" type="stmt"/>
      <line num="956" count="23" type="stmt"/>
      <line num="957" count="23" type="stmt"/>
      <line num="959" count="23" type="stmt"/>
      <line num="962" count="23" type="stmt"/>
      <line num="998" count="23" type="stmt"/>
      <line num="999" count="552" type="stmt"/>
      <line num="1000" count="919" type="stmt"/>
      <line num="1002" count="145" type="cond" truecount="3" falsecount="0"/>
      <line num="1003" count="145" type="stmt"/>
      <line num="1004" count="145" type="stmt"/>
      <line num="1009" count="145" type="cond" truecount="1" falsecount="1"/>
      <line num="1011" count="145" type="stmt"/>
      <line num="1012" count="145" type="stmt"/>
      <line num="1015" count="0" type="stmt"/>
      <line num="1016" count="0" type="stmt"/>
      <line num="1019" count="145" type="stmt"/>
      <line num="1020" count="145" type="stmt"/>
      <line num="1023" count="145" type="stmt"/>
      <line num="1024" count="145" type="cond" truecount="1" falsecount="1"/>
      <line num="1025" count="145" type="stmt"/>
      <line num="1026" count="145" type="cond" truecount="1" falsecount="1"/>
      <line num="1027" count="145" type="stmt"/>
      <line num="1029" count="145" type="stmt"/>
      <line num="1034" count="23" type="stmt"/>
      <line num="1035" count="168" type="stmt"/>
      <line num="1036" count="168" type="stmt"/>
      <line num="1039" count="168" type="stmt"/>
      <line num="1040" count="168" type="stmt"/>
      <line num="1045" count="168" type="stmt"/>
      <line num="1046" count="168" type="stmt"/>
      <line num="1047" count="3249" type="cond" truecount="2" falsecount="0"/>
      <line num="1049" count="168" type="stmt"/>
      <line num="1052" count="168" type="stmt"/>
      <line num="1053" count="168" type="cond" truecount="2" falsecount="0"/>
      <line num="1056" count="168" type="cond" truecount="2" falsecount="0"/>
      <line num="1057" count="25" type="stmt"/>
      <line num="1058" count="143" type="cond" truecount="1" falsecount="0"/>
      <line num="1059" count="10" type="stmt"/>
      <line num="1062" count="168" type="stmt"/>
      <line num="1065" count="168" type="cond" truecount="2" falsecount="0"/>
      <line num="1069" count="1157" type="stmt"/>
      <line num="1070" count="1157" type="stmt"/>
      <line num="1071" count="13699" type="cond" truecount="2" falsecount="0"/>
      <line num="1073" count="1157" type="stmt"/>
      <line num="1078" count="168" type="stmt"/>
      <line num="1079" count="168" type="stmt"/>
      <line num="1081" count="168" type="stmt"/>
      <line num="1083" count="168" type="stmt"/>
      <line num="1084" count="744" type="cond" truecount="1" falsecount="0"/>
      <line num="1086" count="456" type="stmt"/>
      <line num="1087" count="456" type="cond" truecount="2" falsecount="0"/>
      <line num="1088" count="338" type="stmt"/>
      <line num="1090" count="118" type="cond" truecount="2" falsecount="0"/>
      <line num="1091" count="79" type="stmt"/>
      <line num="1092" count="79" type="stmt"/>
      <line num="1094" count="39" type="cond" truecount="1" falsecount="1"/>
      <line num="1095" count="39" type="stmt"/>
      <line num="1096" count="39" type="stmt"/>
      <line num="1097" count="39" type="stmt"/>
      <line num="1099" count="0" type="stmt"/>
      <line num="1105" count="168" type="cond" truecount="1" falsecount="0"/>
      <line num="1106" count="129" type="stmt"/>
      <line num="1109" count="168" type="stmt"/>
      <line num="1112" count="168" type="stmt"/>
      <line num="1113" count="168" type="stmt"/>
      <line num="1116" count="168" type="stmt"/>
      <line num="1117" count="247" type="cond" truecount="3" falsecount="1"/>
      <line num="1118" count="168" type="stmt"/>
      <line num="1119" count="168" type="stmt"/>
      <line num="1120" count="168" type="stmt"/>
      <line num="1123" count="168" type="stmt"/>
      <line num="1124" count="168" type="cond" truecount="2" falsecount="0"/>
      <line num="1125" count="145" type="cond" truecount="1" falsecount="0"/>
      <line num="1128" count="168" type="stmt"/>
      <line num="1131" count="168" type="cond" truecount="2" falsecount="0"/>
      <line num="1132" count="127" type="stmt"/>
      <line num="1134" count="41" type="stmt"/>
      <line num="1135" count="41" type="stmt"/>
      <line num="1136" count="120" type="stmt"/>
      <line num="1137" count="120" type="stmt"/>
      <line num="1142" count="23" type="stmt"/>
      <line num="1143" count="23" type="stmt"/>
      <line num="1148" count="12" type="stmt"/>
      <line num="1149" count="12" type="stmt"/>
      <line num="1151" count="12" type="stmt"/>
      <line num="1152" count="25" type="stmt"/>
      <line num="1153" count="25" type="cond" truecount="1" falsecount="0"/>
      <line num="1154" count="25" type="stmt"/>
      <line num="1155" count="25" type="stmt"/>
      <line num="1156" count="25" type="stmt"/>
      <line num="1160" count="12" type="cond" truecount="1" falsecount="0"/>
      <line num="1161" count="1" type="stmt"/>
      <line num="1164" count="25" type="stmt"/>
      <line num="1165" count="11" type="stmt"/>
      <line num="1167" count="11" type="stmt"/>
      <line num="1168" count="11" type="stmt"/>
      <line num="1189" count="11" type="stmt"/>
      <line num="1190" count="11" type="stmt"/>
      <line num="1191" count="11" type="stmt"/>
      <line num="1192" count="11" type="stmt"/>
      <line num="1195" count="11" type="stmt"/>
      <line num="1196" count="25" type="stmt"/>
      <line num="1197" count="25" type="stmt"/>
      <line num="1199" count="25" type="stmt"/>
      <line num="1200" count="25" type="stmt"/>
      <line num="1201" count="25" type="stmt"/>
      <line num="1202" count="25" type="stmt"/>
      <line num="1204" count="25" type="cond" truecount="2" falsecount="0"/>
      <line num="1206" count="25" type="stmt"/>
      <line num="1213" count="25" type="stmt"/>
      <line num="1214" count="25" type="stmt"/>
      <line num="1216" count="25" type="stmt"/>
      <line num="1220" count="11" type="stmt"/>
      <line num="1221" count="11" type="stmt"/>
      <line num="1222" count="25" type="stmt"/>
      <line num="1223" count="25" type="stmt"/>
      <line num="1225" count="25" type="stmt"/>
      <line num="1226" count="25" type="stmt"/>
      <line num="1227" count="25" type="stmt"/>
      <line num="1228" count="25" type="stmt"/>
      <line num="1231" count="11" type="stmt"/>
      <line num="1232" count="11" type="stmt"/>
      <line num="1240" count="64" type="stmt"/>
      <line num="1254" count="2" type="stmt"/>
      <line num="1267" count="2" type="stmt"/>
      <line num="1268" count="73" type="stmt"/>
      <line num="1269" count="73" type="stmt"/>
      <line num="1271" count="73" type="cond" truecount="2" falsecount="0"/>
      <line num="1272" count="28" type="stmt"/>
      <line num="1273" count="28" type="stmt"/>
      <line num="1274" count="45" type="cond" truecount="2" falsecount="0"/>
      <line num="1275" count="24" type="stmt"/>
      <line num="1276" count="24" type="stmt"/>
      <line num="1277" count="21" type="cond" truecount="2" falsecount="0"/>
      <line num="1278" count="12" type="stmt"/>
      <line num="1279" count="12" type="stmt"/>
      <line num="1282" count="9" type="stmt"/>
      <line num="1285" count="0" type="stmt"/>
      <line num="1286" count="0" type="cond" truecount="0" falsecount="2"/>
      <line num="1292" count="9" type="stmt"/>
      <line num="1293" count="9" type="cond" truecount="2" falsecount="0"/>
      <line num="1295" count="9" type="stmt"/>
      <line num="1296" count="9" type="cond" truecount="3" falsecount="1"/>
      <line num="1297" count="0" type="stmt"/>
      <line num="1298" count="9" type="cond" truecount="2" falsecount="0"/>
      <line num="1299" count="1" type="stmt"/>
      <line num="1300" count="8" type="cond" truecount="2" falsecount="0"/>
      <line num="1301" count="1" type="stmt"/>
      <line num="1302" count="7" type="cond" truecount="2" falsecount="0"/>
      <line num="1303" count="1" type="stmt"/>
      <line num="1304" count="6" type="cond" truecount="2" falsecount="0"/>
      <line num="1305" count="1" type="stmt"/>
      <line num="1306" count="5" type="cond" truecount="1" falsecount="1"/>
      <line num="1307" count="0" type="stmt"/>
      <line num="1308" count="5" type="cond" truecount="0" falsecount="1"/>
      <line num="1309" count="0" type="stmt"/>
      <line num="1312" count="9" type="cond" truecount="1" falsecount="1"/>
      <line num="1316" count="9" type="stmt"/>
    </file>
  </project>
</coverage>
