<?xml version="1.0" encoding="UTF-8"?>
<coverage generated="1753435996391" clover="3.2.0">
  <project timestamp="1753435996391" name="All files">
    <metrics statements="548" coveredstatements="529" conditionals="214" coveredconditionals="173" methods="76" coveredmethods="76" elements="838" coveredelements="778" complexity="0" loc="548" ncloc="548" packages="1" files="1" classes="1"/>
    <file name="chartRenderer.ts" path="D:\workspace\web-reader\src\utils\chartRenderer.ts">
      <metrics statements="548" coveredstatements="529" conditionals="214" coveredconditionals="173" methods="76" coveredmethods="76"/>
      <line num="29" count="81" type="stmt"/>
      <line num="30" count="389" type="stmt"/>
      <line num="32" count="81" type="stmt"/>
      <line num="39" count="81" type="cond" truecount="1" falsecount="0"/>
      <line num="40" count="3" type="stmt"/>
      <line num="43" count="78" type="stmt"/>
      <line num="46" count="78" type="cond" truecount="4" falsecount="0"/>
      <line num="47" count="30" type="stmt"/>
      <line num="48" count="30" type="stmt"/>
      <line num="49" count="48" type="cond" truecount="2" falsecount="0"/>
      <line num="50" count="14" type="stmt"/>
      <line num="51" count="14" type="stmt"/>
      <line num="52" count="34" type="cond" truecount="1" falsecount="0"/>
      <line num="53" count="26" type="stmt"/>
      <line num="55" count="172" type="stmt"/>
      <line num="56" count="26" type="stmt"/>
      <line num="59" count="8" type="stmt"/>
      <line num="64" count="37" type="stmt"/>
      <line num="65" count="37" type="stmt"/>
      <line num="68" count="37" type="stmt"/>
      <line num="69" count="104" type="stmt"/>
      <line num="70" count="104" type="cond" truecount="0" falsecount="1"/>
      <line num="73" count="104" type="stmt"/>
      <line num="76" count="104" type="stmt"/>
      <line num="77" count="101" type="stmt"/>
      <line num="78" count="101" type="stmt"/>
      <line num="79" count="101" type="cond" truecount="1" falsecount="1"/>
      <line num="80" count="101" type="stmt"/>
      <line num="81" count="101" type="stmt"/>
      <line num="83" count="101" type="cond" truecount="1" falsecount="0"/>
      <line num="84" count="101" type="stmt"/>
      <line num="90" count="37" type="stmt"/>
      <line num="91" count="104" type="stmt"/>
      <line num="92" count="104" type="cond" truecount="0" falsecount="1"/>
      <line num="95" count="104" type="stmt"/>
      <line num="98" count="104" type="stmt"/>
      <line num="99" count="90" type="stmt"/>
      <line num="102" count="90" type="cond" truecount="5" falsecount="1"/>
      <line num="103" count="90" type="stmt"/>
      <line num="104" count="90" type="cond" truecount="2" falsecount="0"/>
      <line num="107" count="90" type="cond" truecount="5" falsecount="1"/>
      <line num="108" count="90" type="stmt"/>
      <line num="109" count="90" type="cond" truecount="2" falsecount="0"/>
      <line num="112" count="90" type="cond" truecount="1" falsecount="0"/>
      <line num="113" count="9" type="stmt"/>
      <line num="117" count="90" type="cond" truecount="1" falsecount="0"/>
      <line num="118" count="10" type="stmt"/>
      <line num="122" count="90" type="stmt"/>
      <line num="123" count="90" type="cond" truecount="1" falsecount="0"/>
      <line num="124" count="90" type="stmt"/>
      <line num="128" count="37" type="stmt"/>
      <line num="140" count="501" type="stmt"/>
      <line num="141" count="501" type="cond" truecount="1" falsecount="0"/>
      <line num="142" count="171" type="stmt"/>
      <line num="143" count="171" type="stmt"/>
      <line num="144" count="171" type="stmt"/>
      <line num="152" count="330" type="stmt"/>
      <line num="153" count="330" type="cond" truecount="1" falsecount="0"/>
      <line num="154" count="22" type="stmt"/>
      <line num="155" count="22" type="stmt"/>
      <line num="156" count="22" type="stmt"/>
      <line num="164" count="308" type="stmt"/>
      <line num="165" count="308" type="cond" truecount="1" falsecount="0"/>
      <line num="166" count="8" type="stmt"/>
      <line num="167" count="8" type="stmt"/>
      <line num="168" count="8" type="stmt"/>
      <line num="176" count="300" type="stmt"/>
      <line num="177" count="300" type="cond" truecount="3" falsecount="0"/>
      <line num="178" count="5" type="stmt"/>
      <line num="179" count="5" type="stmt"/>
      <line num="180" count="5" type="stmt"/>
      <line num="188" count="295" type="stmt"/>
      <line num="193" count="34" type="stmt"/>
      <line num="194" count="34" type="stmt"/>
      <line num="195" count="34" type="stmt"/>
      <line num="198" count="34" type="stmt"/>
      <line num="199" count="34" type="cond" truecount="1" falsecount="0"/>
      <line num="200" count="33" type="stmt"/>
      <line num="201" count="33" type="stmt"/>
      <line num="202" count="33" type="stmt"/>
      <line num="210" count="33" type="stmt"/>
      <line num="211" count="33" type="stmt"/>
      <line num="212" count="33" type="stmt"/>
      <line num="216" count="34" type="stmt"/>
      <line num="217" count="34" type="stmt"/>
      <line num="219" count="34" type="stmt"/>
      <line num="220" count="177" type="stmt"/>
      <line num="221" count="177" type="cond" truecount="1" falsecount="0"/>
      <line num="223" count="176" type="stmt"/>
      <line num="224" count="176" type="stmt"/>
      <line num="226" count="176" type="stmt"/>
      <line num="227" count="176" type="stmt"/>
      <line num="228" count="176" type="stmt"/>
      <line num="237" count="176" type="stmt"/>
      <line num="238" count="176" type="stmt"/>
      <line num="241" count="176" type="cond" truecount="2" falsecount="0"/>
      <line num="242" count="121" type="stmt"/>
      <line num="246" count="176" type="cond" truecount="1" falsecount="1"/>
      <line num="247" count="176" type="stmt"/>
      <line num="248" count="176" type="stmt"/>
      <line num="251" count="176" type="stmt"/>
      <line num="254" count="34" type="stmt"/>
      <line num="263" count="18" type="stmt"/>
      <line num="264" count="18" type="stmt"/>
      <line num="266" count="18" type="stmt"/>
      <line num="267" count="38" type="stmt"/>
      <line num="268" count="38" type="cond" truecount="1" falsecount="0"/>
      <line num="269" count="35" type="stmt"/>
      <line num="270" count="35" type="stmt"/>
      <line num="271" count="35" type="stmt"/>
      <line num="275" count="18" type="stmt"/>
      <line num="284" count="198" type="stmt"/>
      <line num="285" count="198" type="stmt"/>
      <line num="289" count="502" type="stmt"/>
      <line num="290" count="502" type="stmt"/>
      <line num="291" count="4598" type="cond" truecount="2" falsecount="0"/>
      <line num="293" count="502" type="stmt"/>
      <line num="298" count="198" type="stmt"/>
      <line num="299" count="198" type="stmt"/>
      <line num="301" count="198" type="stmt"/>
      <line num="303" count="198" type="stmt"/>
      <line num="304" count="806" type="cond" truecount="1" falsecount="0"/>
      <line num="306" count="502" type="stmt"/>
      <line num="307" count="502" type="cond" truecount="2" falsecount="0"/>
      <line num="308" count="394" type="stmt"/>
      <line num="310" count="108" type="cond" truecount="1" falsecount="1"/>
      <line num="311" count="108" type="stmt"/>
      <line num="312" count="108" type="stmt"/>
      <line num="314" count="0" type="cond" truecount="0" falsecount="2"/>
      <line num="315" count="0" type="stmt"/>
      <line num="316" count="0" type="stmt"/>
      <line num="317" count="0" type="stmt"/>
      <line num="319" count="0" type="stmt"/>
      <line num="325" count="198" type="cond" truecount="1" falsecount="0"/>
      <line num="326" count="198" type="stmt"/>
      <line num="329" count="198" type="stmt"/>
      <line num="332" count="198" type="stmt"/>
      <line num="333" count="198" type="stmt"/>
      <line num="334" count="198" type="stmt"/>
      <line num="337" count="198" type="stmt"/>
      <line num="338" count="198" type="stmt"/>
      <line num="340" count="198" type="stmt"/>
      <line num="345" count="29" type="cond" truecount="1" falsecount="0"/>
      <line num="348" count="28" type="stmt"/>
      <line num="349" count="28" type="stmt"/>
      <line num="350" count="101" type="stmt"/>
      <line num="351" count="101" type="stmt"/>
      <line num="355" count="28" type="stmt"/>
      <line num="356" count="28" type="stmt"/>
      <line num="359" count="79" type="stmt"/>
      <line num="360" count="101" type="stmt"/>
      <line num="363" count="29" type="stmt"/>
      <line num="364" count="29" type="stmt"/>
      <line num="366" count="28" type="stmt"/>
      <line num="367" count="83" type="stmt"/>
      <line num="368" count="83" type="cond" truecount="0" falsecount="1"/>
      <line num="369" count="83" type="stmt"/>
      <line num="371" count="268" type="stmt"/>
      <line num="372" count="83" type="stmt"/>
      <line num="373" count="58" type="cond" truecount="3" falsecount="0"/>
      <line num="374" count="54" type="stmt"/>
      <line num="375" count="54" type="stmt"/>
      <line num="381" count="28" type="stmt"/>
      <line num="382" count="28" type="stmt"/>
      <line num="383" count="83" type="cond" truecount="1" falsecount="0"/>
      <line num="384" count="83" type="stmt"/>
      <line num="387" count="28" type="stmt"/>
      <line num="388" count="28" type="stmt"/>
      <line num="391" count="28" type="stmt"/>
      <line num="392" count="28" type="stmt"/>
      <line num="393" count="83" type="cond" truecount="1" falsecount="1"/>
      <line num="394" count="73" type="stmt"/>
      <line num="397" count="28" type="stmt"/>
      <line num="398" count="101" type="cond" truecount="2" falsecount="0"/>
      <line num="399" count="101" type="cond" truecount="2" falsecount="0"/>
      <line num="400" count="101" type="stmt"/>
      <line num="403" count="101" type="stmt"/>
      <line num="404" count="101" type="stmt"/>
      <line num="405" count="101" type="stmt"/>
      <line num="406" count="121" type="stmt"/>
      <line num="407" count="121" type="cond" truecount="1" falsecount="1"/>
      <line num="408" count="121" type="stmt"/>
      <line num="409" count="121" type="cond" truecount="1" falsecount="0"/>
      <line num="410" count="20" type="stmt"/>
      <line num="415" count="101" type="stmt"/>
      <line num="416" count="101" type="stmt"/>
      <line num="417" count="103" type="cond" truecount="1" falsecount="1"/>
      <line num="418" count="103" type="stmt"/>
      <line num="422" count="101" type="stmt"/>
      <line num="423" count="101" type="stmt"/>
      <line num="426" count="101" type="stmt"/>
      <line num="427" count="10" type="stmt"/>
      <line num="428" count="10" type="cond" truecount="1" falsecount="1"/>
      <line num="429" count="10" type="stmt"/>
      <line num="433" count="101" type="cond" truecount="1" falsecount="1"/>
      <line num="434" count="101" type="stmt"/>
      <line num="436" count="101" type="stmt"/>
      <line num="446" count="174" type="cond" truecount="2" falsecount="0"/>
      <line num="447" count="174" type="stmt"/>
      <line num="451" count="1076" type="stmt"/>
      <line num="452" count="1076" type="stmt"/>
      <line num="453" count="11608" type="cond" truecount="2" falsecount="0"/>
      <line num="455" count="1076" type="stmt"/>
      <line num="460" count="174" type="stmt"/>
      <line num="461" count="174" type="stmt"/>
      <line num="463" count="174" type="stmt"/>
      <line num="465" count="174" type="stmt"/>
      <line num="466" count="758" type="cond" truecount="1" falsecount="0"/>
      <line num="468" count="466" type="stmt"/>
      <line num="469" count="466" type="cond" truecount="2" falsecount="0"/>
      <line num="470" count="327" type="stmt"/>
      <line num="472" count="139" type="cond" truecount="2" falsecount="0"/>
      <line num="473" count="105" type="stmt"/>
      <line num="474" count="105" type="stmt"/>
      <line num="476" count="34" type="cond" truecount="1" falsecount="1"/>
      <line num="477" count="34" type="stmt"/>
      <line num="478" count="34" type="stmt"/>
      <line num="479" count="34" type="stmt"/>
      <line num="481" count="0" type="stmt"/>
      <line num="487" count="174" type="cond" truecount="1" falsecount="0"/>
      <line num="488" count="140" type="stmt"/>
      <line num="491" count="174" type="stmt"/>
      <line num="494" count="174" type="stmt"/>
      <line num="495" count="174" type="stmt"/>
      <line num="496" count="174" type="stmt"/>
      <line num="499" count="174" type="stmt"/>
      <line num="500" count="201" type="cond" truecount="3" falsecount="1"/>
      <line num="501" count="174" type="stmt"/>
      <line num="502" count="174" type="stmt"/>
      <line num="503" count="174" type="stmt"/>
      <line num="505" count="174" type="stmt"/>
      <line num="510" count="26" type="cond" truecount="1" falsecount="0"/>
      <line num="512" count="25" type="stmt"/>
      <line num="513" count="25" type="stmt"/>
      <line num="516" count="25" type="stmt"/>
      <line num="517" count="25" type="stmt"/>
      <line num="518" count="174" type="cond" truecount="2" falsecount="0"/>
      <line num="519" count="174" type="stmt"/>
      <line num="523" count="25" type="stmt"/>
      <line num="524" count="25" type="cond" truecount="1" falsecount="0"/>
      <line num="525" count="25" type="stmt"/>
      <line num="526" count="25" type="stmt"/>
      <line num="534" count="25" type="stmt"/>
      <line num="536" count="25" type="cond" truecount="1" falsecount="0"/>
      <line num="537" count="25" type="stmt"/>
      <line num="538" count="25" type="stmt"/>
      <line num="546" count="25" type="stmt"/>
      <line num="547" count="25" type="stmt"/>
      <line num="548" count="174" type="cond" truecount="2" falsecount="0"/>
      <line num="549" count="174" type="cond" truecount="1" falsecount="0"/>
      <line num="550" count="149" type="cond" truecount="1" falsecount="0"/>
      <line num="551" count="149" type="stmt"/>
      <line num="556" count="32" type="stmt"/>
      <line num="558" count="25" type="stmt"/>
      <line num="559" count="54" type="stmt"/>
      <line num="560" count="54" type="stmt"/>
      <line num="563" count="54" type="stmt"/>
      <line num="564" count="54" type="stmt"/>
      <line num="565" count="149" type="cond" truecount="1" falsecount="1"/>
      <line num="566" count="149" type="cond" truecount="1" falsecount="0"/>
      <line num="567" count="149" type="stmt"/>
      <line num="577" count="54" type="stmt"/>
      <line num="579" count="54" type="stmt"/>
      <line num="580" count="327" type="stmt"/>
      <line num="581" count="79" type="cond" truecount="1" falsecount="1"/>
      <line num="584" count="79" type="stmt"/>
      <line num="585" count="79" type="stmt"/>
      <line num="586" count="149" type="cond" truecount="1" falsecount="1"/>
      <line num="587" count="149" type="stmt"/>
      <line num="588" count="149" type="cond" truecount="1" falsecount="0"/>
      <line num="589" count="70" type="stmt"/>
      <line num="593" count="79" type="stmt"/>
      <line num="595" count="79" type="stmt"/>
      <line num="605" count="54" type="stmt"/>
      <line num="608" count="54" type="stmt"/>
      <line num="609" count="79" type="stmt"/>
      <line num="612" count="79" type="stmt"/>
      <line num="613" count="79" type="stmt"/>
      <line num="614" count="331" type="stmt"/>
      <line num="617" count="331" type="stmt"/>
      <line num="618" count="331" type="stmt"/>
      <line num="619" count="411" type="cond" truecount="1" falsecount="1"/>
      <line num="620" count="411" type="stmt"/>
      <line num="621" count="411" type="stmt"/>
      <line num="624" count="411" type="stmt"/>
      <line num="625" count="2181" type="stmt"/>
      <line num="626" count="2181" type="cond" truecount="1" falsecount="0"/>
      <line num="628" count="252" type="stmt"/>
      <line num="629" count="252" type="stmt"/>
      <line num="630" count="252" type="stmt"/>
      <line num="634" count="411" type="cond" truecount="1" falsecount="0"/>
      <line num="635" count="159" type="stmt"/>
      <line num="640" count="79" type="stmt"/>
      <line num="641" count="79" type="stmt"/>
      <line num="642" count="149" type="cond" truecount="1" falsecount="1"/>
      <line num="644" count="149" type="stmt"/>
      <line num="645" count="149" type="stmt"/>
      <line num="648" count="149" type="stmt"/>
      <line num="654" count="149" type="stmt"/>
      <line num="659" count="25" type="stmt"/>
      <line num="664" count="28" type="cond" truecount="1" falsecount="0"/>
      <line num="665" count="2" type="stmt"/>
      <line num="668" count="26" type="stmt"/>
      <line num="671" count="26" type="stmt"/>
      <line num="672" count="26" type="stmt"/>
      <line num="673" count="26" type="stmt"/>
      <line num="675" count="97" type="stmt"/>
      <line num="676" count="97" type="stmt"/>
      <line num="677" count="97" type="stmt"/>
      <line num="678" count="97" type="stmt"/>
      <line num="680" count="26" type="stmt"/>
      <line num="681" count="26" type="stmt"/>
      <line num="683" count="26" type="stmt"/>
      <line num="686" count="26" type="stmt"/>
      <line num="722" count="26" type="stmt"/>
      <line num="723" count="235" type="stmt"/>
      <line num="724" count="345" type="stmt"/>
      <line num="726" count="77" type="cond" truecount="3" falsecount="0"/>
      <line num="728" count="77" type="stmt"/>
      <line num="729" count="77" type="stmt"/>
      <line num="730" count="77" type="stmt"/>
      <line num="732" count="77" type="cond" truecount="1" falsecount="0"/>
      <line num="733" count="56" type="stmt"/>
      <line num="734" count="56" type="stmt"/>
      <line num="737" count="56" type="stmt"/>
      <line num="738" count="56" type="stmt"/>
      <line num="739" count="56" type="stmt"/>
      <line num="740" count="56" type="stmt"/>
      <line num="742" count="56" type="stmt"/>
      <line num="744" count="56" type="cond" truecount="1" falsecount="0"/>
      <line num="745" count="10" type="stmt"/>
      <line num="746" count="10" type="stmt"/>
      <line num="747" count="10" type="stmt"/>
      <line num="748" count="10" type="stmt"/>
      <line num="749" count="10" type="stmt"/>
      <line num="756" count="26" type="stmt"/>
      <line num="757" count="97" type="stmt"/>
      <line num="758" count="97" type="stmt"/>
      <line num="761" count="97" type="stmt"/>
      <line num="762" count="97" type="stmt"/>
      <line num="763" count="97" type="stmt"/>
      <line num="765" count="97" type="cond" truecount="2" falsecount="0"/>
      <line num="766" count="3" type="stmt"/>
      <line num="767" count="94" type="cond" truecount="2" falsecount="0"/>
      <line num="768" count="9" type="stmt"/>
      <line num="771" count="85" type="cond" truecount="2" falsecount="0"/>
      <line num="772" count="85" type="stmt"/>
      <line num="776" count="97" type="stmt"/>
      <line num="777" count="97" type="stmt"/>
      <line num="778" count="97" type="stmt"/>
      <line num="783" count="249" type="stmt"/>
      <line num="784" count="249" type="stmt"/>
      <line num="785" count="2287" type="cond" truecount="2" falsecount="0"/>
      <line num="787" count="249" type="stmt"/>
      <line num="792" count="97" type="stmt"/>
      <line num="793" count="97" type="stmt"/>
      <line num="796" count="97" type="stmt"/>
      <line num="798" count="97" type="stmt"/>
      <line num="799" count="401" type="cond" truecount="1" falsecount="0"/>
      <line num="801" count="249" type="stmt"/>
      <line num="802" count="249" type="cond" truecount="2" falsecount="0"/>
      <line num="803" count="195" type="stmt"/>
      <line num="805" count="54" type="cond" truecount="1" falsecount="1"/>
      <line num="806" count="54" type="stmt"/>
      <line num="807" count="54" type="stmt"/>
      <line num="810" count="0" type="cond" truecount="0" falsecount="2"/>
      <line num="811" count="0" type="stmt"/>
      <line num="812" count="0" type="stmt"/>
      <line num="813" count="0" type="stmt"/>
      <line num="815" count="0" type="stmt"/>
      <line num="821" count="97" type="cond" truecount="1" falsecount="0"/>
      <line num="822" count="97" type="stmt"/>
      <line num="825" count="97" type="stmt"/>
      <line num="828" count="97" type="stmt"/>
      <line num="829" count="97" type="stmt"/>
      <line num="830" count="97" type="stmt"/>
      <line num="833" count="97" type="cond" truecount="1" falsecount="0"/>
      <line num="834" count="8" type="stmt"/>
      <line num="835" count="8" type="stmt"/>
      <line num="839" count="97" type="cond" truecount="2" falsecount="0"/>
      <line num="840" count="72" type="stmt"/>
      <line num="842" count="25" type="stmt"/>
      <line num="843" count="25" type="stmt"/>
      <line num="844" count="64" type="stmt"/>
      <line num="845" count="64" type="stmt"/>
      <line num="850" count="26" type="stmt"/>
      <line num="851" count="26" type="stmt"/>
      <line num="856" count="24" type="cond" truecount="1" falsecount="0"/>
      <line num="857" count="1" type="stmt"/>
      <line num="860" count="23" type="stmt"/>
      <line num="863" count="23" type="stmt"/>
      <line num="864" count="168" type="stmt"/>
      <line num="865" count="168" type="stmt"/>
      <line num="866" count="168" type="stmt"/>
      <line num="867" count="168" type="stmt"/>
      <line num="869" count="23" type="stmt"/>
      <line num="870" count="23" type="stmt"/>
      <line num="872" count="23" type="stmt"/>
      <line num="875" count="23" type="stmt"/>
      <line num="910" count="23" type="stmt"/>
      <line num="911" count="552" type="stmt"/>
      <line num="912" count="919" type="stmt"/>
      <line num="914" count="145" type="cond" truecount="3" falsecount="0"/>
      <line num="915" count="145" type="stmt"/>
      <line num="916" count="145" type="stmt"/>
      <line num="921" count="145" type="cond" truecount="1" falsecount="1"/>
      <line num="923" count="145" type="stmt"/>
      <line num="924" count="145" type="stmt"/>
      <line num="927" count="0" type="stmt"/>
      <line num="928" count="0" type="stmt"/>
      <line num="931" count="145" type="stmt"/>
      <line num="932" count="145" type="stmt"/>
      <line num="935" count="145" type="stmt"/>
      <line num="936" count="145" type="cond" truecount="1" falsecount="1"/>
      <line num="937" count="145" type="stmt"/>
      <line num="938" count="145" type="cond" truecount="1" falsecount="1"/>
      <line num="939" count="145" type="stmt"/>
      <line num="941" count="145" type="stmt"/>
      <line num="946" count="23" type="stmt"/>
      <line num="947" count="168" type="stmt"/>
      <line num="948" count="168" type="stmt"/>
      <line num="951" count="168" type="stmt"/>
      <line num="952" count="168" type="cond" truecount="2" falsecount="0"/>
      <line num="953" count="168" type="stmt"/>
      <line num="957" count="1048" type="stmt"/>
      <line num="958" count="1048" type="stmt"/>
      <line num="959" count="11460" type="cond" truecount="2" falsecount="0"/>
      <line num="961" count="1048" type="stmt"/>
      <line num="966" count="168" type="stmt"/>
      <line num="967" count="168" type="stmt"/>
      <line num="969" count="168" type="stmt"/>
      <line num="971" count="168" type="stmt"/>
      <line num="972" count="744" type="cond" truecount="1" falsecount="0"/>
      <line num="974" count="456" type="stmt"/>
      <line num="975" count="456" type="cond" truecount="2" falsecount="0"/>
      <line num="976" count="317" type="stmt"/>
      <line num="978" count="139" type="cond" truecount="2" falsecount="0"/>
      <line num="979" count="105" type="stmt"/>
      <line num="980" count="105" type="stmt"/>
      <line num="982" count="34" type="cond" truecount="1" falsecount="1"/>
      <line num="983" count="34" type="stmt"/>
      <line num="984" count="34" type="stmt"/>
      <line num="985" count="34" type="stmt"/>
      <line num="987" count="0" type="stmt"/>
      <line num="993" count="168" type="cond" truecount="1" falsecount="0"/>
      <line num="994" count="134" type="stmt"/>
      <line num="997" count="168" type="stmt"/>
      <line num="1000" count="168" type="stmt"/>
      <line num="1001" count="168" type="stmt"/>
      <line num="1002" count="168" type="stmt"/>
      <line num="1005" count="168" type="cond" truecount="1" falsecount="0"/>
      <line num="1006" count="24" type="stmt"/>
      <line num="1007" count="24" type="stmt"/>
      <line num="1011" count="168" type="stmt"/>
      <line num="1012" count="195" type="cond" truecount="3" falsecount="1"/>
      <line num="1013" count="168" type="stmt"/>
      <line num="1014" count="168" type="stmt"/>
      <line num="1015" count="168" type="stmt"/>
      <line num="1018" count="168" type="stmt"/>
      <line num="1019" count="168" type="cond" truecount="2" falsecount="0"/>
      <line num="1020" count="145" type="cond" truecount="0" falsecount="1"/>
      <line num="1023" count="168" type="stmt"/>
      <line num="1026" count="168" type="cond" truecount="2" falsecount="0"/>
      <line num="1027" count="141" type="stmt"/>
      <line num="1029" count="27" type="stmt"/>
      <line num="1030" count="27" type="stmt"/>
      <line num="1031" count="54" type="stmt"/>
      <line num="1032" count="54" type="stmt"/>
      <line num="1037" count="23" type="stmt"/>
      <line num="1038" count="23" type="stmt"/>
      <line num="1043" count="12" type="stmt"/>
      <line num="1044" count="12" type="stmt"/>
      <line num="1046" count="12" type="stmt"/>
      <line num="1047" count="25" type="stmt"/>
      <line num="1048" count="25" type="cond" truecount="1" falsecount="0"/>
      <line num="1049" count="25" type="stmt"/>
      <line num="1050" count="25" type="stmt"/>
      <line num="1051" count="25" type="stmt"/>
      <line num="1055" count="12" type="cond" truecount="1" falsecount="0"/>
      <line num="1056" count="1" type="stmt"/>
      <line num="1059" count="25" type="stmt"/>
      <line num="1060" count="11" type="stmt"/>
      <line num="1062" count="11" type="stmt"/>
      <line num="1063" count="11" type="stmt"/>
      <line num="1084" count="11" type="stmt"/>
      <line num="1085" count="11" type="stmt"/>
      <line num="1086" count="11" type="stmt"/>
      <line num="1087" count="11" type="stmt"/>
      <line num="1090" count="11" type="stmt"/>
      <line num="1091" count="25" type="stmt"/>
      <line num="1092" count="25" type="stmt"/>
      <line num="1094" count="25" type="stmt"/>
      <line num="1095" count="25" type="stmt"/>
      <line num="1096" count="25" type="stmt"/>
      <line num="1097" count="25" type="stmt"/>
      <line num="1099" count="25" type="cond" truecount="2" falsecount="0"/>
      <line num="1101" count="25" type="stmt"/>
      <line num="1108" count="25" type="stmt"/>
      <line num="1109" count="25" type="stmt"/>
      <line num="1111" count="25" type="stmt"/>
      <line num="1115" count="11" type="stmt"/>
      <line num="1116" count="11" type="stmt"/>
      <line num="1117" count="25" type="stmt"/>
      <line num="1118" count="25" type="stmt"/>
      <line num="1120" count="25" type="stmt"/>
      <line num="1121" count="25" type="stmt"/>
      <line num="1122" count="25" type="stmt"/>
      <line num="1123" count="25" type="stmt"/>
      <line num="1126" count="11" type="stmt"/>
      <line num="1127" count="11" type="stmt"/>
      <line num="1134" count="2" type="stmt"/>
      <line num="1142" count="64" type="cond" truecount="1" falsecount="1"/>
      <line num="1144" count="64" type="stmt"/>
      <line num="1154" count="2" type="stmt"/>
      <line num="1167" count="2" type="stmt"/>
      <line num="1168" count="73" type="stmt"/>
      <line num="1169" count="73" type="stmt"/>
      <line num="1171" count="73" type="cond" truecount="2" falsecount="0"/>
      <line num="1172" count="28" type="stmt"/>
      <line num="1173" count="28" type="stmt"/>
      <line num="1174" count="45" type="cond" truecount="2" falsecount="0"/>
      <line num="1175" count="24" type="stmt"/>
      <line num="1176" count="24" type="stmt"/>
      <line num="1177" count="21" type="cond" truecount="2" falsecount="0"/>
      <line num="1178" count="12" type="stmt"/>
      <line num="1179" count="12" type="stmt"/>
      <line num="1182" count="9" type="stmt"/>
      <line num="1185" count="0" type="stmt"/>
      <line num="1186" count="0" type="cond" truecount="0" falsecount="2"/>
      <line num="1192" count="9" type="stmt"/>
      <line num="1193" count="9" type="cond" truecount="2" falsecount="0"/>
      <line num="1195" count="9" type="stmt"/>
      <line num="1196" count="9" type="cond" truecount="3" falsecount="1"/>
      <line num="1197" count="0" type="stmt"/>
      <line num="1198" count="9" type="cond" truecount="2" falsecount="0"/>
      <line num="1199" count="1" type="stmt"/>
      <line num="1200" count="8" type="cond" truecount="2" falsecount="0"/>
      <line num="1201" count="1" type="stmt"/>
      <line num="1202" count="7" type="cond" truecount="2" falsecount="0"/>
      <line num="1203" count="1" type="stmt"/>
      <line num="1204" count="6" type="cond" truecount="2" falsecount="0"/>
      <line num="1205" count="1" type="stmt"/>
      <line num="1206" count="5" type="cond" truecount="1" falsecount="1"/>
      <line num="1207" count="0" type="stmt"/>
      <line num="1208" count="5" type="cond" truecount="0" falsecount="1"/>
      <line num="1209" count="0" type="stmt"/>
      <line num="1212" count="9" type="cond" truecount="1" falsecount="1"/>
      <line num="1216" count="9" type="stmt"/>
    </file>
  </project>
</coverage>
