{
  "D:\\workspace\\web-reader\\src\\utils\\chartRenderer.ts": {
    "path": "D:\\workspace\\web-reader\\src\\utils\\chartRenderer.ts",
    "statementMap": {
      "0": {
        "start": { "line": 1267, "column": 0 },
        "end": { "line": 1267, "column": 16 }
      },
      "1": {
        "start": { "line": 29, "column": 19 },
        "end": { "line": 29, "column": 42 }
      },
      "2": {
        "start": { "line": 30, "column": 16 },
        "end": { "line": 30, "column": 70 }
      },
      "3": {
        "start": { "line": 30, "column": 37 },
        "end": { "line": 30, "column": 48 }
      },
      "4": {
        "start": { "line": 30, "column": 65 },
        "end": { "line": 30, "column": 69 }
      },
      "5": {
        "start": { "line": 32, "column": 30 },
        "end": { "line": 36, "column": 4 }
      },
      "6": {
        "start": { "line": 39, "column": 2 },
        "end": { "line": 41, "column": 3 }
      },
      "7": {
        "start": { "line": 40, "column": 4 },
        "end": { "line": 40, "column": 18 }
      },
      "8": {
        "start": { "line": 43, "column": 20 },
        "end": { "line": 43, "column": 42 }
      },
      "9": {
        "start": { "line": 46, "column": 2 },
        "end": { "line": 57, "column": 3 }
      },
      "10": {
        "start": { "line": 47, "column": 4 },
        "end": { "line": 47, "column": 30 }
      },
      "11": {
        "start": { "line": 48, "column": 4 },
        "end": { "line": 48, "column": 42 }
      },
      "12": {
        "start": { "line": 49, "column": 9 },
        "end": { "line": 57, "column": 3 }
      },
      "13": {
        "start": { "line": 50, "column": 4 },
        "end": { "line": 50, "column": 24 }
      },
      "14": {
        "start": { "line": 51, "column": 4 },
        "end": { "line": 51, "column": 41 }
      },
      "15": {
        "start": { "line": 52, "column": 9 },
        "end": { "line": 57, "column": 3 }
      },
      "16": {
        "start": { "line": 53, "column": 4 },
        "end": { "line": 53, "column": 28 }
      },
      "17": {
        "start": { "line": 55, "column": 25 },
        "end": { "line": 55, "column": 70 }
      },
      "18": {
        "start": { "line": 55, "column": 58 },
        "end": { "line": 55, "column": 69 }
      },
      "19": {
        "start": { "line": 56, "column": 4 },
        "end": { "line": 56, "column": 38 }
      },
      "20": {
        "start": { "line": 59, "column": 2 },
        "end": { "line": 59, "column": 16 }
      },
      "21": {
        "start": { "line": 64, "column": 16 },
        "end": { "line": 64, "column": 39 }
      },
      "22": {
        "start": { "line": 65, "column": 24 },
        "end": { "line": 65, "column": 26 }
      },
      "23": {
        "start": { "line": 68, "column": 2 },
        "end": { "line": 87, "column": 5 }
      },
      "24": {
        "start": { "line": 69, "column": 20 },
        "end": { "line": 69, "column": 31 }
      },
      "25": {
        "start": { "line": 70, "column": 4 },
        "end": { "line": 70, "column": 25 }
      },
      "26": {
        "start": { "line": 70, "column": 18 },
        "end": { "line": 70, "column": 25 }
      },
      "27": {
        "start": { "line": 73, "column": 25 },
        "end": { "line": 73, "column": 87 }
      },
      "28": {
        "start": { "line": 76, "column": 4 },
        "end": { "line": 86, "column": 5 }
      },
      "29": {
        "start": { "line": 77, "column": 30 },
        "end": { "line": 77, "column": 39 }
      },
      "30": {
        "start": { "line": 78, "column": 21 },
        "end": { "line": 78, "column": 53 }
      },
      "31": {
        "start": { "line": 79, "column": 21 },
        "end": { "line": 79, "column": 36 }
      },
      "32": {
        "start": { "line": 80, "column": 19 },
        "end": { "line": 80, "column": 30 }
      },
      "33": {
        "start": { "line": 81, "column": 20 },
        "end": { "line": 81, "column": 32 }
      },
      "34": {
        "start": { "line": 83, "column": 6 },
        "end": { "line": 85, "column": 7 }
      },
      "35": {
        "start": { "line": 84, "column": 8 },
        "end": { "line": 84, "column": 67 }
      },
      "36": {
        "start": { "line": 90, "column": 2 },
        "end": { "line": 126, "column": 5 }
      },
      "37": {
        "start": { "line": 91, "column": 20 },
        "end": { "line": 91, "column": 31 }
      },
      "38": {
        "start": { "line": 92, "column": 4 },
        "end": { "line": 92, "column": 25 }
      },
      "39": {
        "start": { "line": 92, "column": 18 },
        "end": { "line": 92, "column": 25 }
      },
      "40": {
        "start": { "line": 95, "column": 23 },
        "end": { "line": 95, "column": 154 }
      },
      "41": {
        "start": { "line": 98, "column": 4 },
        "end": { "line": 125, "column": 5 }
      },
      "42": {
        "start": { "line": 99, "column": 114 },
        "end": { "line": 99, "column": 124 }
      },
      "43": {
        "start": { "line": 102, "column": 27 },
        "end": { "line": 102, "column": 143 }
      },
      "44": {
        "start": { "line": 103, "column": 25 },
        "end": { "line": 103, "column": 60 }
      },
      "45": {
        "start": { "line": 104, "column": 21 },
        "end": { "line": 104, "column": 48 }
      },
      "46": {
        "start": { "line": 107, "column": 25 },
        "end": { "line": 107, "column": 127 }
      },
      "47": {
        "start": { "line": 108, "column": 23 },
        "end": { "line": 108, "column": 56 }
      },
      "48": {
        "start": { "line": 109, "column": 19 },
        "end": { "line": 109, "column": 42 }
      },
      "49": {
        "start": { "line": 112, "column": 6 },
        "end": { "line": 114, "column": 7 }
      },
      "50": {
        "start": { "line": 113, "column": 8 },
        "end": { "line": 113, "column": 102 }
      },
      "51": {
        "start": { "line": 117, "column": 6 },
        "end": { "line": 119, "column": 7 }
      },
      "52": {
        "start": { "line": 118, "column": 8 },
        "end": { "line": 118, "column": 94 }
      },
      "53": {
        "start": { "line": 122, "column": 25 },
        "end": { "line": 122, "column": 51 }
      },
      "54": {
        "start": { "line": 123, "column": 6 },
        "end": { "line": 123, "column": 43 }
      },
      "55": {
        "start": { "line": 123, "column": 21 },
        "end": { "line": 123, "column": 43 }
      },
      "56": {
        "start": { "line": 124, "column": 6 },
        "end": { "line": 124, "column": 23 }
      },
      "57": {
        "start": { "line": 128, "column": 2 },
        "end": { "line": 132, "column": 4 }
      },
      "58": {
        "start": { "line": 140, "column": 20 },
        "end": { "line": 140, "column": 57 }
      },
      "59": {
        "start": { "line": 141, "column": 2 },
        "end": { "line": 149, "column": 3 }
      },
      "60": {
        "start": { "line": 142, "column": 19 },
        "end": { "line": 142, "column": 38 }
      },
      "61": {
        "start": { "line": 143, "column": 17 },
        "end": { "line": 143, "column": 29 }
      },
      "62": {
        "start": { "line": 144, "column": 4 },
        "end": { "line": 148, "column": 6 }
      },
      "63": {
        "start": { "line": 152, "column": 23 },
        "end": { "line": 152, "column": 59 }
      },
      "64": {
        "start": { "line": 153, "column": 2 },
        "end": { "line": 161, "column": 3 }
      },
      "65": {
        "start": { "line": 154, "column": 19 },
        "end": { "line": 154, "column": 41 }
      },
      "66": {
        "start": { "line": 155, "column": 17 },
        "end": { "line": 155, "column": 32 }
      },
      "67": {
        "start": { "line": 156, "column": 4 },
        "end": { "line": 160, "column": 6 }
      },
      "68": {
        "start": { "line": 164, "column": 22 },
        "end": { "line": 164, "column": 62 }
      },
      "69": {
        "start": { "line": 165, "column": 2 },
        "end": { "line": 173, "column": 3 }
      },
      "70": {
        "start": { "line": 166, "column": 19 },
        "end": { "line": 166, "column": 40 }
      },
      "71": {
        "start": { "line": 167, "column": 17 },
        "end": { "line": 167, "column": 31 }
      },
      "72": {
        "start": { "line": 168, "column": 4 },
        "end": { "line": 172, "column": 6 }
      },
      "73": {
        "start": { "line": 176, "column": 23 },
        "end": { "line": 176, "column": 59 }
      },
      "74": {
        "start": { "line": 177, "column": 2 },
        "end": { "line": 185, "column": 3 }
      },
      "75": {
        "start": { "line": 178, "column": 19 },
        "end": { "line": 178, "column": 41 }
      },
      "76": {
        "start": { "line": 179, "column": 17 },
        "end": { "line": 179, "column": 32 }
      },
      "77": {
        "start": { "line": 180, "column": 4 },
        "end": { "line": 184, "column": 6 }
      },
      "78": {
        "start": { "line": 188, "column": 2 },
        "end": { "line": 188, "column": 49 }
      },
      "79": {
        "start": { "line": 193, "column": 24 },
        "end": { "line": 193, "column": 26 }
      },
      "80": {
        "start": { "line": 194, "column": 24 },
        "end": { "line": 194, "column": 26 }
      },
      "81": {
        "start": { "line": 195, "column": 18 },
        "end": { "line": 195, "column": 41 }
      },
      "82": {
        "start": { "line": 198, "column": 20 },
        "end": { "line": 198, "column": 21 }
      },
      "83": {
        "start": { "line": 199, "column": 2 },
        "end": { "line": 213, "column": 3 }
      },
      "84": {
        "start": { "line": 200, "column": 21 },
        "end": { "line": 200, "column": 36 }
      },
      "85": {
        "start": { "line": 201, "column": 28 },
        "end": { "line": 201, "column": 70 }
      },
      "86": {
        "start": { "line": 202, "column": 27 },
        "end": { "line": 209, "column": 6 }
      },
      "87": {
        "start": { "line": 210, "column": 4 },
        "end": { "line": 210, "column": 25 }
      },
      "88": {
        "start": { "line": 211, "column": 4 },
        "end": { "line": 211, "column": 34 }
      },
      "89": {
        "start": { "line": 212, "column": 4 },
        "end": { "line": 212, "column": 64 }
      },
      "90": {
        "start": { "line": 216, "column": 20 },
        "end": { "line": 216, "column": 21 }
      },
      "91": {
        "start": { "line": 217, "column": 60 },
        "end": { "line": 217, "column": 86 }
      },
      "92": {
        "start": { "line": 219, "column": 2 },
        "end": { "line": 252, "column": 5 }
      },
      "93": {
        "start": { "line": 220, "column": 20 },
        "end": { "line": 220, "column": 31 }
      },
      "94": {
        "start": { "line": 221, "column": 4 },
        "end": { "line": 221, "column": 25 }
      },
      "95": {
        "start": { "line": 221, "column": 18 },
        "end": { "line": 221, "column": 25 }
      },
      "96": {
        "start": { "line": 223, "column": 24 },
        "end": { "line": 223, "column": 75 }
      },
      "97": {
        "start": { "line": 224, "column": 18 },
        "end": { "line": 224, "column": 45 }
      },
      "98": {
        "start": { "line": 226, "column": 19 },
        "end": { "line": 226, "column": 42 }
      },
      "99": {
        "start": { "line": 227, "column": 28 },
        "end": { "line": 227, "column": 69 }
      },
      "100": {
        "start": { "line": 228, "column": 23 },
        "end": { "line": 235, "column": 6 }
      },
      "101": {
        "start": { "line": 237, "column": 4 },
        "end": { "line": 237, "column": 21 }
      },
      "102": {
        "start": { "line": 238, "column": 4 },
        "end": { "line": 238, "column": 30 }
      },
      "103": {
        "start": { "line": 241, "column": 4 },
        "end": { "line": 243, "column": 5 }
      },
      "104": {
        "start": { "line": 242, "column": 6 },
        "end": { "line": 242, "column": 24 }
      },
      "105": {
        "start": { "line": 246, "column": 21 },
        "end": { "line": 246, "column": 93 }
      },
      "106": {
        "start": { "line": 247, "column": 4 },
        "end": { "line": 247, "column": 27 }
      },
      "107": {
        "start": { "line": 248, "column": 4 },
        "end": { "line": 248, "column": 47 }
      },
      "108": {
        "start": { "line": 251, "column": 4 },
        "end": { "line": 251, "column": 44 }
      },
      "109": {
        "start": { "line": 254, "column": 2 },
        "end": { "line": 258, "column": 4 }
      },
      "110": {
        "start": { "line": 263, "column": 24 },
        "end": { "line": 263, "column": 26 }
      },
      "111": {
        "start": { "line": 264, "column": 56 },
        "end": { "line": 264, "column": 58 }
      },
      "112": {
        "start": { "line": 266, "column": 2 },
        "end": { "line": 273, "column": 5 }
      },
      "113": {
        "start": { "line": 267, "column": 18 },
        "end": { "line": 267, "column": 63 }
      },
      "114": {
        "start": { "line": 268, "column": 4 },
        "end": { "line": 272, "column": 5 }
      },
      "115": {
        "start": { "line": 269, "column": 34 },
        "end": { "line": 269, "column": 39 }
      },
      "116": {
        "start": { "line": 270, "column": 20 },
        "end": { "line": 270, "column": 40 }
      },
      "117": {
        "start": { "line": 271, "column": 6 },
        "end": { "line": 271, "column": 34 }
      },
      "118": {
        "start": { "line": 275, "column": 2 },
        "end": { "line": 279, "column": 4 }
      },
      "119": {
        "start": { "line": 284, "column": 21 },
        "end": { "line": 284, "column": 23 }
      },
      "120": {
        "start": { "line": 289, "column": 18 },
        "end": { "line": 289, "column": 19 }
      },
      "121": {
        "start": { "line": 290, "column": 6 },
        "end": { "line": 292, "column": 7 }
      },
      "122": {
        "start": { "line": 291, "column": 8 },
        "end": { "line": 291, "column": 56 }
      },
      "123": {
        "start": { "line": 293, "column": 6 },
        "end": { "line": 293, "column": 19 }
      },
      "124": {
        "start": { "line": 296, "column": 27 },
        "end": { "line": 296, "column": 45 }
      },
      "125": {
        "start": { "line": 297, "column": 27 },
        "end": { "line": 297, "column": 29 }
      },
      "126": {
        "start": { "line": 300, "column": 4 },
        "end": { "line": 304, "column": 5 }
      },
      "127": {
        "start": { "line": 301, "column": 6 },
        "end": { "line": 301, "column": 60 }
      },
      "128": {
        "start": { "line": 302, "column": 11 },
        "end": { "line": 304, "column": 5 }
      },
      "129": {
        "start": { "line": 303, "column": 6 },
        "end": { "line": 303, "column": 62 }
      },
      "130": {
        "start": { "line": 306, "column": 4 },
        "end": { "line": 306, "column": 40 }
      },
      "131": {
        "start": { "line": 309, "column": 26 },
        "end": { "line": 309, "column": 56 }
      },
      "132": {
        "start": { "line": 313, "column": 16 },
        "end": { "line": 313, "column": 17 }
      },
      "133": {
        "start": { "line": 314, "column": 4 },
        "end": { "line": 316, "column": 5 }
      },
      "134": {
        "start": { "line": 315, "column": 6 },
        "end": { "line": 315, "column": 54 }
      },
      "135": {
        "start": { "line": 317, "column": 4 },
        "end": { "line": 317, "column": 17 }
      },
      "136": {
        "start": { "line": 322, "column": 28 },
        "end": { "line": 322, "column": 30 }
      },
      "137": {
        "start": { "line": 323, "column": 22 },
        "end": { "line": 323, "column": 24 }
      },
      "138": {
        "start": { "line": 325, "column": 18 },
        "end": { "line": 325, "column": 78 }
      },
      "139": {
        "start": { "line": 327, "column": 4 },
        "end": { "line": 347, "column": 5 }
      },
      "140": {
        "start": { "line": 328, "column": 6 },
        "end": { "line": 328, "column": 33 }
      },
      "141": {
        "start": { "line": 328, "column": 24 },
        "end": { "line": 328, "column": 33 }
      },
      "142": {
        "start": { "line": 330, "column": 23 },
        "end": { "line": 330, "column": 41 }
      },
      "143": {
        "start": { "line": 331, "column": 6 },
        "end": { "line": 346, "column": 7 }
      },
      "144": {
        "start": { "line": 332, "column": 8 },
        "end": { "line": 332, "column": 31 }
      },
      "145": {
        "start": { "line": 334, "column": 8 },
        "end": { "line": 345, "column": 9 }
      },
      "146": {
        "start": { "line": 335, "column": 10 },
        "end": { "line": 335, "column": 41 }
      },
      "147": {
        "start": { "line": 336, "column": 10 },
        "end": { "line": 336, "column": 29 }
      },
      "148": {
        "start": { "line": 338, "column": 10 },
        "end": { "line": 344, "column": 11 }
      },
      "149": {
        "start": { "line": 339, "column": 30 },
        "end": { "line": 339, "column": 79 }
      },
      "150": {
        "start": { "line": 340, "column": 12 },
        "end": { "line": 340, "column": 34 }
      },
      "151": {
        "start": { "line": 341, "column": 12 },
        "end": { "line": 341, "column": 29 }
      },
      "152": {
        "start": { "line": 343, "column": 12 },
        "end": { "line": 343, "column": 31 }
      },
      "153": {
        "start": { "line": 349, "column": 4 },
        "end": { "line": 351, "column": 5 }
      },
      "154": {
        "start": { "line": 350, "column": 6 },
        "end": { "line": 350, "column": 37 }
      },
      "155": {
        "start": { "line": 353, "column": 4 },
        "end": { "line": 353, "column": 17 }
      },
      "156": {
        "start": { "line": 356, "column": 23 },
        "end": { "line": 356, "column": 54 }
      },
      "157": {
        "start": { "line": 357, "column": 23 },
        "end": { "line": 357, "column": 35 }
      },
      "158": {
        "start": { "line": 360, "column": 22 },
        "end": { "line": 361, "column": 79 }
      },
      "159": {
        "start": { "line": 361, "column": 4 },
        "end": { "line": 361, "column": 55 }
      },
      "160": {
        "start": { "line": 362, "column": 20 },
        "end": { "line": 362, "column": 64 }
      },
      "161": {
        "start": { "line": 363, "column": 16 },
        "end": { "line": 363, "column": 30 }
      },
      "162": {
        "start": { "line": 364, "column": 17 },
        "end": { "line": 364, "column": 68 }
      },
      "163": {
        "start": { "line": 366, "column": 2 },
        "end": { "line": 366, "column": 27 }
      },
      "164": {
        "start": { "line": 371, "column": 2 },
        "end": { "line": 371, "column": 39 }
      },
      "165": {
        "start": { "line": 371, "column": 26 },
        "end": { "line": 371, "column": 39 }
      },
      "166": {
        "start": { "line": 374, "column": 25 },
        "end": { "line": 374, "column": 77 }
      },
      "167": {
        "start": { "line": 375, "column": 2 },
        "end": { "line": 378, "column": 5 }
      },
      "168": {
        "start": { "line": 376, "column": 23 },
        "end": { "line": 376, "column": 66 }
      },
      "169": {
        "start": { "line": 377, "column": 4 },
        "end": { "line": 377, "column": 44 }
      },
      "170": {
        "start": { "line": 381, "column": 17 },
        "end": { "line": 381, "column": 42 }
      },
      "171": {
        "start": { "line": 382, "column": 18 },
        "end": { "line": 382, "column": 35 }
      },
      "172": {
        "start": { "line": 385, "column": 22 },
        "end": { "line": 385, "column": 51 }
      },
      "173": {
        "start": { "line": 385, "column": 45 },
        "end": { "line": 385, "column": 49 }
      },
      "174": {
        "start": { "line": 386, "column": 16 },
        "end": { "line": 386, "column": 57 }
      },
      "175": {
        "start": { "line": 386, "column": 34 },
        "end": { "line": 386, "column": 56 }
      },
      "176": {
        "start": { "line": 389, "column": 16 },
        "end": { "line": 389, "column": 56 }
      },
      "177": {
        "start": { "line": 389, "column": 32 },
        "end": { "line": 389, "column": 54 }
      },
      "178": {
        "start": { "line": 390, "column": 2 },
        "end": { "line": 390, "column": 42 }
      },
      "179": {
        "start": { "line": 390, "column": 21 },
        "end": { "line": 390, "column": 40 }
      },
      "180": {
        "start": { "line": 392, "column": 2 },
        "end": { "line": 404, "column": 3 }
      },
      "181": {
        "start": { "line": 393, "column": 26 },
        "end": { "line": 393, "column": 40 }
      },
      "182": {
        "start": { "line": 394, "column": 4 },
        "end": { "line": 394, "column": 34 }
      },
      "183": {
        "start": { "line": 394, "column": 25 },
        "end": { "line": 394, "column": 34 }
      },
      "184": {
        "start": { "line": 395, "column": 4 },
        "end": { "line": 395, "column": 20 }
      },
      "185": {
        "start": { "line": 397, "column": 21 },
        "end": { "line": 397, "column": 53 }
      },
      "186": {
        "start": { "line": 397, "column": 39 },
        "end": { "line": 397, "column": 52 }
      },
      "187": {
        "start": { "line": 398, "column": 4 },
        "end": { "line": 403, "column": 7 }
      },
      "188": {
        "start": { "line": 399, "column": 6 },
        "end": { "line": 402, "column": 7 }
      },
      "189": {
        "start": { "line": 400, "column": 8 },
        "end": { "line": 400, "column": 39 }
      },
      "190": {
        "start": { "line": 401, "column": 8 },
        "end": { "line": 401, "column": 54 }
      },
      "191": {
        "start": { "line": 407, "column": 22 },
        "end": { "line": 407, "column": 49 }
      },
      "192": {
        "start": { "line": 408, "column": 2 },
        "end": { "line": 411, "column": 5 }
      },
      "193": {
        "start": { "line": 409, "column": 4 },
        "end": { "line": 409, "column": 60 }
      },
      "194": {
        "start": { "line": 409, "column": 33 },
        "end": { "line": 409, "column": 60 }
      },
      "195": {
        "start": { "line": 410, "column": 4 },
        "end": { "line": 410, "column": 41 }
      },
      "196": {
        "start": { "line": 413, "column": 25 },
        "end": { "line": 413, "column": 27 }
      },
      "197": {
        "start": { "line": 414, "column": 21 },
        "end": { "line": 414, "column": 23 }
      },
      "198": {
        "start": { "line": 417, "column": 23 },
        "end": { "line": 417, "column": 48 }
      },
      "199": {
        "start": { "line": 418, "column": 2 },
        "end": { "line": 421, "column": 5 }
      },
      "200": {
        "start": { "line": 419, "column": 22 },
        "end": { "line": 419, "column": 98 }
      },
      "201": {
        "start": { "line": 419, "column": 52 },
        "end": { "line": 419, "column": 96 }
      },
      "202": {
        "start": { "line": 420, "column": 4 },
        "end": { "line": 420, "column": 39 }
      },
      "203": {
        "start": { "line": 423, "column": 6 },
        "end": { "line": 467, "column": 5 }
      },
      "204": {
        "start": { "line": 424, "column": 18 },
        "end": { "line": 424, "column": 42 }
      },
      "205": {
        "start": { "line": 425, "column": 25 },
        "end": { "line": 425, "column": 60 }
      },
      "206": {
        "start": { "line": 426, "column": 25 },
        "end": { "line": 426, "column": 54 }
      },
      "207": {
        "start": { "line": 429, "column": 23 },
        "end": { "line": 429, "column": 42 }
      },
      "208": {
        "start": { "line": 430, "column": 21 },
        "end": { "line": 430, "column": 22 }
      },
      "209": {
        "start": { "line": 431, "column": 4 },
        "end": { "line": 438, "column": 5 }
      },
      "210": {
        "start": { "line": 431, "column": 17 },
        "end": { "line": 431, "column": 18 }
      },
      "211": {
        "start": { "line": 432, "column": 21 },
        "end": { "line": 432, "column": 36 }
      },
      "212": {
        "start": { "line": 433, "column": 24 },
        "end": { "line": 433, "column": 64 }
      },
      "213": {
        "start": { "line": 434, "column": 6 },
        "end": { "line": 434, "column": 30 }
      },
      "214": {
        "start": { "line": 435, "column": 6 },
        "end": { "line": 437, "column": 7 }
      },
      "215": {
        "start": { "line": 436, "column": 8 },
        "end": { "line": 436, "column": 37 }
      },
      "216": {
        "start": { "line": 441, "column": 12 },
        "end": { "line": 441, "column": 14 }
      },
      "217": {
        "start": { "line": 442, "column": 4 },
        "end": { "line": 445, "column": 5 }
      },
      "218": {
        "start": { "line": 442, "column": 17 },
        "end": { "line": 442, "column": 18 }
      },
      "219": {
        "start": { "line": 443, "column": 26 },
        "end": { "line": 443, "column": 59 }
      },
      "220": {
        "start": { "line": 444, "column": 6 },
        "end": { "line": 444, "column": 28 }
      },
      "221": {
        "start": { "line": 448, "column": 19 },
        "end": { "line": 448, "column": 34 }
      },
      "222": {
        "start": { "line": 449, "column": 19 },
        "end": { "line": 449, "column": 25 }
      },
      "223": {
        "start": { "line": 452, "column": 4 },
        "end": { "line": 456, "column": 5 }
      },
      "224": {
        "start": { "line": 452, "column": 17 },
        "end": { "line": 452, "column": 18 }
      },
      "225": {
        "start": { "line": 453, "column": 21 },
        "end": { "line": 453, "column": 36 }
      },
      "226": {
        "start": { "line": 454, "column": 24 },
        "end": { "line": 454, "column": 64 }
      },
      "227": {
        "start": { "line": 455, "column": 6 },
        "end": { "line": 455, "column": 45 }
      },
      "228": {
        "start": { "line": 459, "column": 22 },
        "end": { "line": 459, "column": 63 }
      },
      "229": {
        "start": { "line": 460, "column": 14 },
        "end": { "line": 460, "column": 38 }
      },
      "230": {
        "start": { "line": 462, "column": 4 },
        "end": { "line": 466, "column": 6 }
      },
      "231": {
        "start": { "line": 472, "column": 21 },
        "end": { "line": 472, "column": 23 }
      },
      "232": {
        "start": { "line": 476, "column": 16 },
        "end": { "line": 476, "column": 17 }
      },
      "233": {
        "start": { "line": 477, "column": 4 },
        "end": { "line": 479, "column": 5 }
      },
      "234": {
        "start": { "line": 478, "column": 6 },
        "end": { "line": 478, "column": 54 }
      },
      "235": {
        "start": { "line": 480, "column": 4 },
        "end": { "line": 480, "column": 17 }
      },
      "236": {
        "start": { "line": 485, "column": 27 },
        "end": { "line": 485, "column": 45 }
      },
      "237": {
        "start": { "line": 488, "column": 27 },
        "end": { "line": 488, "column": 48 }
      },
      "238": {
        "start": { "line": 491, "column": 4 },
        "end": { "line": 497, "column": 5 }
      },
      "239": {
        "start": { "line": 493, "column": 6 },
        "end": { "line": 493, "column": 60 }
      },
      "240": {
        "start": { "line": 494, "column": 11 },
        "end": { "line": 497, "column": 5 }
      },
      "241": {
        "start": { "line": 496, "column": 6 },
        "end": { "line": 496, "column": 62 }
      },
      "242": {
        "start": { "line": 499, "column": 26 },
        "end": { "line": 499, "column": 70 }
      },
      "243": {
        "start": { "line": 500, "column": 4 },
        "end": { "line": 500, "column": 76 }
      },
      "244": {
        "start": { "line": 503, "column": 30 },
        "end": { "line": 503, "column": 56 }
      },
      "245": {
        "start": { "line": 507, "column": 28 },
        "end": { "line": 507, "column": 30 }
      },
      "246": {
        "start": { "line": 508, "column": 22 },
        "end": { "line": 508, "column": 24 }
      },
      "247": {
        "start": { "line": 510, "column": 18 },
        "end": { "line": 510, "column": 78 }
      },
      "248": {
        "start": { "line": 512, "column": 4 },
        "end": { "line": 549, "column": 5 }
      },
      "249": {
        "start": { "line": 513, "column": 6 },
        "end": { "line": 513, "column": 33 }
      },
      "250": {
        "start": { "line": 513, "column": 24 },
        "end": { "line": 513, "column": 33 }
      },
      "251": {
        "start": { "line": 515, "column": 23 },
        "end": { "line": 515, "column": 41 }
      },
      "252": {
        "start": { "line": 516, "column": 6 },
        "end": { "line": 548, "column": 7 }
      },
      "253": {
        "start": { "line": 517, "column": 8 },
        "end": { "line": 517, "column": 31 }
      },
      "254": {
        "start": { "line": 519, "column": 8 },
        "end": { "line": 547, "column": 9 }
      },
      "255": {
        "start": { "line": 520, "column": 10 },
        "end": { "line": 520, "column": 41 }
      },
      "256": {
        "start": { "line": 521, "column": 10 },
        "end": { "line": 521, "column": 29 }
      },
      "257": {
        "start": { "line": 523, "column": 10 },
        "end": { "line": 546, "column": 11 }
      },
      "258": {
        "start": { "line": 525, "column": 26 },
        "end": { "line": 525, "column": 40 }
      },
      "259": {
        "start": { "line": 526, "column": 30 },
        "end": { "line": 526, "column": 32 }
      },
      "260": {
        "start": { "line": 527, "column": 12 },
        "end": { "line": 540, "column": 13 }
      },
      "261": {
        "start": { "line": 528, "column": 14 },
        "end": { "line": 539, "column": 15 }
      },
      "262": {
        "start": { "line": 529, "column": 16 },
        "end": { "line": 529, "column": 36 }
      },
      "263": {
        "start": { "line": 531, "column": 16 },
        "end": { "line": 538, "column": 17 }
      },
      "264": {
        "start": { "line": 532, "column": 18 },
        "end": { "line": 532, "column": 42 }
      },
      "265": {
        "start": { "line": 533, "column": 18 },
        "end": { "line": 533, "column": 37 }
      },
      "266": {
        "start": { "line": 536, "column": 18 },
        "end": { "line": 536, "column": 35 }
      },
      "267": {
        "start": { "line": 537, "column": 18 },
        "end": { "line": 537, "column": 35 }
      },
      "268": {
        "start": { "line": 541, "column": 12 },
        "end": { "line": 543, "column": 13 }
      },
      "269": {
        "start": { "line": 542, "column": 14 },
        "end": { "line": 542, "column": 40 }
      },
      "270": {
        "start": { "line": 545, "column": 12 },
        "end": { "line": 545, "column": 31 }
      },
      "271": {
        "start": { "line": 551, "column": 4 },
        "end": { "line": 553, "column": 5 }
      },
      "272": {
        "start": { "line": 552, "column": 6 },
        "end": { "line": 552, "column": 37 }
      },
      "273": {
        "start": { "line": 555, "column": 4 },
        "end": { "line": 555, "column": 17 }
      },
      "274": {
        "start": { "line": 558, "column": 23 },
        "end": { "line": 558, "column": 54 }
      },
      "275": {
        "start": { "line": 559, "column": 23 },
        "end": { "line": 559, "column": 35 }
      },
      "276": {
        "start": { "line": 562, "column": 22 },
        "end": { "line": 563, "column": 79 }
      },
      "277": {
        "start": { "line": 563, "column": 4 },
        "end": { "line": 563, "column": 55 }
      },
      "278": {
        "start": { "line": 564, "column": 20 },
        "end": { "line": 564, "column": 63 }
      },
      "279": {
        "start": { "line": 565, "column": 16 },
        "end": { "line": 565, "column": 30 }
      },
      "280": {
        "start": { "line": 566, "column": 17 },
        "end": { "line": 566, "column": 68 }
      },
      "281": {
        "start": { "line": 568, "column": 2 },
        "end": { "line": 568, "column": 27 }
      },
      "282": {
        "start": { "line": 573, "column": 2 },
        "end": { "line": 573, "column": 39 }
      },
      "283": {
        "start": { "line": 573, "column": 26 },
        "end": { "line": 573, "column": 39 }
      },
      "284": {
        "start": { "line": 575, "column": 21 },
        "end": { "line": 575, "column": 24 }
      },
      "285": {
        "start": { "line": 576, "column": 29 },
        "end": { "line": 576, "column": 31 }
      },
      "286": {
        "start": { "line": 579, "column": 25 },
        "end": { "line": 579, "column": 77 }
      },
      "287": {
        "start": { "line": 580, "column": 2 },
        "end": { "line": 583, "column": 5 }
      },
      "288": {
        "start": { "line": 581, "column": 23 },
        "end": { "line": 581, "column": 74 }
      },
      "289": {
        "start": { "line": 582, "column": 4 },
        "end": { "line": 582, "column": 44 }
      },
      "290": {
        "start": { "line": 586, "column": 19 },
        "end": { "line": 586, "column": 51 }
      },
      "291": {
        "start": { "line": 586, "column": 35 },
        "end": { "line": 586, "column": 50 }
      },
      "292": {
        "start": { "line": 587, "column": 2 },
        "end": { "line": 590, "column": 3 }
      },
      "293": {
        "start": { "line": 588, "column": 4 },
        "end": { "line": 588, "column": 19 }
      },
      "294": {
        "start": { "line": 589, "column": 4 },
        "end": { "line": 589, "column": 19 }
      },
      "295": {
        "start": { "line": 593, "column": 22 },
        "end": { "line": 593, "column": 47 }
      },
      "296": {
        "start": { "line": 594, "column": 2 },
        "end": { "line": 600, "column": 5 }
      },
      "297": {
        "start": { "line": 595, "column": 18 },
        "end": { "line": 595, "column": 33 }
      },
      "298": {
        "start": { "line": 596, "column": 4 },
        "end": { "line": 599, "column": 5 }
      },
      "299": {
        "start": { "line": 597, "column": 6 },
        "end": { "line": 597, "column": 62 }
      },
      "300": {
        "start": { "line": 597, "column": 35 },
        "end": { "line": 597, "column": 62 }
      },
      "301": {
        "start": { "line": 598, "column": 6 },
        "end": { "line": 598, "column": 41 }
      },
      "302": {
        "start": { "line": 603, "column": 23 },
        "end": { "line": 603, "column": 75 }
      },
      "303": {
        "start": { "line": 603, "column": 69 },
        "end": { "line": 603, "column": 74 }
      },
      "304": {
        "start": { "line": 605, "column": 2 },
        "end": { "line": 727, "column": 5 }
      },
      "305": {
        "start": { "line": 606, "column": 23 },
        "end": { "line": 606, "column": 46 }
      },
      "306": {
        "start": { "line": 607, "column": 14 },
        "end": { "line": 607, "column": 32 }
      },
      "307": {
        "start": { "line": 610, "column": 26 },
        "end": { "line": 610, "column": 51 }
      },
      "308": {
        "start": { "line": 611, "column": 4 },
        "end": { "line": 615, "column": 7 }
      },
      "309": {
        "start": { "line": 612, "column": 23 },
        "end": { "line": 612, "column": 44 }
      },
      "310": {
        "start": { "line": 613, "column": 6 },
        "end": { "line": 613, "column": 72 }
      },
      "311": {
        "start": { "line": 613, "column": 40 },
        "end": { "line": 613, "column": 72 }
      },
      "312": {
        "start": { "line": 614, "column": 6 },
        "end": { "line": 614, "column": 46 }
      },
      "313": {
        "start": { "line": 624, "column": 9 },
        "end": { "line": 624, "column": 11 }
      },
      "314": {
        "start": { "line": 626, "column": 4 },
        "end": { "line": 650, "column": 7 }
      },
      "315": {
        "start": { "line": 627, "column": 25 },
        "end": { "line": 627, "column": 59 }
      },
      "316": {
        "start": { "line": 627, "column": 41 },
        "end": { "line": 627, "column": 58 }
      },
      "317": {
        "start": { "line": 628, "column": 22 },
        "end": { "line": 628, "column": 51 }
      },
      "318": {
        "start": { "line": 631, "column": 24 },
        "end": { "line": 631, "column": 25 }
      },
      "319": {
        "start": { "line": 632, "column": 6 },
        "end": { "line": 638, "column": 7 }
      },
      "320": {
        "start": { "line": 632, "column": 19 },
        "end": { "line": 632, "column": 20 }
      },
      "321": {
        "start": { "line": 633, "column": 27 },
        "end": { "line": 633, "column": 75 }
      },
      "322": {
        "start": { "line": 634, "column": 8 },
        "end": { "line": 634, "column": 34 }
      },
      "323": {
        "start": { "line": 635, "column": 8 },
        "end": { "line": 637, "column": 9 }
      },
      "324": {
        "start": { "line": 636, "column": 10 },
        "end": { "line": 636, "column": 44 }
      },
      "325": {
        "start": { "line": 641, "column": 31 },
        "end": { "line": 641, "column": 38 }
      },
      "326": {
        "start": { "line": 643, "column": 6 },
        "end": { "line": 649, "column": 9 }
      },
      "327": {
        "start": { "line": 653, "column": 4 },
        "end": { "line": 653, "column": 74 }
      },
      "328": {
        "start": { "line": 653, "column": 33 },
        "end": { "line": 653, "column": 72 }
      },
      "329": {
        "start": { "line": 659, "column": 9 },
        "end": { "line": 659, "column": 11 }
      },
      "330": {
        "start": { "line": 666, "column": 9 },
        "end": { "line": 666, "column": 11 }
      },
      "331": {
        "start": { "line": 668, "column": 4 },
        "end": { "line": 697, "column": 7 }
      },
      "332": {
        "start": { "line": 670, "column": 28 },
        "end": { "line": 670, "column": 74 }
      },
      "333": {
        "start": { "line": 671, "column": 25 },
        "end": { "line": 671, "column": 40 }
      },
      "334": {
        "start": { "line": 674, "column": 24 },
        "end": { "line": 674, "column": 28 }
      },
      "335": {
        "start": { "line": 675, "column": 21 },
        "end": { "line": 675, "column": 22 }
      },
      "336": {
        "start": { "line": 676, "column": 6 },
        "end": { "line": 690, "column": 7 }
      },
      "337": {
        "start": { "line": 677, "column": 8 },
        "end": { "line": 677, "column": 28 }
      },
      "338": {
        "start": { "line": 678, "column": 25 },
        "end": { "line": 678, "column": 57 }
      },
      "339": {
        "start": { "line": 680, "column": 8 },
        "end": { "line": 688, "column": 9 }
      },
      "340": {
        "start": { "line": 681, "column": 26 },
        "end": { "line": 681, "column": 118 }
      },
      "341": {
        "start": { "line": 682, "column": 10 },
        "end": { "line": 687, "column": 11 }
      },
      "342": {
        "start": { "line": 684, "column": 12 },
        "end": { "line": 684, "column": 64 }
      },
      "343": {
        "start": { "line": 685, "column": 12 },
        "end": { "line": 685, "column": 31 }
      },
      "344": {
        "start": { "line": 686, "column": 12 },
        "end": { "line": 686, "column": 18 }
      },
      "345": {
        "start": { "line": 689, "column": 8 },
        "end": { "line": 689, "column": 19 }
      },
      "346": {
        "start": { "line": 692, "column": 6 },
        "end": { "line": 696, "column": 9 }
      },
      "347": {
        "start": { "line": 700, "column": 4 },
        "end": { "line": 726, "column": 5 }
      },
      "348": {
        "start": { "line": 701, "column": 19 },
        "end": { "line": 701, "column": 67 }
      },
      "349": {
        "start": { "line": 701, "column": 57 },
        "end": { "line": 701, "column": 65 }
      },
      "350": {
        "start": { "line": 702, "column": 19 },
        "end": { "line": 702, "column": 65 }
      },
      "351": {
        "start": { "line": 702, "column": 57 },
        "end": { "line": 702, "column": 63 }
      },
      "352": {
        "start": { "line": 703, "column": 27 },
        "end": { "line": 703, "column": 45 }
      },
      "353": {
        "start": { "line": 706, "column": 6 },
        "end": { "line": 725, "column": 9 }
      },
      "354": {
        "start": { "line": 707, "column": 31 },
        "end": { "line": 707, "column": 52 }
      },
      "355": {
        "start": { "line": 710, "column": 28 },
        "end": { "line": 710, "column": 42 }
      },
      "356": {
        "start": { "line": 711, "column": 8 },
        "end": { "line": 718, "column": 11 }
      },
      "357": {
        "start": { "line": 712, "column": 32 },
        "end": { "line": 712, "column": 76 }
      },
      "358": {
        "start": { "line": 714, "column": 10 },
        "end": { "line": 714, "column": 24 }
      },
      "359": {
        "start": { "line": 715, "column": 10 },
        "end": { "line": 715, "column": 56 }
      },
      "360": {
        "start": { "line": 717, "column": 10 },
        "end": { "line": 717, "column": 62 }
      },
      "361": {
        "start": { "line": 721, "column": 8 },
        "end": { "line": 724, "column": 11 }
      },
      "362": {
        "start": { "line": 729, "column": 2 },
        "end": { "line": 729, "column": 15 }
      },
      "363": {
        "start": { "line": 734, "column": 2 },
        "end": { "line": 736, "column": 3 }
      },
      "364": {
        "start": { "line": 735, "column": 4 },
        "end": { "line": 735, "column": 148 }
      },
      "365": {
        "start": { "line": 738, "column": 26 },
        "end": { "line": 738, "column": 70 }
      },
      "366": {
        "start": { "line": 741, "column": 20 },
        "end": { "line": 741, "column": 23 }
      },
      "367": {
        "start": { "line": 742, "column": 21 },
        "end": { "line": 742, "column": 23 }
      },
      "368": {
        "start": { "line": 743, "column": 18 },
        "end": { "line": 743, "column": 20 }
      },
      "369": {
        "start": { "line": 745, "column": 15 },
        "end": { "line": 745, "column": 83 }
      },
      "370": {
        "start": { "line": 745, "column": 52 },
        "end": { "line": 745, "column": 55 }
      },
      "371": {
        "start": { "line": 746, "column": 15 },
        "end": { "line": 746, "column": 83 }
      },
      "372": {
        "start": { "line": 746, "column": 52 },
        "end": { "line": 746, "column": 55 }
      },
      "373": {
        "start": { "line": 747, "column": 15 },
        "end": { "line": 747, "column": 84 }
      },
      "374": {
        "start": { "line": 747, "column": 52 },
        "end": { "line": 747, "column": 55 }
      },
      "375": {
        "start": { "line": 748, "column": 15 },
        "end": { "line": 748, "column": 84 }
      },
      "376": {
        "start": { "line": 748, "column": 52 },
        "end": { "line": 748, "column": 55 }
      },
      "377": {
        "start": { "line": 750, "column": 16 },
        "end": { "line": 750, "column": 27 }
      },
      "378": {
        "start": { "line": 751, "column": 17 },
        "end": { "line": 751, "column": 28 }
      },
      "379": {
        "start": { "line": 753, "column": 12 },
        "end": { "line": 753, "column": 118 }
      },
      "380": {
        "start": { "line": 756, "column": 2 },
        "end": { "line": 789, "column": 11 }
      },
      "381": {
        "start": { "line": 792, "column": 2 },
        "end": { "line": 823, "column": 5 }
      },
      "382": {
        "start": { "line": 793, "column": 21 },
        "end": { "line": 793, "column": 66 }
      },
      "383": {
        "start": { "line": 793, "column": 47 },
        "end": { "line": 793, "column": 65 }
      },
      "384": {
        "start": { "line": 794, "column": 19 },
        "end": { "line": 794, "column": 62 }
      },
      "385": {
        "start": { "line": 794, "column": 45 },
        "end": { "line": 794, "column": 61 }
      },
      "386": {
        "start": { "line": 796, "column": 4 },
        "end": { "line": 822, "column": 5 }
      },
      "387": {
        "start": { "line": 798, "column": 17 },
        "end": { "line": 798, "column": 38 }
      },
      "388": {
        "start": { "line": 799, "column": 17 },
        "end": { "line": 799, "column": 38 }
      },
      "389": {
        "start": { "line": 800, "column": 21 },
        "end": { "line": 800, "column": 49 }
      },
      "390": {
        "start": { "line": 802, "column": 6 },
        "end": { "line": 821, "column": 7 }
      },
      "391": {
        "start": { "line": 803, "column": 22 },
        "end": { "line": 803, "column": 33 }
      },
      "392": {
        "start": { "line": 804, "column": 22 },
        "end": { "line": 804, "column": 33 }
      },
      "393": {
        "start": { "line": 807, "column": 22 },
        "end": { "line": 807, "column": 58 }
      },
      "394": {
        "start": { "line": 808, "column": 22 },
        "end": { "line": 808, "column": 59 }
      },
      "395": {
        "start": { "line": 809, "column": 20 },
        "end": { "line": 809, "column": 54 }
      },
      "396": {
        "start": { "line": 810, "column": 20 },
        "end": { "line": 810, "column": 55 }
      },
      "397": {
        "start": { "line": 812, "column": 8 },
        "end": { "line": 812, "column": 97 }
      },
      "398": {
        "start": { "line": 814, "column": 8 },
        "end": { "line": 820, "column": 9 }
      },
      "399": {
        "start": { "line": 815, "column": 23 },
        "end": { "line": 815, "column": 40 }
      },
      "400": {
        "start": { "line": 816, "column": 23 },
        "end": { "line": 816, "column": 40 }
      },
      "401": {
        "start": { "line": 817, "column": 25 },
        "end": { "line": 817, "column": 49 }
      },
      "402": {
        "start": { "line": 818, "column": 10 },
        "end": { "line": 818, "column": 132 }
      },
      "403": {
        "start": { "line": 819, "column": 10 },
        "end": { "line": 819, "column": 93 }
      },
      "404": {
        "start": { "line": 826, "column": 2 },
        "end": { "line": 935, "column": 5 }
      },
      "405": {
        "start": { "line": 827, "column": 14 },
        "end": { "line": 827, "column": 20 }
      },
      "406": {
        "start": { "line": 828, "column": 14 },
        "end": { "line": 828, "column": 20 }
      },
      "407": {
        "start": { "line": 831, "column": 27 },
        "end": { "line": 831, "column": 70 }
      },
      "408": {
        "start": { "line": 832, "column": 24 },
        "end": { "line": 832, "column": 44 }
      },
      "409": {
        "start": { "line": 833, "column": 25 },
        "end": { "line": 833, "column": 46 }
      },
      "410": {
        "start": { "line": 835, "column": 4 },
        "end": { "line": 843, "column": 5 }
      },
      "411": {
        "start": { "line": 836, "column": 6 },
        "end": { "line": 836, "column": 72 }
      },
      "412": {
        "start": { "line": 837, "column": 11 },
        "end": { "line": 843, "column": 5 }
      },
      "413": {
        "start": { "line": 838, "column": 6 },
        "end": { "line": 838, "column": 107 }
      },
      "414": {
        "start": { "line": 841, "column": 17 },
        "end": { "line": 841, "column": 53 }
      },
      "415": {
        "start": { "line": 842, "column": 6 },
        "end": { "line": 842, "column": 153 }
      },
      "416": {
        "start": { "line": 846, "column": 17 },
        "end": { "line": 846, "column": 26 }
      },
      "417": {
        "start": { "line": 847, "column": 23 },
        "end": { "line": 847, "column": 25 }
      },
      "418": {
        "start": { "line": 852, "column": 20 },
        "end": { "line": 852, "column": 21 }
      },
      "419": {
        "start": { "line": 853, "column": 8 },
        "end": { "line": 855, "column": 9 }
      },
      "420": {
        "start": { "line": 854, "column": 10 },
        "end": { "line": 854, "column": 58 }
      },
      "421": {
        "start": { "line": 856, "column": 8 },
        "end": { "line": 856, "column": 21 }
      },
      "422": {
        "start": { "line": 859, "column": 29 },
        "end": { "line": 859, "column": 47 }
      },
      "423": {
        "start": { "line": 860, "column": 29 },
        "end": { "line": 860, "column": 31 }
      },
      "424": {
        "start": { "line": 863, "column": 6 },
        "end": { "line": 867, "column": 7 }
      },
      "425": {
        "start": { "line": 864, "column": 8 },
        "end": { "line": 864, "column": 62 }
      },
      "426": {
        "start": { "line": 865, "column": 13 },
        "end": { "line": 867, "column": 7 }
      },
      "427": {
        "start": { "line": 866, "column": 8 },
        "end": { "line": 866, "column": 64 }
      },
      "428": {
        "start": { "line": 869, "column": 6 },
        "end": { "line": 869, "column": 42 }
      },
      "429": {
        "start": { "line": 872, "column": 28 },
        "end": { "line": 872, "column": 58 }
      },
      "430": {
        "start": { "line": 877, "column": 18 },
        "end": { "line": 877, "column": 19 }
      },
      "431": {
        "start": { "line": 878, "column": 6 },
        "end": { "line": 880, "column": 7 }
      },
      "432": {
        "start": { "line": 879, "column": 8 },
        "end": { "line": 879, "column": 56 }
      },
      "433": {
        "start": { "line": 881, "column": 6 },
        "end": { "line": 881, "column": 19 }
      },
      "434": {
        "start": { "line": 886, "column": 30 },
        "end": { "line": 886, "column": 32 }
      },
      "435": {
        "start": { "line": 887, "column": 24 },
        "end": { "line": 887, "column": 26 }
      },
      "436": {
        "start": { "line": 890, "column": 20 },
        "end": { "line": 890, "column": 80 }
      },
      "437": {
        "start": { "line": 892, "column": 6 },
        "end": { "line": 913, "column": 7 }
      },
      "438": {
        "start": { "line": 893, "column": 8 },
        "end": { "line": 893, "column": 35 }
      },
      "439": {
        "start": { "line": 893, "column": 26 },
        "end": { "line": 893, "column": 35 }
      },
      "440": {
        "start": { "line": 895, "column": 25 },
        "end": { "line": 895, "column": 43 }
      },
      "441": {
        "start": { "line": 896, "column": 8 },
        "end": { "line": 912, "column": 9 }
      },
      "442": {
        "start": { "line": 897, "column": 10 },
        "end": { "line": 897, "column": 33 }
      },
      "443": {
        "start": { "line": 899, "column": 10 },
        "end": { "line": 911, "column": 11 }
      },
      "444": {
        "start": { "line": 900, "column": 12 },
        "end": { "line": 900, "column": 43 }
      },
      "445": {
        "start": { "line": 901, "column": 12 },
        "end": { "line": 901, "column": 31 }
      },
      "446": {
        "start": { "line": 904, "column": 12 },
        "end": { "line": 910, "column": 13 }
      },
      "447": {
        "start": { "line": 905, "column": 32 },
        "end": { "line": 905, "column": 81 }
      },
      "448": {
        "start": { "line": 906, "column": 14 },
        "end": { "line": 906, "column": 36 }
      },
      "449": {
        "start": { "line": 907, "column": 14 },
        "end": { "line": 907, "column": 31 }
      },
      "450": {
        "start": { "line": 909, "column": 14 },
        "end": { "line": 909, "column": 33 }
      },
      "451": {
        "start": { "line": 915, "column": 6 },
        "end": { "line": 917, "column": 7 }
      },
      "452": {
        "start": { "line": 916, "column": 8 },
        "end": { "line": 916, "column": 39 }
      },
      "453": {
        "start": { "line": 919, "column": 6 },
        "end": { "line": 919, "column": 19 }
      },
      "454": {
        "start": { "line": 922, "column": 25 },
        "end": { "line": 922, "column": 56 }
      },
      "455": {
        "start": { "line": 923, "column": 25 },
        "end": { "line": 923, "column": 37 }
      },
      "456": {
        "start": { "line": 926, "column": 4 },
        "end": { "line": 934, "column": 5 }
      },
      "457": {
        "start": { "line": 927, "column": 6 },
        "end": { "line": 927, "column": 89 }
      },
      "458": {
        "start": { "line": 929, "column": 21 },
        "end": { "line": 929, "column": 67 }
      },
      "459": {
        "start": { "line": 930, "column": 6 },
        "end": { "line": 933, "column": 9 }
      },
      "460": {
        "start": { "line": 931, "column": 22 },
        "end": { "line": 931, "column": 49 }
      },
      "461": {
        "start": { "line": 932, "column": 8 },
        "end": { "line": 932, "column": 84 }
      },
      "462": {
        "start": { "line": 937, "column": 2 },
        "end": { "line": 937, "column": 18 }
      },
      "463": {
        "start": { "line": 938, "column": 2 },
        "end": { "line": 938, "column": 13 }
      },
      "464": {
        "start": { "line": 943, "column": 2 },
        "end": { "line": 945, "column": 3 }
      },
      "465": {
        "start": { "line": 944, "column": 4 },
        "end": { "line": 944, "column": 146 }
      },
      "466": {
        "start": { "line": 947, "column": 26 },
        "end": { "line": 947, "column": 68 }
      },
      "467": {
        "start": { "line": 950, "column": 18 },
        "end": { "line": 950, "column": 20 }
      },
      "468": {
        "start": { "line": 951, "column": 15 },
        "end": { "line": 951, "column": 73 }
      },
      "469": {
        "start": { "line": 951, "column": 52 },
        "end": { "line": 951, "column": 55 }
      },
      "470": {
        "start": { "line": 952, "column": 15 },
        "end": { "line": 952, "column": 73 }
      },
      "471": {
        "start": { "line": 952, "column": 52 },
        "end": { "line": 952, "column": 55 }
      },
      "472": {
        "start": { "line": 953, "column": 15 },
        "end": { "line": 953, "column": 72 }
      },
      "473": {
        "start": { "line": 953, "column": 52 },
        "end": { "line": 953, "column": 55 }
      },
      "474": {
        "start": { "line": 954, "column": 15 },
        "end": { "line": 954, "column": 72 }
      },
      "475": {
        "start": { "line": 954, "column": 52 },
        "end": { "line": 954, "column": 55 }
      },
      "476": {
        "start": { "line": 956, "column": 16 },
        "end": { "line": 956, "column": 27 }
      },
      "477": {
        "start": { "line": 957, "column": 17 },
        "end": { "line": 957, "column": 28 }
      },
      "478": {
        "start": { "line": 959, "column": 12 },
        "end": { "line": 959, "column": 118 }
      },
      "479": {
        "start": { "line": 962, "column": 2 },
        "end": { "line": 995, "column": 11 }
      },
      "480": {
        "start": { "line": 998, "column": 2 },
        "end": { "line": 1031, "column": 5 }
      },
      "481": {
        "start": { "line": 999, "column": 21 },
        "end": { "line": 999, "column": 66 }
      },
      "482": {
        "start": { "line": 999, "column": 47 },
        "end": { "line": 999, "column": 65 }
      },
      "483": {
        "start": { "line": 1000, "column": 19 },
        "end": { "line": 1000, "column": 62 }
      },
      "484": {
        "start": { "line": 1000, "column": 45 },
        "end": { "line": 1000, "column": 61 }
      },
      "485": {
        "start": { "line": 1002, "column": 4 },
        "end": { "line": 1030, "column": 5 }
      },
      "486": {
        "start": { "line": 1003, "column": 24 },
        "end": { "line": 1003, "column": 27 }
      },
      "487": {
        "start": { "line": 1004, "column": 25 },
        "end": { "line": 1004, "column": 27 }
      },
      "488": {
        "start": { "line": 1009, "column": 6 },
        "end": { "line": 1017, "column": 7 }
      },
      "489": {
        "start": { "line": 1011, "column": 8 },
        "end": { "line": 1011, "column": 43 }
      },
      "490": {
        "start": { "line": 1012, "column": 8 },
        "end": { "line": 1012, "column": 39 }
      },
      "491": {
        "start": { "line": 1015, "column": 8 },
        "end": { "line": 1015, "column": 43 }
      },
      "492": {
        "start": { "line": 1016, "column": 8 },
        "end": { "line": 1016, "column": 39 }
      },
      "493": {
        "start": { "line": 1019, "column": 6 },
        "end": { "line": 1019, "column": 25 }
      },
      "494": {
        "start": { "line": 1020, "column": 6 },
        "end": { "line": 1020, "column": 21 }
      },
      "495": {
        "start": { "line": 1023, "column": 33 },
        "end": { "line": 1023, "column": 60 }
      },
      "496": {
        "start": { "line": 1024, "column": 19 },
        "end": { "line": 1024, "column": 83 }
      },
      "497": {
        "start": { "line": 1025, "column": 19 },
        "end": { "line": 1025, "column": 24 }
      },
      "498": {
        "start": { "line": 1026, "column": 19 },
        "end": { "line": 1026, "column": 81 }
      },
      "499": {
        "start": { "line": 1027, "column": 19 },
        "end": { "line": 1027, "column": 22 }
      },
      "500": {
        "start": { "line": 1029, "column": 6 },
        "end": { "line": 1029, "column": 125 }
      },
      "501": {
        "start": { "line": 1034, "column": 2 },
        "end": { "line": 1140, "column": 5 }
      },
      "502": {
        "start": { "line": 1035, "column": 14 },
        "end": { "line": 1035, "column": 20 }
      },
      "503": {
        "start": { "line": 1036, "column": 14 },
        "end": { "line": 1036, "column": 20 }
      },
      "504": {
        "start": { "line": 1039, "column": 17 },
        "end": { "line": 1039, "column": 26 }
      },
      "505": {
        "start": { "line": 1040, "column": 23 },
        "end": { "line": 1040, "column": 25 }
      },
      "506": {
        "start": { "line": 1045, "column": 20 },
        "end": { "line": 1045, "column": 21 }
      },
      "507": {
        "start": { "line": 1046, "column": 8 },
        "end": { "line": 1048, "column": 9 }
      },
      "508": {
        "start": { "line": 1047, "column": 10 },
        "end": { "line": 1047, "column": 58 }
      },
      "509": {
        "start": { "line": 1049, "column": 8 },
        "end": { "line": 1049, "column": 21 }
      },
      "510": {
        "start": { "line": 1052, "column": 29 },
        "end": { "line": 1052, "column": 47 }
      },
      "511": {
        "start": { "line": 1053, "column": 29 },
        "end": { "line": 1053, "column": 50 }
      },
      "512": {
        "start": { "line": 1056, "column": 6 },
        "end": { "line": 1060, "column": 7 }
      },
      "513": {
        "start": { "line": 1057, "column": 8 },
        "end": { "line": 1057, "column": 62 }
      },
      "514": {
        "start": { "line": 1058, "column": 13 },
        "end": { "line": 1060, "column": 7 }
      },
      "515": {
        "start": { "line": 1059, "column": 8 },
        "end": { "line": 1059, "column": 64 }
      },
      "516": {
        "start": { "line": 1062, "column": 6 },
        "end": { "line": 1062, "column": 42 }
      },
      "517": {
        "start": { "line": 1065, "column": 28 },
        "end": { "line": 1065, "column": 66 }
      },
      "518": {
        "start": { "line": 1069, "column": 18 },
        "end": { "line": 1069, "column": 19 }
      },
      "519": {
        "start": { "line": 1070, "column": 6 },
        "end": { "line": 1072, "column": 7 }
      },
      "520": {
        "start": { "line": 1071, "column": 8 },
        "end": { "line": 1071, "column": 56 }
      },
      "521": {
        "start": { "line": 1073, "column": 6 },
        "end": { "line": 1073, "column": 19 }
      },
      "522": {
        "start": { "line": 1078, "column": 30 },
        "end": { "line": 1078, "column": 32 }
      },
      "523": {
        "start": { "line": 1079, "column": 24 },
        "end": { "line": 1079, "column": 26 }
      },
      "524": {
        "start": { "line": 1081, "column": 20 },
        "end": { "line": 1081, "column": 80 }
      },
      "525": {
        "start": { "line": 1083, "column": 6 },
        "end": { "line": 1103, "column": 7 }
      },
      "526": {
        "start": { "line": 1084, "column": 8 },
        "end": { "line": 1084, "column": 35 }
      },
      "527": {
        "start": { "line": 1084, "column": 26 },
        "end": { "line": 1084, "column": 35 }
      },
      "528": {
        "start": { "line": 1086, "column": 25 },
        "end": { "line": 1086, "column": 43 }
      },
      "529": {
        "start": { "line": 1087, "column": 8 },
        "end": { "line": 1102, "column": 9 }
      },
      "530": {
        "start": { "line": 1088, "column": 10 },
        "end": { "line": 1088, "column": 33 }
      },
      "531": {
        "start": { "line": 1090, "column": 10 },
        "end": { "line": 1101, "column": 11 }
      },
      "532": {
        "start": { "line": 1091, "column": 12 },
        "end": { "line": 1091, "column": 43 }
      },
      "533": {
        "start": { "line": 1092, "column": 12 },
        "end": { "line": 1092, "column": 31 }
      },
      "534": {
        "start": { "line": 1094, "column": 12 },
        "end": { "line": 1100, "column": 13 }
      },
      "535": {
        "start": { "line": 1095, "column": 32 },
        "end": { "line": 1095, "column": 81 }
      },
      "536": {
        "start": { "line": 1096, "column": 14 },
        "end": { "line": 1096, "column": 36 }
      },
      "537": {
        "start": { "line": 1097, "column": 14 },
        "end": { "line": 1097, "column": 31 }
      },
      "538": {
        "start": { "line": 1099, "column": 14 },
        "end": { "line": 1099, "column": 33 }
      },
      "539": {
        "start": { "line": 1105, "column": 6 },
        "end": { "line": 1107, "column": 7 }
      },
      "540": {
        "start": { "line": 1106, "column": 8 },
        "end": { "line": 1106, "column": 39 }
      },
      "541": {
        "start": { "line": 1109, "column": 6 },
        "end": { "line": 1109, "column": 19 }
      },
      "542": {
        "start": { "line": 1112, "column": 25 },
        "end": { "line": 1112, "column": 56 }
      },
      "543": {
        "start": { "line": 1113, "column": 25 },
        "end": { "line": 1113, "column": 37 }
      },
      "544": {
        "start": { "line": 1116, "column": 24 },
        "end": { "line": 1117, "column": 81 }
      },
      "545": {
        "start": { "line": 1117, "column": 6 },
        "end": { "line": 1117, "column": 57 }
      },
      "546": {
        "start": { "line": 1118, "column": 22 },
        "end": { "line": 1118, "column": 65 }
      },
      "547": {
        "start": { "line": 1119, "column": 18 },
        "end": { "line": 1119, "column": 32 }
      },
      "548": {
        "start": { "line": 1120, "column": 19 },
        "end": { "line": 1120, "column": 70 }
      },
      "549": {
        "start": { "line": 1123, "column": 20 },
        "end": { "line": 1123, "column": 34 }
      },
      "550": {
        "start": { "line": 1124, "column": 4 },
        "end": { "line": 1125, "column": 60 }
      },
      "551": {
        "start": { "line": 1124, "column": 26 },
        "end": { "line": 1124, "column": 53 }
      },
      "552": {
        "start": { "line": 1125, "column": 9 },
        "end": { "line": 1125, "column": 60 }
      },
      "553": {
        "start": { "line": 1125, "column": 31 },
        "end": { "line": 1125, "column": 60 }
      },
      "554": {
        "start": { "line": 1128, "column": 4 },
        "end": { "line": 1128, "column": 126 }
      },
      "555": {
        "start": { "line": 1131, "column": 4 },
        "end": { "line": 1139, "column": 5 }
      },
      "556": {
        "start": { "line": 1132, "column": 6 },
        "end": { "line": 1132, "column": 86 }
      },
      "557": {
        "start": { "line": 1134, "column": 21 },
        "end": { "line": 1134, "column": 67 }
      },
      "558": {
        "start": { "line": 1135, "column": 6 },
        "end": { "line": 1138, "column": 9 }
      },
      "559": {
        "start": { "line": 1136, "column": 22 },
        "end": { "line": 1136, "column": 49 }
      },
      "560": {
        "start": { "line": 1137, "column": 8 },
        "end": { "line": 1137, "column": 81 }
      },
      "561": {
        "start": { "line": 1142, "column": 2 },
        "end": { "line": 1142, "column": 18 }
      },
      "562": {
        "start": { "line": 1143, "column": 2 },
        "end": { "line": 1143, "column": 13 }
      },
      "563": {
        "start": { "line": 1148, "column": 16 },
        "end": { "line": 1148, "column": 41 }
      },
      "564": {
        "start": { "line": 1149, "column": 59 },
        "end": { "line": 1149, "column": 61 }
      },
      "565": {
        "start": { "line": 1151, "column": 2 },
        "end": { "line": 1158, "column": 5 }
      },
      "566": {
        "start": { "line": 1152, "column": 18 },
        "end": { "line": 1152, "column": 63 }
      },
      "567": {
        "start": { "line": 1153, "column": 4 },
        "end": { "line": 1157, "column": 5 }
      },
      "568": {
        "start": { "line": 1154, "column": 34 },
        "end": { "line": 1154, "column": 39 }
      },
      "569": {
        "start": { "line": 1155, "column": 20 },
        "end": { "line": 1155, "column": 40 }
      },
      "570": {
        "start": { "line": 1156, "column": 6 },
        "end": { "line": 1156, "column": 37 }
      },
      "571": {
        "start": { "line": 1160, "column": 2 },
        "end": { "line": 1162, "column": 3 }
      },
      "572": {
        "start": { "line": 1161, "column": 4 },
        "end": { "line": 1161, "column": 144 }
      },
      "573": {
        "start": { "line": 1164, "column": 16 },
        "end": { "line": 1164, "column": 66 }
      },
      "574": {
        "start": { "line": 1164, "column": 46 },
        "end": { "line": 1164, "column": 62 }
      },
      "575": {
        "start": { "line": 1165, "column": 17 },
        "end": { "line": 1165, "column": 105 }
      },
      "576": {
        "start": { "line": 1167, "column": 12 },
        "end": { "line": 1167, "column": 84 }
      },
      "577": {
        "start": { "line": 1168, "column": 2 },
        "end": { "line": 1187, "column": 11 }
      },
      "578": {
        "start": { "line": 1189, "column": 18 },
        "end": { "line": 1189, "column": 21 }
      },
      "579": {
        "start": { "line": 1190, "column": 18 },
        "end": { "line": 1190, "column": 21 }
      },
      "580": {
        "start": { "line": 1191, "column": 17 },
        "end": { "line": 1191, "column": 20 }
      },
      "581": {
        "start": { "line": 1192, "column": 19 },
        "end": { "line": 1192, "column": 20 }
      },
      "582": {
        "start": { "line": 1195, "column": 2 },
        "end": { "line": 1217, "column": 5 }
      },
      "583": {
        "start": { "line": 1196, "column": 23 },
        "end": { "line": 1196, "column": 41 }
      },
      "584": {
        "start": { "line": 1197, "column": 21 },
        "end": { "line": 1197, "column": 60 }
      },
      "585": {
        "start": { "line": 1199, "column": 15 },
        "end": { "line": 1199, "column": 54 }
      },
      "586": {
        "start": { "line": 1200, "column": 15 },
        "end": { "line": 1200, "column": 54 }
      },
      "587": {
        "start": { "line": 1201, "column": 15 },
        "end": { "line": 1201, "column": 52 }
      },
      "588": {
        "start": { "line": 1202, "column": 15 },
        "end": { "line": 1202, "column": 52 }
      },
      "589": {
        "start": { "line": 1204, "column": 21 },
        "end": { "line": 1204, "column": 61 }
      },
      "590": {
        "start": { "line": 1206, "column": 21 },
        "end": { "line": 1211, "column": 15 }
      },
      "591": {
        "start": { "line": 1213, "column": 18 },
        "end": { "line": 1213, "column": 47 }
      },
      "592": {
        "start": { "line": 1214, "column": 4 },
        "end": { "line": 1214, "column": 72 }
      },
      "593": {
        "start": { "line": 1216, "column": 4 },
        "end": { "line": 1216, "column": 26 }
      },
      "594": {
        "start": { "line": 1220, "column": 16 },
        "end": { "line": 1220, "column": 18 }
      },
      "595": {
        "start": { "line": 1221, "column": 2 },
        "end": { "line": 1229, "column": 5 }
      },
      "596": {
        "start": { "line": 1222, "column": 18 },
        "end": { "line": 1222, "column": 47 }
      },
      "597": {
        "start": { "line": 1223, "column": 23 },
        "end": { "line": 1223, "column": 62 }
      },
      "598": {
        "start": { "line": 1225, "column": 4 },
        "end": { "line": 1225, "column": 96 }
      },
      "599": {
        "start": { "line": 1226, "column": 4 },
        "end": { "line": 1226, "column": 80 }
      },
      "600": {
        "start": { "line": 1227, "column": 4 },
        "end": { "line": 1227, "column": 141 }
      },
      "601": {
        "start": { "line": 1228, "column": 4 },
        "end": { "line": 1228, "column": 18 }
      },
      "602": {
        "start": { "line": 1231, "column": 2 },
        "end": { "line": 1231, "column": 18 }
      },
      "603": {
        "start": { "line": 1232, "column": 2 },
        "end": { "line": 1232, "column": 13 }
      },
      "604": {
        "start": { "line": 1240, "column": 2 },
        "end": { "line": 1250, "column": 10 }
      },
      "605": {
        "start": { "line": 1254, "column": 13 },
        "end": { "line": 1264, "column": 2 }
      },
      "606": {
        "start": { "line": 1268, "column": 2 },
        "end": { "line": 1287, "column": 3 }
      },
      "607": {
        "start": { "line": 1269, "column": 17 },
        "end": { "line": 1269, "column": 39 }
      },
      "608": {
        "start": { "line": 1271, "column": 4 },
        "end": { "line": 1283, "column": 5 }
      },
      "609": {
        "start": { "line": 1272, "column": 18 },
        "end": { "line": 1272, "column": 42 }
      },
      "610": {
        "start": { "line": 1273, "column": 6 },
        "end": { "line": 1273, "column": 63 }
      },
      "611": {
        "start": { "line": 1274, "column": 11 },
        "end": { "line": 1283, "column": 5 }
      },
      "612": {
        "start": { "line": 1275, "column": 18 },
        "end": { "line": 1275, "column": 40 }
      },
      "613": {
        "start": { "line": 1276, "column": 6 },
        "end": { "line": 1276, "column": 61 }
      },
      "614": {
        "start": { "line": 1277, "column": 11 },
        "end": { "line": 1283, "column": 5 }
      },
      "615": {
        "start": { "line": 1278, "column": 18 },
        "end": { "line": 1278, "column": 47 }
      },
      "616": {
        "start": { "line": 1279, "column": 6 },
        "end": { "line": 1279, "column": 63 }
      },
      "617": {
        "start": { "line": 1282, "column": 6 },
        "end": { "line": 1282, "column": 104 }
      },
      "618": {
        "start": { "line": 1285, "column": 4 },
        "end": { "line": 1285, "column": 50 }
      },
      "619": {
        "start": { "line": 1286, "column": 4 },
        "end": { "line": 1286, "column": 106 }
      },
      "620": {
        "start": { "line": 1292, "column": 16 },
        "end": { "line": 1292, "column": 32 }
      },
      "621": {
        "start": { "line": 1293, "column": 22 },
        "end": { "line": 1293, "column": 51 }
      },
      "622": {
        "start": { "line": 1295, "column": 20 },
        "end": { "line": 1295, "column": 29 }
      },
      "623": {
        "start": { "line": 1296, "column": 2 },
        "end": { "line": 1310, "column": 3 }
      },
      "624": {
        "start": { "line": 1297, "column": 4 },
        "end": { "line": 1297, "column": 30 }
      },
      "625": {
        "start": { "line": 1298, "column": 9 },
        "end": { "line": 1310, "column": 3 }
      },
      "626": {
        "start": { "line": 1299, "column": 4 },
        "end": { "line": 1299, "column": 53 }
      },
      "627": {
        "start": { "line": 1300, "column": 9 },
        "end": { "line": 1310, "column": 3 }
      },
      "628": {
        "start": { "line": 1301, "column": 4 },
        "end": { "line": 1301, "column": 50 }
      },
      "629": {
        "start": { "line": 1302, "column": 9 },
        "end": { "line": 1310, "column": 3 }
      },
      "630": {
        "start": { "line": 1303, "column": 4 },
        "end": { "line": 1303, "column": 50 }
      },
      "631": {
        "start": { "line": 1304, "column": 9 },
        "end": { "line": 1310, "column": 3 }
      },
      "632": {
        "start": { "line": 1305, "column": 4 },
        "end": { "line": 1305, "column": 48 }
      },
      "633": {
        "start": { "line": 1306, "column": 9 },
        "end": { "line": 1310, "column": 3 }
      },
      "634": {
        "start": { "line": 1307, "column": 4 },
        "end": { "line": 1307, "column": 30 }
      },
      "635": {
        "start": { "line": 1308, "column": 9 },
        "end": { "line": 1310, "column": 3 }
      },
      "636": {
        "start": { "line": 1309, "column": 4 },
        "end": { "line": 1309, "column": 28 }
      },
      "637": {
        "start": { "line": 1312, "column": 23 },
        "end": { "line": 1314, "column": 32 }
      },
      "638": {
        "start": { "line": 1316, "column": 2 },
        "end": { "line": 1325, "column": 10 }
      }
    },
    "fnMap": {
      "0": {
        "name": "parseMermaidCode",
        "decl": {
          "start": { "line": 27, "column": 9 },
          "end": { "line": 27, "column": 25 }
        },
        "loc": {
          "start": { "line": 27, "column": 38 },
          "end": { "line": 60, "column": 1 }
        }
      },
      "1": {
        "name": "(anonymous_1)",
        "decl": {
          "start": { "line": 30, "column": 29 },
          "end": { "line": 30, "column": 33 }
        },
        "loc": {
          "start": { "line": 30, "column": 37 },
          "end": { "line": 30, "column": 48 }
        }
      },
      "2": {
        "name": "(anonymous_2)",
        "decl": {
          "start": { "line": 30, "column": 57 },
          "end": { "line": 30, "column": 61 }
        },
        "loc": {
          "start": { "line": 30, "column": 65 },
          "end": { "line": 30, "column": 69 }
        }
      },
      "3": {
        "name": "(anonymous_3)",
        "decl": {
          "start": { "line": 55, "column": 50 },
          "end": { "line": 55, "column": 54 }
        },
        "loc": {
          "start": { "line": 55, "column": 58 },
          "end": { "line": 55, "column": 69 }
        }
      },
      "4": {
        "name": "parseFlowchart",
        "decl": {
          "start": { "line": 63, "column": 9 },
          "end": { "line": 63, "column": 23 }
        },
        "loc": {
          "start": { "line": 63, "column": 39 },
          "end": { "line": 133, "column": 1 }
        }
      },
      "5": {
        "name": "(anonymous_5)",
        "decl": {
          "start": { "line": 68, "column": 16 },
          "end": { "line": 68, "column": 20 }
        },
        "loc": {
          "start": { "line": 68, "column": 23 },
          "end": { "line": 87, "column": 3 }
        }
      },
      "6": {
        "name": "(anonymous_6)",
        "decl": {
          "start": { "line": 90, "column": 16 },
          "end": { "line": 90, "column": 20 }
        },
        "loc": {
          "start": { "line": 90, "column": 23 },
          "end": { "line": 126, "column": 3 }
        }
      },
      "7": {
        "name": "parseNodeTextAndShape",
        "decl": {
          "start": { "line": 136, "column": 9 },
          "end": { "line": 136, "column": 30 }
        },
        "loc": {
          "start": { "line": 136, "column": 90 },
          "end": { "line": 189, "column": 1 }
        }
      },
      "8": {
        "name": "parseMindmap",
        "decl": {
          "start": { "line": 192, "column": 9 },
          "end": { "line": 192, "column": 21 }
        },
        "loc": {
          "start": { "line": 192, "column": 37 },
          "end": { "line": 259, "column": 1 }
        }
      },
      "9": {
        "name": "(anonymous_9)",
        "decl": {
          "start": { "line": 219, "column": 25 },
          "end": { "line": 219, "column": 26 }
        },
        "loc": {
          "start": { "line": 219, "column": 41 },
          "end": { "line": 252, "column": 3 }
        }
      },
      "10": {
        "name": "parsePieChart",
        "decl": {
          "start": { "line": 262, "column": 9 },
          "end": { "line": 262, "column": 22 }
        },
        "loc": {
          "start": { "line": 262, "column": 38 },
          "end": { "line": 280, "column": 1 }
        }
      },
      "11": {
        "name": "(anonymous_11)",
        "decl": {
          "start": { "line": 266, "column": 16 },
          "end": { "line": 266, "column": 20 }
        },
        "loc": {
          "start": { "line": 266, "column": 23 },
          "end": { "line": 273, "column": 3 }
        }
      },
      "12": {
        "name": "calculateFlowchartNodeDimensions",
        "decl": {
          "start": { "line": 283, "column": 9 },
          "end": { "line": 283, "column": 41 }
        },
        "loc": {
          "start": { "line": 283, "column": 54 },
          "end": { "line": 367, "column": 1 }
        }
      },
      "13": {
        "name": "getOptimalWidthFlowchart",
        "decl": {
          "start": { "line": 287, "column": 11 },
          "end": { "line": 287, "column": 35 }
        },
        "loc": {
          "start": { "line": 287, "column": 48 },
          "end": { "line": 307, "column": 3 }
        }
      },
      "14": {
        "name": "getTextWidth",
        "decl": {
          "start": { "line": 288, "column": 13 },
          "end": { "line": 288, "column": 25 }
        },
        "loc": {
          "start": { "line": 288, "column": 38 },
          "end": { "line": 294, "column": 5 }
        }
      },
      "15": {
        "name": "getTextWidth",
        "decl": {
          "start": { "line": 312, "column": 11 },
          "end": { "line": 312, "column": 23 }
        },
        "loc": {
          "start": { "line": 312, "column": 36 },
          "end": { "line": 318, "column": 3 }
        }
      },
      "16": {
        "name": "wrapText",
        "decl": {
          "start": { "line": 321, "column": 11 },
          "end": { "line": 321, "column": 19 }
        },
        "loc": {
          "start": { "line": 321, "column": 50 },
          "end": { "line": 354, "column": 3 }
        }
      },
      "17": {
        "name": "(anonymous_17)",
        "decl": {
          "start": { "line": 360, "column": 42 },
[...]
          }
        ]
      },
      "135": {
        "loc": {
          "start": { "line": 1293, "column": 22 },
          "end": { "line": 1293, "column": 51 }
        },
        "type": "binary-expr",
        "locations": [
          {
            "start": { "line": 1293, "column": 22 },
            "end": { "line": 1293, "column": 38 }
          },
          {
            "start": { "line": 1293, "column": 42 },
            "end": { "line": 1293, "column": 51 }
          }
        ]
      },
      "136": {
        "loc": {
          "start": { "line": 1296, "column": 2 },
          "end": { "line": 1310, "column": 3 }
        },
        "type": "if",
        "locations": [
          {
            "start": { "line": 1296, "column": 2 },
            "end": { "line": 1310, "column": 3 }
          },
          {
            "start": { "line": 1298, "column": 9 },
            "end": { "line": 1310, "column": 3 }
          }
        ]
      },
      "137": {
        "loc": {
          "start": { "line": 1296, "column": 6 },
          "end": { "line": 1296, "column": 72 }
        },
        "type": "binary-expr",
        "locations": [
          {
            "start": { "line": 1296, "column": 6 },
            "end": { "line": 1296, "column": 35 }
          },
          {
            "start": { "line": 1296, "column": 39 },
            "end": { "line": 1296, "column": 72 }
          }
        ]
      },
      "138": {
        "loc": {
          "start": { "line": 1298, "column": 9 },
          "end": { "line": 1310, "column": 3 }
        },
        "type": "if",
        "locations": [
          {
            "start": { "line": 1298, "column": 9 },
            "end": { "line": 1310, "column": 3 }
          },
          {
            "start": { "line": 1300, "column": 9 },
            "end": { "line": 1310, "column": 3 }
          }
        ]
      },
      "139": {
        "loc": {
          "start": { "line": 1300, "column": 9 },
          "end": { "line": 1310, "column": 3 }
        },
        "type": "if",
        "locations": [
          {
            "start": { "line": 1300, "column": 9 },
            "end": { "line": 1310, "column": 3 }
          },
          {
            "start": { "line": 1302, "column": 9 },
            "end": { "line": 1310, "column": 3 }
          }
        ]
      },
      "140": {
        "loc": {
          "start": { "line": 1302, "column": 9 },
          "end": { "line": 1310, "column": 3 }
        },
        "type": "if",
        "locations": [
          {
            "start": { "line": 1302, "column": 9 },
            "end": { "line": 1310, "column": 3 }
          },
          {
            "start": { "line": 1304, "column": 9 },
            "end": { "line": 1310, "column": 3 }
          }
        ]
      },
      "141": {
        "loc": {
          "start": { "line": 1304, "column": 9 },
          "end": { "line": 1310, "column": 3 }
        },
        "type": "if",
        "locations": [
          {
            "start": { "line": 1304, "column": 9 },
            "end": { "line": 1310, "column": 3 }
          },
          {
            "start": { "line": 1306, "column": 9 },
            "end": { "line": 1310, "column": 3 }
          }
        ]
      },
      "142": {
        "loc": {
          "start": { "line": 1306, "column": 9 },
          "end": { "line": 1310, "column": 3 }
        },
        "type": "if",
        "locations": [
          {
            "start": { "line": 1306, "column": 9 },
            "end": { "line": 1310, "column": 3 }
          },
          {
            "start": { "line": 1308, "column": 9 },
            "end": { "line": 1310, "column": 3 }
          }
        ]
      },
      "143": {
        "loc": {
          "start": { "line": 1308, "column": 9 },
          "end": { "line": 1310, "column": 3 }
        },
        "type": "if",
        "locations": [
          {
            "start": { "line": 1308, "column": 9 },
            "end": { "line": 1310, "column": 3 }
          }
        ]
      },
      "144": {
        "loc": {
          "start": { "line": 1312, "column": 23 },
          "end": { "line": 1314, "column": 32 }
        },
        "type": "cond-expr",
        "locations": [
          {
            "start": { "line": 1313, "column": 6 },
            "end": { "line": 1313, "column": 47 }
          },
          {
            "start": { "line": 1314, "column": 6 },
            "end": { "line": 1314, "column": 32 }
          }
        ]
      }
    },
    "s": {
      "0": 2,
      "1": 81,
      "2": 81,
      "3": 389,
      "4": 389,
      "5": 81,
      "6": 81,
      "7": 3,
      "8": 78,
      "9": 78,
      "10": 30,
      "11": 30,
      "12": 48,
      "13": 14,
      "14": 14,
      "15": 34,
      "16": 26,
      "17": 26,
      "18": 172,
      "19": 26,
      "20": 8,
      "21": 37,
      "22": 37,
      "23": 37,
      "24": 104,
      "25": 104,
      "26": 0,
      "27": 104,
      "28": 104,
      "29": 101,
      "30": 101,
      "31": 101,
      "32": 101,
      "33": 101,
      "34": 101,
      "35": 101,
      "36": 37,
      "37": 104,
      "38": 104,
      "39": 0,
      "40": 104,
      "41": 104,
      "42": 90,
      "43": 90,
      "44": 90,
      "45": 90,
      "46": 90,
      "47": 90,
      "48": 90,
      "49": 90,
      "50": 9,
      "51": 90,
      "52": 10,
      "53": 90,
      "54": 90,
      "55": 17,
      "56": 90,
      "57": 37,
      "58": 501,
      "59": 501,
      "60": 171,
      "61": 171,
      "62": 171,
      "63": 330,
      "64": 330,
      "65": 22,
      "66": 22,
      "67": 22,
      "68": 308,
      "69": 308,
      "70": 8,
      "71": 8,
      "72": 8,
      "73": 300,
      "74": 300,
      "75": 5,
      "76": 5,
      "77": 5,
      "78": 295,
      "79": 34,
      "80": 34,
      "81": 34,
      "82": 34,
      "83": 34,
      "84": 33,
      "85": 33,
      "86": 33,
      "87": 33,
      "88": 33,
      "89": 33,
      "90": 34,
      "91": 34,
      "92": 34,
      "93": 177,
      "94": 177,
      "95": 1,
      "96": 176,
      "97": 176,
      "98": 176,
      "99": 176,
      "100": 176,
      "101": 176,
      "102": 176,
      "103": 176,
      "104": 121,
      "105": 176,
      "106": 176,
      "107": 176,
      "108": 176,
      "109": 34,
      "110": 18,
      "111": 18,
      "112": 18,
      "113": 38,
      "114": 38,
      "115": 35,
      "116": 35,
      "117": 35,
      "118": 18,
      "119": 198,
      "120": 198,
      "121": 198,
      "122": 2592,
      "123": 198,
      "124": 198,
      "125": 198,
      "126": 198,
      "127": 10,
      "128": 188,
      "129": 18,
      "130": 198,
      "131": 198,
      "132": 1228,
      "133": 1228,
      "134": 11784,
      "135": 1228,
      "136": 198,
      "137": 198,
      "138": 198,
      "139": 198,
      "140": 806,
      "141": 304,
      "142": 502,
      "143": 502,
      "144": 436,
      "145": 66,
      "146": 66,
      "147": 66,
      "148": 0,
      "149": 0,
      "150": 0,
      "151": 0,
      "152": 0,
      "153": 198,
      "154": 198,
      "155": 198,
      "156": 198,
      "157": 198,
      "158": 198,
      "159": 264,
      "160": 198,
      "161": 198,
      "162": 198,
      "163": 198,
      "164": 29,
      "165": 1,
      "166": 28,
      "167": 28,
      "168": 101,
      "169": 101,
      "170": 28,
      "171": 28,
      "172": 28,
      "173": 79,
      "174": 28,
      "175": 101,
      "176": 28,
      "177": 29,
      "178": 28,
      "179": 29,
      "180": 28,
      "181": 83,
      "182": 83,
      "183": 0,
      "184": 83,
      "185": 83,
      "186": 268,
      "187": 83,
      "188": 58,
      "189": 54,
      "190": 54,
      "191": 28,
      "192": 28,
      "193": 83,
      "194": 73,
      "195": 83,
      "196": 28,
      "197": 28,
      "198": 28,
      "199": 28,
      "200": 73,
      "201": 83,
      "202": 73,
      "203": 28,
      "204": 101,
      "205": 101,
      "206": 101,
      "207": 101,
      "208": 101,
      "209": 101,
      "210": 101,
      "211": 121,
      "212": 121,
      "213": 121,
      "214": 121,
      "215": 20,
      "216": 101,
      "217": 101,
      "218": 101,
      "219": 103,
      "220": 103,
      "221": 101,
      "222": 101,
      "223": 101,
      "224": 101,
      "225": 10,
      "226": 10,
      "227": 10,
      "228": 101,
      "229": 101,
      "230": 101,
      "231": 174,
      "232": 2263,
      "233": 2263,
      "234": 23783,
      "235": 2263,
      "236": 174,
      "237": 174,
      "238": 174,
      "239": 25,
      "240": 149,
      "241": 10,
      "242": 174,
      "243": 174,
      "244": 174,
      "245": 174,
      "246": 174,
      "247": 174,
      "248": 174,
      "249": 758,
      "250": 292,
      "251": 466,
      "252": 466,
      "253": 348,
      "254": 118,
      "255": 79,
      "256": 79,
      "257": 39,
      "258": 39,
      "259": 39,
      "260": 39,
      "261": 814,
      "262": 769,
      "263": 45,
      "264": 45,
      "265": 45,
      "266": 0,
      "267": 0,
      "268": 39,
      "269": 39,
      "270": 0,
      "271": 174,
      "272": 174,
      "273": 174,
      "274": 174,
      "275": 174,
      "276": 174,
      "277": 298,
      "278": 174,
      "279": 174,
      "280": 174,
      "281": 174,
      "282": 26,
      "283": 1,
      "284": 25,
      "285": 25,
      "286": 25,
      "287": 25,
      "288": 174,
      "289": 174,
      "290": 25,
      "291": 25,
      "292": 25,
      "293": 25,
      "294": 25,
      "295": 25,
      "296": 25,
      "297": 174,
      "298": 174,
      "299": 149,
      "300": 54,
      "301": 149,
      "302": 25,
      "303": 32,
      "304": 25,
      "305": 54,
      "306": 54,
      "307": 54,
      "308": 54,
      "309": 149,
      "310": 149,
      "311": 79,
      "312": 149,
      "313": 54,
      "314": 54,
      "315": 79,
      "316": 327,
      "317": 79,
      "318": 79,
      "319": 79,
      "320": 79,
      "321": 149,
      "322": 149,
      "323": 149,
      "324": 70,
      "325": 79,
      "326": 79,
      "327": 54,
      "328": 25,
      "329": 54,
      "330": 54,
      "331": 54,
      "332": 79,
      "333": 79,
      "334": 79,
      "335": 79,
      "336": 79,
      "337": 106,
      "338": 106,
      "339": 106,
      "340": 74,
      "341": 74,
      "342": 27,
      "343": 27,
      "344": 27,
      "345": 106,
      "346": 79,
      "347": 54,
      "348": 54,
      "349": 79,
      "350": 54,
      "351": 79,
      "352": 54,
      "353": 54,
      "354": 79,
      "355": 79,
      "356": 79,
      "357": 149,
      "358": 149,
      "359": 149,
      "360": 149,
      "361": 79,
      "362": 25,
      "363": 28,
      "364": 2,
      "365": 26,
      "366": 26,
      "367": 26,
      "368": 26,
      "369": 26,
      "370": 97,
      "371": 26,
      "372": 97,
      "373": 26,
      "374": 97,
      "375": 26,
      "376": 97,
      "377": 26,
      "378": 26,
      "379": 26,
      "380": 26,
      "381": 26,
      "382": 77,
      "383": 235,
      "384": 77,
      "385": 345,
      "386": 77,
      "387": 77,
      "388": 77,
      "389": 77,
      "390": 77,
      "391": 56,
      "392": 56,
      "393": 56,
      "394": 56,
      "395": 56,
      "396": 56,
      "397": 56,
      "398": 56,
      "399": 10,
      "400": 10,
      "401": 10,
      "402": 10,
      "403": 10,
      "404": 26,
      "405": 97,
      "406": 97,
      "407": 97,
      "408": 97,
      "409": 97,
      "410": 97,
      "411": 3,
      "412": 94,
      "413": 9,
      "414": 85,
      "415": 85,
      "416": 97,
      "417": 97,
      "418": 97,
      "419": 97,
      "420": 1284,
      "421": 97,
      "422": 97,
      "423": 97,
      "424": 97,
      "425": 5,
      "426": 92,
      "427": 9,
      "428": 97,
      "429": 97,
      "430": 249,
      "431": 249,
      "432": 2636,
      "433": 249,
      "434": 97,
      "435": 97,
      "436": 97,
      "437": 97,
      "438": 401,
      "439": 152,
      "440": 249,
      "441": 249,
      "442": 216,
      "443": 33,
      "444": 33,
      "445": 33,
      "446": 0,
      "447": 0,
      "448": 0,
      "449": 0,
      "450": 0,
      "451": 97,
      "452": 97,
      "453": 97,
      "454": 97,
      "455": 97,
      "456": 97,
      "457": 72,
      "458": 25,
      "459": 25,
      "460": 58,
      "461": 58,
      "462": 26,
      "463": 26,
      "464": 24,
      "465": 1,
      "466": 23,
      "467": 23,
      "468": 23,
      "469": 168,
      "470": 23,
      "471": 168,
      "472": 23,
      "473": 168,
      "474": 23,
      "475": 168,
      "476": 23,
      "477": 23,
      "478": 23,
      "479": 23,
      "480": 23,
      "481": 145,
      "482": 552,
      "483": 145,
      "484": 919,
      "485": 145,
      "486": 145,
      "487": 145,
      "488": 145,
      "489": 145,
      "490": 145,
      "491": 0,
      "492": 0,
      "493": 145,
      "494": 145,
      "495": 145,
      "496": 145,
      "497": 145,
      "498": 145,
      "499": 145,
      "500": 145,
      "501": 23,
      "502": 168,
      "503": 168,
      "504": 168,
      "505": 168,
      "506": 168,
      "507": 168,
      "508": 3249,
      "509": 168,
      "510": 168,
      "511": 168,
      "512": 168,
      "513": 25,
      "514": 143,
      "515": 10,
      "516": 168,
      "517": 168,
      "518": 1157,
      "519": 1157,
      "520": 13699,
      "521": 1157,
      "522": 168,
      "523": 168,
      "524": 168,
      "525": 168,
      "526": 744,
      "527": 288,
      "528": 456,
      "529": 456,
      "530": 338,
      "531": 118,
      "532": 79,
      "533": 79,
      "534": 39,
      "535": 39,
      "536": 39,
      "537": 39,
      "538": 0,
      "539": 168,
      "540": 129,
      "541": 168,
      "542": 168,
      "543": 168,
      "544": 168,
      "545": 247,
      "546": 168,
      "547": 168,
      "548": 168,
      "549": 168,
      "550": 168,
      "551": 23,
      "552": 145,
      "553": 53,
      "554": 168,
      "555": 168,
      "556": 127,
      "557": 41,
      "558": 41,
      "559": 120,
      "560": 120,
      "561": 23,
      "562": 23,
      "563": 12,
      "564": 12,
      "565": 12,
      "566": 25,
      "567": 25,
      "568": 25,
      "569": 25,
      "570": 25,
      "571": 12,
      "572": 1,
      "573": 11,
      "574": 25,
      "575": 11,
      "576": 11,
      "577": 11,
      "578": 11,
      "579": 11,
      "580": 11,
      "581": 11,
      "582": 11,
      "583": 25,
      "584": 25,
      "585": 25,
      "586": 25,
      "587": 25,
      "588": 25,
      "589": 25,
      "590": 25,
      "591": 25,
      "592": 25,
      "593": 25,
      "594": 11,
      "595": 11,
      "596": 25,
      "597": 25,
      "598": 25,
      "599": 25,
      "600": 25,
      "601": 25,
      "602": 11,
      "603": 11,
      "604": 64,
      "605": 2,
      "606": 73,
      "607": 73,
      "608": 73,
      "609": 28,
      "610": 28,
      "611": 45,
      "612": 24,
      "613": 24,
      "614": 21,
      "615": 12,
      "616": 12,
      "617": 9,
      "618": 0,
      "619": 0,
      "620": 9,
      "621": 9,
      "622": 9,
      "623": 9,
      "624": 0,
      "625": 9,
      "626": 1,
      "627": 8,
      "628": 1,
      "629": 7,
      "630": 1,
      "631": 6,
      "632": 1,
      "633": 5,
      "634": 0,
      "635": 5,
      "636": 0,
      "637": 9,
      "638": 9
    },
    "f": {
      "0": 81,
      "1": 389,
      "2": 389,
      "3": 172,
      "4": 37,
      "5": 104,
      "6": 104,
      "7": 501,
      "8": 34,
      "9": 177,
      "10": 18,
      "11": 38,
      "12": 198,
      "13": 198,
      "14": 198,
      "15": 1228,
      "16": 198,
      "17": 264,
      "18": 29,
      "19": 101,
      "20": 79,
      "21": 101,
      "22": 29,
      "23": 29,
      "24": 268,
      "25": 58,
      "26": 83,
      "27": 73,
      "28": 83,
      "29": 101,
      "30": 174,
      "31": 2263,
      "32": 174,
      "33": 174,
      "34": 298,
      "35": 26,
      "36": 174,
      "37": 25,
      "38": 174,
      "39": 32,
      "40": 54,
      "41": 149,
      "42": 79,
      "43": 327,
      "44": 25,
      "45": 79,
      "46": 79,
      "47": 79,
      "48": 79,
      "49": 149,
      "50": 28,
      "51": 97,
      "52": 97,
      "53": 97,
      "54": 97,
      "55": 77,
      "56": 235,
      "57": 345,
      "58": 97,
      "59": 97,
      "60": 97,
      "61": 249,
      "62": 97,
      "63": 58,
      "64": 24,
      "65": 168,
      "66": 168,
      "67": 168,
      "68": 168,
      "69": 145,
      "70": 552,
      "71": 919,
      "72": 168,
      "73": 168,
      "74": 168,
      "75": 1157,
      "76": 168,
      "77": 247,
      "78": 120,
      "79": 12,
      "80": 25,
      "81": 25,
      "82": 25,
      "83": 25,
      "84": 64,
      "85": 73,
      "86": 9
    },
    "b": {
      "0": [3],
      "1": [30, 48],
      "2": [78, 57],
      "3": [14, 34],
      "4": [26],
      "5": [0],
      "6": [101, 0],
      "7": [101],
      "8": [0],
      "9": [22, 68],
      "10": [0, 68],
      "11": [1, 67],
      "12": [90, 67],
      "13": [56, 34],
      "14": [8, 26],
      "15": [0, 26],
      "16": [90, 26],
      "17": [9],
      "18": [10],
      "19": [17],
      "20": [291],
      "21": [171],
      "22": [171, 1],
      "23": [22],
      "24": [22, 0],
      "25": [8],
      "26": [8, 0],
      "27": [5],
      "28": [300, 5],
      "29": [5, 0],
      "30": [33],
      "31": [1],
      "32": [297, 297],
      "33": [176, 0],
      "34": [35],
      "35": [44, 2548],
      "36": [10, 188],
      "37": [18],
      "38": [234, 11550],
      "39": [304],
      "40": [436, 66],
      "41": [66, 0],
      "42": [0, 0],
      "43": [198],
      "44": [10, 254],
      "45": [198, 0],
      "46": [1],
      "47": [0],
      "48": [54],
      "49": [58, 4],
      "50": [73],
      "51": [83, 0],
      "52": [101, 47],
      "53": [101, 18],
      "54": [121, 0],
      "55": [20],
      "56": [103, 0],
      "57": [10, 0],
      "58": [101, 0],
      "59": [152, 23631],
      "60": [25, 149],
      "61": [25, 149],
      "62": [10],
      "63": [292],
      "64": [348, 118],
      "65": [79, 39],
      "66": [39, 0],
      "67": [769, 45],
      "68": [45, 0],
      "69": [39],
      "70": [174],
      "71": [15, 283],
      "72": [174, 0],
      "73": [1],
      "74": [174, 25],
      "75": [25],
      "76": [174, 25],
      "77": [149],
      "78": [54],
      "79": [149, 0],
      "80": [79],
      "81": [79, 0],
      "82": [149, 0],
      "83": [70],
      "84": [185, 106],
      "85": [27],
      "86": [54],
      "87": [149, 0],
      "88": [2],
      "89": [77],
      "90": [77, 77],
      "91": [56],
      "92": [10],
      "93": [3, 94],
      "94": [9, 85],
      "95": [1, 84],
      "96": [22, 1262],
      "97": [5, 92],
      "98": [9],
      "99": [51, 2585],
      "100": [152],
      "101": [216, 33],
      "102": [33, 0],
      "103": [0, 0],
      "104": [97],
      "105": [72, 25],
      "106": [1],
      "107": [145],
      "108": [145, 145],
      "109": [145, 0],
      "110": [145, 0],
      "111": [145, 0],
      "112": [23, 3226],
      "113": [23, 145],
      "114": [25, 143],
      "115": [10],
      "116": [168, 23],
      "117": [129, 13570],
      "118": [288],
      "119": [338, 118],
      "120": [79, 39],
      "121": [39, 0],
      "122": [129],
      "123": [15, 232],
      "124": [168, 0],
      "125": [23, 145],
      "126": [53],
      "127": [127, 41],
      "128": [25],
      "129": [1],
      "130": [19, 6],
      "131": [28, 45],
      "132": [24, 21],
      "133": [12, 9],
      "134": [0, 0],
      "135": [9, 2],
      "136": [0, 9],
      "137": [9, 9],
      "138": [1, 8],
      "139": [1, 7],
      "140": [1, 6],
      "141": [1, 5],
      "142": [0, 5],
      "143": [0],
      "144": [9, 0]
    }
  }
}
