{"D:\\workspace\\web-reader\\src\\utils\\chartRenderer.ts": {"path":"D:\\workspace\\web-reader\\src\\utils\\chartRenderer.ts","statementMap":{"0":{"start":{"line":1167,"column":0},"end":{"line":1167,"column":16}},"1":{"start":{"line":29,"column":19},"end":{"line":29,"column":42}},"2":{"start":{"line":30,"column":16},"end":{"line":30,"column":70}},"3":{"start":{"line":30,"column":37},"end":{"line":30,"column":48}},"4":{"start":{"line":30,"column":65},"end":{"line":30,"column":69}},"5":{"start":{"line":32,"column":30},"end":{"line":36,"column":4}},"6":{"start":{"line":39,"column":2},"end":{"line":41,"column":3}},"7":{"start":{"line":40,"column":4},"end":{"line":40,"column":18}},"8":{"start":{"line":43,"column":20},"end":{"line":43,"column":42}},"9":{"start":{"line":46,"column":2},"end":{"line":57,"column":3}},"10":{"start":{"line":47,"column":4},"end":{"line":47,"column":30}},"11":{"start":{"line":48,"column":4},"end":{"line":48,"column":42}},"12":{"start":{"line":49,"column":9},"end":{"line":57,"column":3}},"13":{"start":{"line":50,"column":4},"end":{"line":50,"column":24}},"14":{"start":{"line":51,"column":4},"end":{"line":51,"column":41}},"15":{"start":{"line":52,"column":9},"end":{"line":57,"column":3}},"16":{"start":{"line":53,"column":4},"end":{"line":53,"column":28}},"17":{"start":{"line":55,"column":25},"end":{"line":55,"column":70}},"18":{"start":{"line":55,"column":58},"end":{"line":55,"column":69}},"19":{"start":{"line":56,"column":4},"end":{"line":56,"column":38}},"20":{"start":{"line":59,"column":2},"end":{"line":59,"column":16}},"21":{"start":{"line":64,"column":16},"end":{"line":64,"column":39}},"22":{"start":{"line":65,"column":24},"end":{"line":65,"column":26}},"23":{"start":{"line":68,"column":2},"end":{"line":87,"column":5}},"24":{"start":{"line":69,"column":20},"end":{"line":69,"column":31}},"25":{"start":{"line":70,"column":4},"end":{"line":70,"column":25}},"26":{"start":{"line":70,"column":18},"end":{"line":70,"column":25}},"27":{"start":{"line":73,"column":25},"end":{"line":73,"column":87}},"28":{"start":{"line":76,"column":4},"end":{"line":86,"column":5}},"29":{"start":{"line":77,"column":30},"end":{"line":77,"column":39}},"30":{"start":{"line":78,"column":21},"end":{"line":78,"column":53}},"31":{"start":{"line":79,"column":21},"end":{"line":79,"column":36}},"32":{"start":{"line":80,"column":19},"end":{"line":80,"column":30}},"33":{"start":{"line":81,"column":20},"end":{"line":81,"column":32}},"34":{"start":{"line":83,"column":6},"end":{"line":85,"column":7}},"35":{"start":{"line":84,"column":8},"end":{"line":84,"column":67}},"36":{"start":{"line":90,"column":2},"end":{"line":126,"column":5}},"37":{"start":{"line":91,"column":20},"end":{"line":91,"column":31}},"38":{"start":{"line":92,"column":4},"end":{"line":92,"column":25}},"39":{"start":{"line":92,"column":18},"end":{"line":92,"column":25}},"40":{"start":{"line":95,"column":23},"end":{"line":95,"column":154}},"41":{"start":{"line":98,"column":4},"end":{"line":125,"column":5}},"42":{"start":{"line":99,"column":114},"end":{"line":99,"column":124}},"43":{"start":{"line":102,"column":27},"end":{"line":102,"column":143}},"44":{"start":{"line":103,"column":25},"end":{"line":103,"column":60}},"45":{"start":{"line":104,"column":21},"end":{"line":104,"column":48}},"46":{"start":{"line":107,"column":25},"end":{"line":107,"column":127}},"47":{"start":{"line":108,"column":23},"end":{"line":108,"column":56}},"48":{"start":{"line":109,"column":19},"end":{"line":109,"column":42}},"49":{"start":{"line":112,"column":6},"end":{"line":114,"column":7}},"50":{"start":{"line":113,"column":8},"end":{"line":113,"column":102}},"51":{"start":{"line":117,"column":6},"end":{"line":119,"column":7}},"52":{"start":{"line":118,"column":8},"end":{"line":118,"column":94}},"53":{"start":{"line":122,"column":25},"end":{"line":122,"column":51}},"54":{"start":{"line":123,"column":6},"end":{"line":123,"column":43}},"55":{"start":{"line":123,"column":21},"end":{"line":123,"column":43}},"56":{"start":{"line":124,"column":6},"end":{"line":124,"column":23}},"57":{"start":{"line":128,"column":2},"end":{"line":132,"column":4}},"58":{"start":{"line":140,"column":20},"end":{"line":140,"column":57}},"59":{"start":{"line":141,"column":2},"end":{"line":149,"column":3}},"60":{"start":{"line":142,"column":19},"end":{"line":142,"column":38}},"61":{"start":{"line":143,"column":17},"end":{"line":143,"column":29}},"62":{"start":{"line":144,"column":4},"end":{"line":148,"column":6}},"63":{"start":{"line":152,"column":23},"end":{"line":152,"column":59}},"64":{"start":{"line":153,"column":2},"end":{"line":161,"column":3}},"65":{"start":{"line":154,"column":19},"end":{"line":154,"column":41}},"66":{"start":{"line":155,"column":17},"end":{"line":155,"column":32}},"67":{"start":{"line":156,"column":4},"end":{"line":160,"column":6}},"68":{"start":{"line":164,"column":22},"end":{"line":164,"column":62}},"69":{"start":{"line":165,"column":2},"end":{"line":173,"column":3}},"70":{"start":{"line":166,"column":19},"end":{"line":166,"column":40}},"71":{"start":{"line":167,"column":17},"end":{"line":167,"column":31}},"72":{"start":{"line":168,"column":4},"end":{"line":172,"column":6}},"73":{"start":{"line":176,"column":23},"end":{"line":176,"column":59}},"74":{"start":{"line":177,"column":2},"end":{"line":185,"column":3}},"75":{"start":{"line":178,"column":19},"end":{"line":178,"column":41}},"76":{"start":{"line":179,"column":17},"end":{"line":179,"column":32}},"77":{"start":{"line":180,"column":4},"end":{"line":184,"column":6}},"78":{"start":{"line":188,"column":2},"end":{"line":188,"column":49}},"79":{"start":{"line":193,"column":24},"end":{"line":193,"column":26}},"80":{"start":{"line":194,"column":24},"end":{"line":194,"column":26}},"81":{"start":{"line":195,"column":18},"end":{"line":195,"column":41}},"82":{"start":{"line":198,"column":20},"end":{"line":198,"column":21}},"83":{"start":{"line":199,"column":2},"end":{"line":213,"column":3}},"84":{"start":{"line":200,"column":21},"end":{"line":200,"column":36}},"85":{"start":{"line":201,"column":28},"end":{"line":201,"column":70}},"86":{"start":{"line":202,"column":27},"end":{"line":209,"column":6}},"87":{"start":{"line":210,"column":4},"end":{"line":210,"column":25}},"88":{"start":{"line":211,"column":4},"end":{"line":211,"column":34}},"89":{"start":{"line":212,"column":4},"end":{"line":212,"column":64}},"90":{"start":{"line":216,"column":20},"end":{"line":216,"column":21}},"91":{"start":{"line":217,"column":60},"end":{"line":217,"column":86}},"92":{"start":{"line":219,"column":2},"end":{"line":252,"column":5}},"93":{"start":{"line":220,"column":20},"end":{"line":220,"column":31}},"94":{"start":{"line":221,"column":4},"end":{"line":221,"column":25}},"95":{"start":{"line":221,"column":18},"end":{"line":221,"column":25}},"96":{"start":{"line":223,"column":24},"end":{"line":223,"column":75}},"97":{"start":{"line":224,"column":18},"end":{"line":224,"column":49}},"98":{"start":{"line":226,"column":19},"end":{"line":226,"column":42}},"99":{"start":{"line":227,"column":28},"end":{"line":227,"column":69}},"100":{"start":{"line":228,"column":23},"end":{"line":235,"column":6}},"101":{"start":{"line":237,"column":4},"end":{"line":237,"column":21}},"102":{"start":{"line":238,"column":4},"end":{"line":238,"column":30}},"103":{"start":{"line":241,"column":4},"end":{"line":243,"column":5}},"104":{"start":{"line":242,"column":6},"end":{"line":242,"column":24}},"105":{"start":{"line":246,"column":21},"end":{"line":246,"column":93}},"106":{"start":{"line":247,"column":4},"end":{"line":247,"column":27}},"107":{"start":{"line":248,"column":4},"end":{"line":248,"column":47}},"108":{"start":{"line":251,"column":4},"end":{"line":251,"column":44}},"109":{"start":{"line":254,"column":2},"end":{"line":258,"column":4}},"110":{"start":{"line":263,"column":24},"end":{"line":263,"column":26}},"111":{"start":{"line":264,"column":56},"end":{"line":264,"column":58}},"112":{"start":{"line":266,"column":2},"end":{"line":273,"column":5}},"113":{"start":{"line":267,"column":18},"end":{"line":267,"column":63}},"114":{"start":{"line":268,"column":4},"end":{"line":272,"column":5}},"115":{"start":{"line":269,"column":34},"end":{"line":269,"column":39}},"116":{"start":{"line":270,"column":20},"end":{"line":270,"column":40}},"117":{"start":{"line":271,"column":6},"end":{"line":271,"column":34}},"118":{"start":{"line":275,"column":2},"end":{"line":279,"column":4}},"119":{"start":{"line":284,"column":26},"end":{"line":284,"column":28}},"120":{"start":{"line":285,"column":21},"end":{"line":285,"column":23}},"121":{"start":{"line":289,"column":16},"end":{"line":289,"column":17}},"122":{"start":{"line":290,"column":4},"end":{"line":292,"column":5}},"123":{"start":{"line":291,"column":6},"end":{"line":291,"column":54}},"124":{"start":{"line":293,"column":4},"end":{"line":293,"column":17}},"125":{"start":{"line":298,"column":28},"end":{"line":298,"column":30}},"126":{"start":{"line":299,"column":22},"end":{"line":299,"column":24}},"127":{"start":{"line":301,"column":18},"end":{"line":301,"column":78}},"128":{"start":{"line":303,"column":4},"end":{"line":323,"column":5}},"129":{"start":{"line":304,"column":6},"end":{"line":304,"column":33}},"130":{"start":{"line":304,"column":24},"end":{"line":304,"column":33}},"131":{"start":{"line":306,"column":23},"end":{"line":306,"column":41}},"132":{"start":{"line":307,"column":6},"end":{"line":322,"column":7}},"133":{"start":{"line":308,"column":8},"end":{"line":308,"column":31}},"134":{"start":{"line":310,"column":8},"end":{"line":321,"column":9}},"135":{"start":{"line":311,"column":10},"end":{"line":311,"column":41}},"136":{"start":{"line":312,"column":10},"end":{"line":312,"column":29}},"137":{"start":{"line":314,"column":10},"end":{"line":320,"column":11}},"138":{"start":{"line":315,"column":30},"end":{"line":315,"column":79}},"139":{"start":{"line":316,"column":12},"end":{"line":316,"column":34}},"140":{"start":{"line":317,"column":12},"end":{"line":317,"column":29}},"141":{"start":{"line":319,"column":12},"end":{"line":319,"column":31}},"142":{"start":{"line":325,"column":4},"end":{"line":327,"column":5}},"143":{"start":{"line":326,"column":6},"end":{"line":326,"column":37}},"144":{"start":{"line":329,"column":4},"end":{"line":329,"column":17}},"145":{"start":{"line":332,"column":23},"end":{"line":332,"column":54}},"146":{"start":{"line":333,"column":19},"end":{"line":333,"column":20}},"147":{"start":{"line":334,"column":23},"end":{"line":334,"column":54}},"148":{"start":{"line":337,"column":16},"end":{"line":337,"column":19}},"149":{"start":{"line":338,"column":17},"end":{"line":338,"column":68}},"150":{"start":{"line":340,"column":2},"end":{"line":340,"column":27}},"151":{"start":{"line":345,"column":2},"end":{"line":345,"column":39}},"152":{"start":{"line":345,"column":26},"end":{"line":345,"column":39}},"153":{"start":{"line":348,"column":25},"end":{"line":348,"column":77}},"154":{"start":{"line":349,"column":2},"end":{"line":352,"column":5}},"155":{"start":{"line":350,"column":23},"end":{"line":350,"column":66}},"156":{"start":{"line":351,"column":4},"end":{"line":351,"column":44}},"157":{"start":{"line":355,"column":17},"end":{"line":355,"column":42}},"158":{"start":{"line":356,"column":18},"end":{"line":356,"column":35}},"159":{"start":{"line":359,"column":22},"end":{"line":359,"column":51}},"160":{"start":{"line":359,"column":45},"end":{"line":359,"column":49}},"161":{"start":{"line":360,"column":16},"end":{"line":360,"column":57}},"162":{"start":{"line":360,"column":34},"end":{"line":360,"column":56}},"163":{"start":{"line":363,"column":16},"end":{"line":363,"column":56}},"164":{"start":{"line":363,"column":32},"end":{"line":363,"column":54}},"165":{"start":{"line":364,"column":2},"end":{"line":364,"column":42}},"166":{"start":{"line":364,"column":21},"end":{"line":364,"column":40}},"167":{"start":{"line":366,"column":2},"end":{"line":378,"column":3}},"168":{"start":{"line":367,"column":26},"end":{"line":367,"column":40}},"169":{"start":{"line":368,"column":4},"end":{"line":368,"column":34}},"170":{"start":{"line":368,"column":25},"end":{"line":368,"column":34}},"171":{"start":{"line":369,"column":4},"end":{"line":369,"column":20}},"172":{"start":{"line":371,"column":21},"end":{"line":371,"column":53}},"173":{"start":{"line":371,"column":39},"end":{"line":371,"column":52}},"174":{"start":{"line":372,"column":4},"end":{"line":377,"column":7}},"175":{"start":{"line":373,"column":6},"end":{"line":376,"column":7}},"176":{"start":{"line":374,"column":8},"end":{"line":374,"column":39}},"177":{"start":{"line":375,"column":8},"end":{"line":375,"column":54}},"178":{"start":{"line":381,"column":22},"end":{"line":381,"column":49}},"179":{"start":{"line":382,"column":2},"end":{"line":385,"column":5}},"180":{"start":{"line":383,"column":4},"end":{"line":383,"column":60}},"181":{"start":{"line":383,"column":33},"end":{"line":383,"column":60}},"182":{"start":{"line":384,"column":4},"end":{"line":384,"column":41}},"183":{"start":{"line":387,"column":25},"end":{"line":387,"column":27}},"184":{"start":{"line":388,"column":21},"end":{"line":388,"column":23}},"185":{"start":{"line":391,"column":23},"end":{"line":391,"column":48}},"186":{"start":{"line":392,"column":2},"end":{"line":395,"column":5}},"187":{"start":{"line":393,"column":22},"end":{"line":393,"column":98}},"188":{"start":{"line":393,"column":52},"end":{"line":393,"column":96}},"189":{"start":{"line":394,"column":4},"end":{"line":394,"column":39}},"190":{"start":{"line":397,"column":6},"end":{"line":441,"column":5}},"191":{"start":{"line":398,"column":18},"end":{"line":398,"column":42}},"192":{"start":{"line":399,"column":25},"end":{"line":399,"column":60}},"193":{"start":{"line":400,"column":25},"end":{"line":400,"column":54}},"194":{"start":{"line":403,"column":23},"end":{"line":403,"column":42}},"195":{"start":{"line":404,"column":21},"end":{"line":404,"column":22}},"196":{"start":{"line":405,"column":4},"end":{"line":412,"column":5}},"197":{"start":{"line":405,"column":17},"end":{"line":405,"column":18}},"198":{"start":{"line":406,"column":21},"end":{"line":406,"column":36}},"199":{"start":{"line":407,"column":24},"end":{"line":407,"column":64}},"200":{"start":{"line":408,"column":6},"end":{"line":408,"column":30}},"201":{"start":{"line":409,"column":6},"end":{"line":411,"column":7}},"202":{"start":{"line":410,"column":8},"end":{"line":410,"column":37}},"203":{"start":{"line":415,"column":12},"end":{"line":415,"column":14}},"204":{"start":{"line":416,"column":4},"end":{"line":419,"column":5}},"205":{"start":{"line":416,"column":17},"end":{"line":416,"column":18}},"206":{"start":{"line":417,"column":26},"end":{"line":417,"column":59}},"207":{"start":{"line":418,"column":6},"end":{"line":418,"column":28}},"208":{"start":{"line":422,"column":19},"end":{"line":422,"column":34}},"209":{"start":{"line":423,"column":19},"end":{"line":423,"column":25}},"210":{"start":{"line":426,"column":4},"end":{"line":430,"column":5}},"211":{"start":{"line":426,"column":17},"end":{"line":426,"column":18}},"212":{"start":{"line":427,"column":21},"end":{"line":427,"column":36}},"213":{"start":{"line":428,"column":24},"end":{"line":428,"column":64}},"214":{"start":{"line":429,"column":6},"end":{"line":429,"column":45}},"215":{"start":{"line":433,"column":22},"end":{"line":433,"column":63}},"216":{"start":{"line":434,"column":14},"end":{"line":434,"column":38}},"217":{"start":{"line":436,"column":4},"end":{"line":440,"column":6}},"218":{"start":{"line":446,"column":26},"end":{"line":446,"column":47}},"219":{"start":{"line":447,"column":21},"end":{"line":447,"column":23}},"220":{"start":{"line":451,"column":16},"end":{"line":451,"column":17}},"221":{"start":{"line":452,"column":4},"end":{"line":454,"column":5}},"222":{"start":{"line":453,"column":6},"end":{"line":453,"column":54}},"223":{"start":{"line":455,"column":4},"end":{"line":455,"column":17}},"224":{"start":{"line":460,"column":28},"end":{"line":460,"column":30}},"225":{"start":{"line":461,"column":22},"end":{"line":461,"column":24}},"226":{"start":{"line":463,"column":18},"end":{"line":463,"column":78}},"227":{"start":{"line":465,"column":4},"end":{"line":485,"column":5}},"228":{"start":{"line":466,"column":6},"end":{"line":466,"column":33}},"229":{"start":{"line":466,"column":24},"end":{"line":466,"column":33}},"230":{"start":{"line":468,"column":23},"end":{"line":468,"column":41}},"231":{"start":{"line":469,"column":6},"end":{"line":484,"column":7}},"232":{"start":{"line":470,"column":8},"end":{"line":470,"column":31}},"233":{"start":{"line":472,"column":8},"end":{"line":483,"column":9}},"234":{"start":{"line":473,"column":10},"end":{"line":473,"column":41}},"235":{"start":{"line":474,"column":10},"end":{"line":474,"column":29}},"236":{"start":{"line":476,"column":10},"end":{"line":482,"column":11}},"237":{"start":{"line":477,"column":30},"end":{"line":477,"column":79}},"238":{"start":{"line":478,"column":12},"end":{"line":478,"column":34}},"239":{"start":{"line":479,"column":12},"end":{"line":479,"column":29}},"240":{"start":{"line":481,"column":12},"end":{"line":481,"column":31}},"241":{"start":{"line":487,"column":4},"end":{"line":489,"column":5}},"242":{"start":{"line":488,"column":6},"end":{"line":488,"column":37}},"243":{"start":{"line":491,"column":4},"end":{"line":491,"column":17}},"244":{"start":{"line":494,"column":23},"end":{"line":494,"column":54}},"245":{"start":{"line":495,"column":19},"end":{"line":495,"column":20}},"246":{"start":{"line":496,"column":23},"end":{"line":496,"column":54}},"247":{"start":{"line":499,"column":22},"end":{"line":500,"column":79}},"248":{"start":{"line":500,"column":4},"end":{"line":500,"column":55}},"249":{"start":{"line":501,"column":20},"end":{"line":501,"column":65}},"250":{"start":{"line":502,"column":16},"end":{"line":502,"column":30}},"251":{"start":{"line":503,"column":17},"end":{"line":503,"column":68}},"252":{"start":{"line":505,"column":2},"end":{"line":505,"column":27}},"253":{"start":{"line":510,"column":2},"end":{"line":510,"column":39}},"254":{"start":{"line":510,"column":26},"end":{"line":510,"column":39}},"255":{"start":{"line":512,"column":21},"end":{"line":512,"column":24}},"256":{"start":{"line":513,"column":29},"end":{"line":513,"column":31}},"257":{"start":{"line":516,"column":25},"end":{"line":516,"column":77}},"258":{"start":{"line":517,"column":2},"end":{"line":520,"column":5}},"259":{"start":{"line":518,"column":23},"end":{"line":518,"column":74}},"260":{"start":{"line":519,"column":4},"end":{"line":519,"column":44}},"261":{"start":{"line":523,"column":19},"end":{"line":523,"column":51}},"262":{"start":{"line":523,"column":35},"end":{"line":523,"column":50}},"263":{"start":{"line":524,"column":2},"end":{"line":527,"column":3}},"264":{"start":{"line":525,"column":4},"end":{"line":525,"column":19}},"265":{"start":{"line":526,"column":4},"end":{"line":526,"column":19}},"266":{"start":{"line":534,"column":7},"end":{"line":534,"column":9}},"267":{"start":{"line":536,"column":2},"end":{"line":543,"column":3}},"268":{"start":{"line":537,"column":21},"end":{"line":537,"column":53}},"269":{"start":{"line":538,"column":4},"end":{"line":542,"column":7}},"270":{"start":{"line":546,"column":22},"end":{"line":546,"column":47}},"271":{"start":{"line":547,"column":2},"end":{"line":553,"column":5}},"272":{"start":{"line":548,"column":18},"end":{"line":548,"column":33}},"273":{"start":{"line":549,"column":4},"end":{"line":552,"column":5}},"274":{"start":{"line":550,"column":6},"end":{"line":550,"column":62}},"275":{"start":{"line":550,"column":35},"end":{"line":550,"column":62}},"276":{"start":{"line":551,"column":6},"end":{"line":551,"column":41}},"277":{"start":{"line":556,"column":23},"end":{"line":556,"column":75}},"278":{"start":{"line":556,"column":69},"end":{"line":556,"column":74}},"279":{"start":{"line":558,"column":2},"end":{"line":657,"column":5}},"280":{"start":{"line":559,"column":23},"end":{"line":559,"column":46}},"281":{"start":{"line":560,"column":14},"end":{"line":560,"column":32}},"282":{"start":{"line":563,"column":26},"end":{"line":563,"column":51}},"283":{"start":{"line":564,"column":4},"end":{"line":568,"column":7}},"284":{"start":{"line":565,"column":23},"end":{"line":565,"column":44}},"285":{"start":{"line":566,"column":6},"end":{"line":566,"column":72}},"286":{"start":{"line":566,"column":40},"end":{"line":566,"column":72}},"287":{"start":{"line":567,"column":6},"end":{"line":567,"column":46}},"288":{"start":{"line":577,"column":9},"end":{"line":577,"column":11}},"289":{"start":{"line":579,"column":4},"end":{"line":602,"column":7}},"290":{"start":{"line":580,"column":25},"end":{"line":580,"column":59}},"291":{"start":{"line":580,"column":41},"end":{"line":580,"column":58}},"292":{"start":{"line":581,"column":22},"end":{"line":581,"column":51}},"293":{"start":{"line":584,"column":24},"end":{"line":584,"column":25}},"294":{"start":{"line":585,"column":6},"end":{"line":591,"column":7}},"295":{"start":{"line":585,"column":19},"end":{"line":585,"column":20}},"296":{"start":{"line":586,"column":27},"end":{"line":586,"column":75}},"297":{"start":{"line":587,"column":8},"end":{"line":587,"column":34}},"298":{"start":{"line":588,"column":8},"end":{"line":590,"column":9}},"299":{"start":{"line":589,"column":10},"end":{"line":589,"column":44}},"300":{"start":{"line":593,"column":30},"end":{"line":593,"column":55}},"301":{"start":{"line":595,"column":6},"end":{"line":601,"column":9}},"302":{"start":{"line":605,"column":4},"end":{"line":605,"column":72}},"303":{"start":{"line":605,"column":33},"end":{"line":605,"column":70}},"304":{"start":{"line":608,"column":4},"end":{"line":656,"column":7}},"305":{"start":{"line":609,"column":19},"end":{"line":609,"column":40}},"306":{"start":{"line":612,"column":28},"end":{"line":612,"column":32}},"307":{"start":{"line":613,"column":6},"end":{"line":637,"column":7}},"308":{"start":{"line":614,"column":8},"end":{"line":614,"column":32}},"309":{"start":{"line":617,"column":23},"end":{"line":617,"column":29}},"310":{"start":{"line":618,"column":8},"end":{"line":636,"column":9}},"311":{"start":{"line":619,"column":32},"end":{"line":619,"column":76}},"312":{"start":{"line":620,"column":29},"end":{"line":620,"column":37}},"313":{"start":{"line":621,"column":32},"end":{"line":621,"column":56}},"314":{"start":{"line":624,"column":10},"end":{"line":632,"column":11}},"315":{"start":{"line":625,"column":29},"end":{"line":625,"column":123}},"316":{"start":{"line":626,"column":12},"end":{"line":631,"column":13}},"317":{"start":{"line":628,"column":14},"end":{"line":628,"column":62}},"318":{"start":{"line":629,"column":14},"end":{"line":629,"column":37}},"319":{"start":{"line":630,"column":14},"end":{"line":630,"column":20}},"320":{"start":{"line":634,"column":10},"end":{"line":634,"column":37}},"321":{"start":{"line":634,"column":31},"end":{"line":634,"column":37}},"322":{"start":{"line":635,"column":10},"end":{"line":635,"column":57}},"323":{"start":{"line":640,"column":21},"end":{"line":640,"column":27}},"324":{"start":{"line":641,"column":6},"end":{"line":655,"column":9}},"325":{"start":{"line":642,"column":30},"end":{"line":642,"column":74}},"326":{"start":{"line":644,"column":8},"end":{"line":644,"column":22}},"327":{"start":{"line":645,"column":8},"end":{"line":645,"column":49}},"328":{"start":{"line":648,"column":8},"end":{"line":652,"column":11}},"329":{"start":{"line":654,"column":8},"end":{"line":654,"column":55}},"330":{"start":{"line":659,"column":2},"end":{"line":659,"column":15}},"331":{"start":{"line":664,"column":2},"end":{"line":666,"column":3}},"332":{"start":{"line":665,"column":4},"end":{"line":665,"column":148}},"333":{"start":{"line":668,"column":26},"end":{"line":668,"column":70}},"334":{"start":{"line":671,"column":20},"end":{"line":671,"column":23}},"335":{"start":{"line":672,"column":21},"end":{"line":672,"column":23}},"336":{"start":{"line":673,"column":18},"end":{"line":673,"column":20}},"337":{"start":{"line":675,"column":15},"end":{"line":675,"column":83}},"338":{"start":{"line":675,"column":52},"end":{"line":675,"column":55}},"339":{"start":{"line":676,"column":15},"end":{"line":676,"column":83}},"340":{"start":{"line":676,"column":52},"end":{"line":676,"column":55}},"341":{"start":{"line":677,"column":15},"end":{"line":677,"column":84}},"342":{"start":{"line":677,"column":52},"end":{"line":677,"column":55}},"343":{"start":{"line":678,"column":15},"end":{"line":678,"column":84}},"344":{"start":{"line":678,"column":52},"end":{"line":678,"column":55}},"345":{"start":{"line":680,"column":16},"end":{"line":680,"column":27}},"346":{"start":{"line":681,"column":17},"end":{"line":681,"column":28}},"347":{"start":{"line":683,"column":12},"end":{"line":683,"column":118}},"348":{"start":{"line":686,"column":2},"end":{"line":719,"column":11}},"349":{"start":{"line":722,"column":2},"end":{"line":753,"column":5}},"350":{"start":{"line":723,"column":21},"end":{"line":723,"column":66}},"351":{"start":{"line":723,"column":47},"end":{"line":723,"column":65}},"352":{"start":{"line":724,"column":19},"end":{"line":724,"column":62}},"353":{"start":{"line":724,"column":45},"end":{"line":724,"column":61}},"354":{"start":{"line":726,"column":4},"end":{"line":752,"column":5}},"355":{"start":{"line":728,"column":17},"end":{"line":728,"column":38}},"356":{"start":{"line":729,"column":17},"end":{"line":729,"column":38}},"357":{"start":{"line":730,"column":21},"end":{"line":730,"column":49}},"358":{"start":{"line":732,"column":6},"end":{"line":751,"column":7}},"359":{"start":{"line":733,"column":22},"end":{"line":733,"column":33}},"360":{"start":{"line":734,"column":22},"end":{"line":734,"column":33}},"361":{"start":{"line":737,"column":22},"end":{"line":737,"column":58}},"362":{"start":{"line":738,"column":22},"end":{"line":738,"column":59}},"363":{"start":{"line":739,"column":20},"end":{"line":739,"column":54}},"364":{"start":{"line":740,"column":20},"end":{"line":740,"column":55}},"365":{"start":{"line":742,"column":8},"end":{"line":742,"column":97}},"366":{"start":{"line":744,"column":8},"end":{"line":750,"column":9}},"367":{"start":{"line":745,"column":23},"end":{"line":745,"column":40}},"368":{"start":{"line":746,"column":23},"end":{"line":746,"column":40}},"369":{"start":{"line":747,"column":25},"end":{"line":747,"column":49}},"370":{"start":{"line":748,"column":10},"end":{"line":748,"column":132}},"371":{"start":{"line":749,"column":10},"end":{"line":749,"column":93}},"372":{"start":{"line":756,"column":2},"end":{"line":848,"column":5}},"373":{"start":{"line":757,"column":14},"end":{"line":757,"column":20}},"374":{"start":{"line":758,"column":14},"end":{"line":758,"column":20}},"375":{"start":{"line":761,"column":27},"end":{"line":761,"column":70}},"376":{"start":{"line":762,"column":24},"end":{"line":762,"column":44}},"377":{"start":{"line":763,"column":25},"end":{"line":763,"column":46}},"378":{"start":{"line":765,"column":4},"end":{"line":773,"column":5}},"379":{"start":{"line":766,"column":6},"end":{"line":766,"column":72}},"380":{"start":{"line":767,"column":11},"end":{"line":773,"column":5}},"381":{"start":{"line":768,"column":6},"end":{"line":768,"column":107}},"382":{"start":{"line":771,"column":17},"end":{"line":771,"column":53}},"383":{"start":{"line":772,"column":6},"end":{"line":772,"column":153}},"384":{"start":{"line":776,"column":17},"end":{"line":776,"column":26}},"385":{"start":{"line":777,"column":28},"end":{"line":777,"column":30}},"386":{"start":{"line":778,"column":23},"end":{"line":778,"column":25}},"387":{"start":{"line":783,"column":18},"end":{"line":783,"column":19}},"388":{"start":{"line":784,"column":6},"end":{"line":786,"column":7}},"389":{"start":{"line":785,"column":8},"end":{"line":785,"column":56}},"390":{"start":{"line":787,"column":6},"end":{"line":787,"column":19}},"391":{"start":{"line":792,"column":30},"end":{"line":792,"column":32}},"392":{"start":{"line":793,"column":24},"end":{"line":793,"column":26}},"393":{"start":{"line":796,"column":20},"end":{"line":796,"column":80}},"394":{"start":{"line":798,"column":6},"end":{"line":819,"column":7}},"395":{"start":{"line":799,"column":8},"end":{"line":799,"column":35}},"396":{"start":{"line":799,"column":26},"end":{"line":799,"column":35}},"397":{"start":{"line":801,"column":25},"end":{"line":801,"column":43}},"398":{"start":{"line":802,"column":8},"end":{"line":818,"column":9}},"399":{"start":{"line":803,"column":10},"end":{"line":803,"column":33}},"400":{"start":{"line":805,"column":10},"end":{"line":817,"column":11}},"401":{"start":{"line":806,"column":12},"end":{"line":806,"column":43}},"402":{"start":{"line":807,"column":12},"end":{"line":807,"column":31}},"403":{"start":{"line":810,"column":12},"end":{"line":816,"column":13}},"404":{"start":{"line":811,"column":32},"end":{"line":811,"column":81}},"405":{"start":{"line":812,"column":14},"end":{"line":812,"column":36}},"406":{"start":{"line":813,"column":14},"end":{"line":813,"column":31}},"407":{"start":{"line":815,"column":14},"end":{"line":815,"column":33}},"408":{"start":{"line":821,"column":6},"end":{"line":823,"column":7}},"409":{"start":{"line":822,"column":8},"end":{"line":822,"column":39}},"410":{"start":{"line":825,"column":6},"end":{"line":825,"column":19}},"411":{"start":{"line":828,"column":25},"end":{"line":828,"column":56}},"412":{"start":{"line":829,"column":21},"end":{"line":829,"column":22}},"413":{"start":{"line":830,"column":25},"end":{"line":830,"column":56}},"414":{"start":{"line":833,"column":4},"end":{"line":836,"column":5}},"415":{"start":{"line":834,"column":23},"end":{"line":834,"column":49}},"416":{"start":{"line":835,"column":6},"end":{"line":835,"column":65}},"417":{"start":{"line":839,"column":4},"end":{"line":847,"column":5}},"418":{"start":{"line":840,"column":6},"end":{"line":840,"column":89}},"419":{"start":{"line":842,"column":21},"end":{"line":842,"column":67}},"420":{"start":{"line":843,"column":6},"end":{"line":846,"column":9}},"421":{"start":{"line":844,"column":22},"end":{"line":844,"column":49}},"422":{"start":{"line":845,"column":8},"end":{"line":845,"column":84}},"423":{"start":{"line":850,"column":2},"end":{"line":850,"column":18}},"424":{"start":{"line":851,"column":2},"end":{"line":851,"column":13}},"425":{"start":{"line":856,"column":2},"end":{"line":858,"column":3}},"426":{"start":{"line":857,"column":4},"end":{"line":857,"column":146}},"427":{"start":{"line":860,"column":26},"end":{"line":860,"column":68}},"428":{"start":{"line":863,"column":18},"end":{"line":863,"column":20}},"429":{"start":{"line":864,"column":15},"end":{"line":864,"column":73}},"430":{"start":{"line":864,"column":52},"end":{"line":864,"column":55}},"431":{"start":{"line":865,"column":15},"end":{"line":865,"column":73}},"432":{"start":{"line":865,"column":52},"end":{"line":865,"column":55}},"433":{"start":{"line":866,"column":15},"end":{"line":866,"column":72}},"434":{"start":{"line":866,"column":52},"end":{"line":866,"column":55}},"435":{"start":{"line":867,"column":15},"end":{"line":867,"column":72}},"436":{"start":{"line":867,"column":52},"end":{"line":867,"column":55}},"437":{"start":{"line":869,"column":16},"end":{"line":869,"column":27}},"438":{"start":{"line":870,"column":17},"end":{"line":870,"column":28}},"439":{"start":{"line":872,"column":12},"end":{"line":872,"column":118}},"440":{"start":{"line":875,"column":2},"end":{"line":907,"column":11}},"441":{"start":{"line":910,"column":2},"end":{"line":943,"column":5}},"442":{"start":{"line":911,"column":21},"end":{"line":911,"column":66}},"443":{"start":{"line":911,"column":47},"end":{"line":911,"column":65}},"444":{"start":{"line":912,"column":19},"end":{"line":912,"column":62}},"445":{"start":{"line":912,"column":45},"end":{"line":912,"column":61}},"446":{"start":{"line":914,"column":4},"end":{"line":942,"column":5}},"447":{"start":{"line":915,"column":24},"end":{"line":915,"column":27}},"448":{"start":{"line":916,"column":25},"end":{"line":916,"column":27}},"449":{"start":{"line":921,"column":6},"end":{"line":929,"column":7}},"450":{"start":{"line":923,"column":8},"end":{"line":923,"column":43}},"451":{"start":{"line":924,"column":8},"end":{"line":924,"column":39}},"452":{"start":{"line":927,"column":8},"end":{"line":927,"column":43}},"453":{"start":{"line":928,"column":8},"end":{"line":928,"column":39}},"454":{"start":{"line":931,"column":6},"end":{"line":931,"column":25}},"455":{"start":{"line":932,"column":6},"end":{"line":932,"column":21}},"456":{"start":{"line":935,"column":33},"end":{"line":935,"column":60}},"457":{"start":{"line":936,"column":19},"end":{"line":936,"column":83}},"458":{"start":{"line":937,"column":19},"end":{"line":937,"column":24}},"459":{"start":{"line":938,"column":19},"end":{"line":938,"column":81}},"460":{"start":{"line":939,"column":19},"end":{"line":939,"column":22}},"461":{"start":{"line":941,"column":6},"end":{"line":941,"column":125}},"462":{"start":{"line":946,"column":2},"end":{"line":1035,"column":5}},"463":{"start":{"line":947,"column":14},"end":{"line":947,"column":20}},"464":{"start":{"line":948,"column":14},"end":{"line":948,"column":20}},"465":{"start":{"line":951,"column":17},"end":{"line":951,"column":26}},"466":{"start":{"line":952,"column":28},"end":{"line":952,"column":54}},"467":{"start":{"line":953,"column":23},"end":{"line":953,"column":25}},"468":{"start":{"line":957,"column":18},"end":{"line":957,"column":19}},"469":{"start":{"line":958,"column":6},"end":{"line":960,"column":7}},"470":{"start":{"line":959,"column":8},"end":{"line":959,"column":56}},"471":{"start":{"line":961,"column":6},"end":{"line":961,"column":19}},"472":{"start":{"line":966,"column":30},"end":{"line":966,"column":32}},"473":{"start":{"line":967,"column":24},"end":{"line":967,"column":26}},"474":{"start":{"line":969,"column":20},"end":{"line":969,"column":80}},"475":{"start":{"line":971,"column":6},"end":{"line":991,"column":7}},"476":{"start":{"line":972,"column":8},"end":{"line":972,"column":35}},"477":{"start":{"line":972,"column":26},"end":{"line":972,"column":35}},"478":{"start":{"line":974,"column":25},"end":{"line":974,"column":43}},"479":{"start":{"line":975,"column":8},"end":{"line":990,"column":9}},"480":{"start":{"line":976,"column":10},"end":{"line":976,"column":33}},"481":{"start":{"line":978,"column":10},"end":{"line":989,"column":11}},"482":{"start":{"line":979,"column":12},"end":{"line":979,"column":43}},"483":{"start":{"line":980,"column":12},"end":{"line":980,"column":31}},"484":{"start":{"line":982,"column":12},"end":{"line":988,"column":13}},"485":{"start":{"line":983,"column":32},"end":{"line":983,"column":81}},"486":{"start":{"line":984,"column":14},"end":{"line":984,"column":36}},"487":{"start":{"line":985,"column":14},"end":{"line":985,"column":31}},"488":{"start":{"line":987,"column":14},"end":{"line":987,"column":33}},"489":{"start":{"line":993,"column":6},"end":{"line":995,"column":7}},"490":{"start":{"line":994,"column":8},"end":{"line":994,"column":39}},"491":{"start":{"line":997,"column":6},"end":{"line":997,"column":19}},"492":{"start":{"line":1000,"column":25},"end":{"line":1000,"column":56}},"493":{"start":{"line":1001,"column":21},"end":{"line":1001,"column":22}},"494":{"start":{"line":1002,"column":25},"end":{"line":1002,"column":56}},"495":{"start":{"line":1005,"column":4},"end":{"line":1008,"column":5}},"496":{"start":{"line":1006,"column":23},"end":{"line":1006,"column":49}},"497":{"start":{"line":1007,"column":6},"end":{"line":1007,"column":65}},"498":{"start":{"line":1011,"column":24},"end":{"line":1012,"column":81}},"499":{"start":{"line":1012,"column":6},"end":{"line":1012,"column":57}},"500":{"start":{"line":1013,"column":22},"end":{"line":1013,"column":67}},"501":{"start":{"line":1014,"column":18},"end":{"line":1014,"column":32}},"502":{"start":{"line":1015,"column":19},"end":{"line":1015,"column":70}},"503":{"start":{"line":1018,"column":20},"end":{"line":1018,"column":34}},"504":{"start":{"line":1019,"column":4},"end":{"line":1020,"column":60}},"505":{"start":{"line":1019,"column":26},"end":{"line":1019,"column":53}},"506":{"start":{"line":1020,"column":9},"end":{"line":1020,"column":60}},"507":{"start":{"line":1020,"column":31},"end":{"line":1020,"column":60}},"508":{"start":{"line":1023,"column":4},"end":{"line":1023,"column":126}},"509":{"start":{"line":1026,"column":4},"end":{"line":1034,"column":5}},"510":{"start":{"line":1027,"column":6},"end":{"line":1027,"column":86}},"511":{"start":{"line":1029,"column":21},"end":{"line":1029,"column":67}},"512":{"start":{"line":1030,"column":6},"end":{"line":1033,"column":9}},"513":{"start":{"line":1031,"column":22},"end":{"line":1031,"column":49}},"514":{"start":{"line":1032,"column":8},"end":{"line":1032,"column":81}},"515":{"start":{"line":1037,"column":2},"end":{"line":1037,"column":18}},"516":{"start":{"line":1038,"column":2},"end":{"line":1038,"column":13}},"517":{"start":{"line":1043,"column":16},"end":{"line":1043,"column":41}},"518":{"start":{"line":1044,"column":59},"end":{"line":1044,"column":61}},"519":{"start":{"line":1046,"column":2},"end":{"line":1053,"column":5}},"520":{"start":{"line":1047,"column":18},"end":{"line":1047,"column":63}},"521":{"start":{"line":1048,"column":4},"end":{"line":1052,"column":5}},"522":{"start":{"line":1049,"column":34},"end":{"line":1049,"column":39}},"523":{"start":{"line":1050,"column":20},"end":{"line":1050,"column":40}},"524":{"start":{"line":1051,"column":6},"end":{"line":1051,"column":37}},"525":{"start":{"line":1055,"column":2},"end":{"line":1057,"column":3}},"526":{"start":{"line":1056,"column":4},"end":{"line":1056,"column":144}},"527":{"start":{"line":1059,"column":16},"end":{"line":1059,"column":66}},"528":{"start":{"line":1059,"column":46},"end":{"line":1059,"column":62}},"529":{"start":{"line":1060,"column":17},"end":{"line":1060,"column":105}},"530":{"start":{"line":1062,"column":12},"end":{"line":1062,"column":84}},"531":{"start":{"line":1063,"column":2},"end":{"line":1082,"column":11}},"532":{"start":{"line":1084,"column":18},"end":{"line":1084,"column":21}},"533":{"start":{"line":1085,"column":18},"end":{"line":1085,"column":21}},"534":{"start":{"line":1086,"column":17},"end":{"line":1086,"column":20}},"535":{"start":{"line":1087,"column":19},"end":{"line":1087,"column":20}},"536":{"start":{"line":1090,"column":2},"end":{"line":1112,"column":5}},"537":{"start":{"line":1091,"column":23},"end":{"line":1091,"column":41}},"538":{"start":{"line":1092,"column":21},"end":{"line":1092,"column":60}},"539":{"start":{"line":1094,"column":15},"end":{"line":1094,"column":54}},"540":{"start":{"line":1095,"column":15},"end":{"line":1095,"column":54}},"541":{"start":{"line":1096,"column":15},"end":{"line":1096,"column":52}},"542":{"start":{"line":1097,"column":15},"end":{"line":1097,"column":52}},"543":{"start":{"line":1099,"column":21},"end":{"line":1099,"column":61}},"544":{"start":{"line":1101,"column":21},"end":{"line":1106,"column":15}},"545":{"start":{"line":1108,"column":18},"end":{"line":1108,"column":47}},"546":{"start":{"line":1109,"column":4},"end":{"line":1109,"column":72}},"547":{"start":{"line":1111,"column":4},"end":{"line":1111,"column":26}},"548":{"start":{"line":1115,"column":16},"end":{"line":1115,"column":18}},"549":{"start":{"line":1116,"column":2},"end":{"line":1124,"column":5}},"550":{"start":{"line":1117,"column":18},"end":{"line":1117,"column":47}},"551":{"start":{"line":1118,"column":23},"end":{"line":1118,"column":62}},"552":{"start":{"line":1120,"column":4},"end":{"line":1120,"column":96}},"553":{"start":{"line":1121,"column":4},"end":{"line":1121,"column":80}},"554":{"start":{"line":1122,"column":4},"end":{"line":1122,"column":141}},"555":{"start":{"line":1123,"column":4},"end":{"line":1123,"column":18}},"556":{"start":{"line":1126,"column":2},"end":{"line":1126,"column":18}},"557":{"start":{"line":1127,"column":2},"end":{"line":1127,"column":13}},"558":{"start":{"line":1134,"column":44},"end":{"line":1138,"column":2}},"559":{"start":{"line":1142,"column":15},"end":{"line":1142,"column":59}},"560":{"start":{"line":1144,"column":2},"end":{"line":1150,"column":10}},"561":{"start":{"line":1154,"column":13},"end":{"line":1164,"column":2}},"562":{"start":{"line":1168,"column":2},"end":{"line":1187,"column":3}},"563":{"start":{"line":1169,"column":17},"end":{"line":1169,"column":39}},"564":{"start":{"line":1171,"column":4},"end":{"line":1183,"column":5}},"565":{"start":{"line":1172,"column":18},"end":{"line":1172,"column":42}},"566":{"start":{"line":1173,"column":6},"end":{"line":1173,"column":63}},"567":{"start":{"line":1174,"column":11},"end":{"line":1183,"column":5}},"568":{"start":{"line":1175,"column":18},"end":{"line":1175,"column":40}},"569":{"start":{"line":1176,"column":6},"end":{"line":1176,"column":61}},"570":{"start":{"line":1177,"column":11},"end":{"line":1183,"column":5}},"571":{"start":{"line":1178,"column":18},"end":{"line":1178,"column":47}},"572":{"start":{"line":1179,"column":6},"end":{"line":1179,"column":63}},"573":{"start":{"line":1182,"column":6},"end":{"line":1182,"column":104}},"574":{"start":{"line":1185,"column":4},"end":{"line":1185,"column":50}},"575":{"start":{"line":1186,"column":4},"end":{"line":1186,"column":106}},"576":{"start":{"line":1192,"column":16},"end":{"line":1192,"column":32}},"577":{"start":{"line":1193,"column":22},"end":{"line":1193,"column":51}},"578":{"start":{"line":1195,"column":20},"end":{"line":1195,"column":29}},"579":{"start":{"line":1196,"column":2},"end":{"line":1210,"column":3}},"580":{"start":{"line":1197,"column":4},"end":{"line":1197,"column":30}},"581":{"start":{"line":1198,"column":9},"end":{"line":1210,"column":3}},"582":{"start":{"line":1199,"column":4},"end":{"line":1199,"column":53}},"583":{"start":{"line":1200,"column":9},"end":{"line":1210,"column":3}},"584":{"start":{"line":1201,"column":4},"end":{"line":1201,"column":50}},"585":{"start":{"line":1202,"column":9},"end":{"line":1210,"column":3}},"586":{"start":{"line":1203,"column":4},"end":{"line":1203,"column":50}},"587":{"start":{"line":1204,"column":9},"end":{"line":1210,"column":3}},"588":{"start":{"line":1205,"column":4},"end":{"line":1205,"column":48}},"589":{"start":{"line":1206,"column":9},"end":{"line":1210,"column":3}},"590":{"start":{"line":1207,"column":4},"end":{"line":1207,"column":30}},"591":{"start":{"line":1208,"column":9},"end":{"line":1210,"column":3}},"592":{"start":{"line":1209,"column":4},"end":{"line":1209,"column":28}},"593":{"start":{"line":1212,"column":23},"end":{"line":1214,"column":32}},"594":{"start":{"line":1216,"column":2},"end":{"line":1225,"column":10}}},"fnMap":{"0":{"name":"parseMermaidCode","decl":{"start":{"line":27,"column":9},"end":{"line":27,"column":25}},"loc":{"start":{"line":27,"column":38},"end":{"line":60,"column":1}}},"1":{"name":"(anonymous_1)","decl":{"start":{"line":30,"column":29},"end":{"line":30,"column":33}},"loc":{"start":{"line":30,"column":37},"end":{"line":30,"column":48}}},"2":{"name":"(anonymous_2)","decl":{"start":{"line":30,"column":57},"end":{"line":30,"column":61}},"loc":{"start":{"line":30,"column":65},"end":{"line":30,"column":69}}},"3":{"name":"(anonymous_3)","decl":{"start":{"line":55,"column":50},"end":{"line":55,"column":54}},"loc":{"start":{"line":55,"column":58},"end":{"line":55,"column":69}}},"4":{"name":"parseFlowchart","decl":{"start":{"line":63,"column":9},"end":{"line":63,"column":23}},"loc":{"start":{"line":63,"column":39},"end":{"line":133,"column":1}}},"5":{"name":"(anonymous_5)","decl":{"start":{"line":68,"column":16},"end":{"line":68,"column":20}},"loc":{"start":{"line":68,"column":23},"end":{"line":87,"column":3}}},"6":{"name":"(anonymous_6)","decl":{"start":{"line":90,"column":16},"end":{"line":90,"column":20}},"loc":{"start":{"line":90,"column":23},"end":{"line":126,"column":3}}},"7":{"name":"parseNodeTextAndShape","decl":{"start":{"line":136,"column":9},"end":{"line":136,"column":30}},"loc":{"start":{"line":136,"column":90},"end":{"line":189,"column":1}}},"8":{"name":"parseMindmap","decl":{"start":{"line":192,"column":9},"end":{"line":192,"column":21}},"loc":{"start":{"line":192,"column":37},"end":{"line":259,"column":1}}},"9":{"name":"(anonymous_9)","decl":{"start":{"line":219,"column":25},"end":{"line":219,"column":26}},"loc":{"start":{"line":219,"column":41},"end":{"line":252,"column":3}}},"10":{"name":"parsePieChart","decl":{"start":{"line":262,"column":9},"end":{"line":262,"column":22}},"loc":{"start":{"line":262,"column":38},"end":{"line":280,"column":1}}},"11":{"name":"(anonymous_11)","decl":{"start":{"line":266,"column":16},"end":{"line":266,"column":20}},"loc":{"start":{"line":266,"column":23},"end":{"line":273,"column":3}}},"12":{"name":"calculateFlowchartNodeDimensions","decl":{"start":{"line":283,"column":9},"end":{"line":283,"column":41}},"loc":{"start":{"line":283,"column":54},"end":{"line":341,"column":1}}},"13":{"name":"getTextWidth","decl":{"start":{"line":288,"column":11},"end":{"line":288,"column":23}},"loc":{"start":{"line":288,"column":36},"end":{"line":294,"column":3}}},"14":{"name":"wrapText","decl":{"start":{"line":297,"column":11},"end":{"line":297,"column":19}},"loc":{"start":{"line":297,"column":50},"end":{"line":330,"column":3}}},"15":{"name":"layoutFlowchartNodes","decl":{"start":{"line":344,"column":9},"end":{"line":344,"column":29}},"loc":{"start":{"line":344,"column":58},"end":{"line":442,"column":1}}},"16":{"name":"(anonymous_16)","decl":{"start":{"line":349,"column":16},"end":{"line":349,"column":20}},"loc":{"start":{"line":349,"column":23},"end":{"line":352,"column":3}}},"17":{"name":"(anonymous_17)","decl":{"start":{"line":359,"column":40},"end":{"line":359,"column":41}},"loc":{"start":{"line":359,"column":45},"end":{"line":359,"column":49}}},"18":{"name":"(anonymous_18)","decl":{"start":{"line":360,"column":29},"end":{"line":360,"column":30}},"loc":{"start":{"line":360,"column":34},"end":{"line":360,"column":56}}},"19":{"name":"(anonymous_19)","decl":{"start":{"line":363,"column":26},"end":{"line":363,"column":27}},"loc":{"start":{"line":363,"column":32},"end":{"line":363,"column":54}}},"20":{"name":"(anonymous_20)","decl":{"start":{"line":364,"column":16},"end":{"line":364,"column":17}},"loc":{"start":{"line":364,"column":21},"end":{"line":364,"column":40}}},"21":{"name":"(anonymous_21)","decl":{"start":{"line":371,"column":34},"end":{"line":371,"column":35}},"loc":{"start":{"line":371,"column":39},"end":{"line":371,"column":52}}},"22":{"name":"(anonymous_22)","decl":{"start":{"line":372,"column":21},"end":{"line":372,"column":25}},"loc":{"start":{"line":372,"column":28},"end":{"line":377,"column":5}}},"23":{"name":"(anonymous_23)","decl":{"start":{"line":382,"column":17},"end":{"line":382,"column":18}},"loc":{"start":{"line":382,"column":35},"end":{"line":385,"column":3}}},"24":{"name":"(anonymous_24)","decl":{"start":{"line":392,"column":22},"end":{"line":392,"column":23}},"loc":{"start":{"line":392,"column":41},"end":{"line":395,"column":3}}},"25":{"name":"(anonymous_25)","decl":{"start":{"line":393,"column":46},"end":{"line":393,"column":48}},"loc":{"start":{"line":393,"column":52},"end":{"line":393,"column":96}}},"26":{"name":"(anonymous_26)","decl":{"start":{"line":397,"column":23},"end":{"line":397,"column":27}},"loc":{"start":{"line":397,"column":30},"end":{"line":441,"column":3}}},"27":{"name":"calculateNodeDimensions","decl":{"start":{"line":445,"column":9},"end":{"line":445,"column":32}},"loc":{"start":{"line":445,"column":60},"end":{"line":506,"column":1}}},"28":{"name":"getTextWidth","decl":{"start":{"line":450,"column":11},"end":{"line":450,"column":23}},"loc":{"start":{"line":450,"column":36},"end":{"line":456,"column":3}}},"29":{"name":"wrapText","decl":{"start":{"line":459,"column":11},"end":{"line":459,"column":19}},"loc":{"start":{"line":459,"column":50},"end":{"line":492,"column":3}}},"30":{"name":"(anonymous_30)","decl":{"start":{"line":499,"column":42},"end":{"line":499,"column":43}},"loc":{"start":{"line":500,"column":4},"end":{"line":500,"column":55}}},"31":{"name":"layoutMindmapNodes","decl":{"start":{"line":509,"column":9},"end":{"line":509,"column":27}},"loc":{"start":{"line":509,"column":56},"end":{"line":660,"column":1}}},"32":{"name":"(anonymous_32)","decl":{"start":{"line":517,"column":16},"end":{"line":517,"column":20}},"loc":{"start":{"line":517,"column":23},"end":{"line":520,"column":3}}},"33":{"name":"(anonymous_33)","decl":{"start":{"line":523,"column":30},"end":{"line":523,"column":31}},"loc":{"start":{"line":523,"column":35},"end":{"line":523,"column":50}}},"34":{"name":"(anonymous_34)","decl":{"start":{"line":547,"column":16},"end":{"line":547,"column":20}},"loc":{"start":{"line":547,"column":23},"end":{"line":553,"column":3}}},"35":{"name":"(anonymous_35)","decl":{"start":{"line":556,"column":59},"end":{"line":556,"column":60}},"loc":{"start":{"line":556,"column":69},"end":{"line":556,"column":74}}},"36":{"name":"(anonymous_36)","decl":{"start":{"line":558,"column":23},"end":{"line":558,"column":28}},"loc":{"start":{"line":558,"column":31},"end":{"line":657,"column":3}}},"37":{"name":"(anonymous_37)","decl":{"start":{"line":564,"column":23},"end":{"line":564,"column":27}},"loc":{"start":{"line":564,"column":30},"end":{"line":568,"column":5}}},"38":{"name":"(anonymous_38)","decl":{"start":{"line":579,"column":26},"end":{"line":579,"column":27}},"loc":{"start":{"line":579,"column":49},"end":{"line":602,"column":5}}},"39":{"name":"(anonymous_39)","decl":{"start":{"line":580,"column":36},"end":{"line":580,"column":37}},"loc":{"start":{"line":580,"column":41},"end":{"line":580,"column":58}}},"40":{"name":"(anonymous_40)","decl":{"start":{"line":605,"column":23},"end":{"line":605,"column":24}},"loc":{"start":{"line":605,"column":33},"end":{"line":605,"column":70}}},"41":{"name":"(anonymous_41)","decl":{"start":{"line":608,"column":26},"end":{"line":608,"column":31}},"loc":{"start":{"line":608,"column":34},"end":{"line":656,"column":5}}},"42":{"name":"(anonymous_42)","decl":{"start":{"line":641,"column":29},"end":{"line":641,"column":36}},"loc":{"start":{"line":641,"column":39},"end":{"line":655,"column":7}}},"43":{"name":"renderFlowchartSVG","decl":{"start":{"line":663,"column":9},"end":{"line":663,"column":27}},"loc":{"start":{"line":663,"column":45},"end":{"line":852,"column":1}}},"44":{"name":"(anonymous_44)","decl":{"start":{"line":675,"column":47},"end":{"line":675,"column":48}},"loc":{"start":{"line":675,"column":52},"end":{"line":675,"column":55}}},"45":{"name":"(anonymous_45)","decl":{"start":{"line":676,"column":47},"end":{"line":676,"column":48}},"loc":{"start":{"line":676,"column":52},"end":{"line":676,"column":55}}},"46":{"name":"(anonymous_46)","decl":{"start":{"line":677,"column":47},"end":{"line":677,"column":48}},"loc":{"start":{"line":677,"column":52},"end":{"line":677,"column":55}}},"47":{"name":"(anonymous_47)","decl":{"start":{"line":678,"column":47},"end":{"line":678,"column":48}},"loc":{"start":{"line":678,"column":52},"end":{"line":678,"column":55}}},"48":{"name":"(anonymous_48)","decl":{"start":{"line":722,"column":21},"end":{"line":722,"column":25}},"loc":{"start":{"line":722,"column":28},"end":{"line":753,"column":3}}},"49":{"name":"(anonymous_49)","decl":{"start":{"line":723,"column":42},"end":{"line":723,"column":43}},"loc":{"start":{"line":723,"column":47},"end":{"line":723,"column":65}}},"50":{"name":"(anonymous_50)","decl":{"start":{"line":724,"column":40},"end":{"line":724,"column":41}},"loc":{"start":{"line":724,"column":45},"end":{"line":724,"column":61}}},"51":{"name":"(anonymous_51)","decl":{"start":{"line":756,"column":26},"end":{"line":756,"column":30}},"loc":{"start":{"line":756,"column":33},"end":{"line":848,"column":3}}},"52":{"name":"getTextWidth","decl":{"start":{"line":781,"column":13},"end":{"line":781,"column":25}},"loc":{"start":{"line":781,"column":38},"end":{"line":788,"column":5}}},"53":{"name":"wrapText","decl":{"start":{"line":791,"column":13},"end":{"line":791,"column":21}},"loc":{"start":{"line":791,"column":52},"end":{"line":826,"column":5}}},"54":{"name":"(anonymous_54)","decl":{"start":{"line":843,"column":27},"end":{"line":843,"column":28}},"loc":{"start":{"line":843,"column":43},"end":{"line":846,"column":7}}},"55":{"name":"renderMindmapSVG","decl":{"start":{"line":855,"column":9},"end":{"line":855,"column":25}},"loc":{"start":{"line":855,"column":43},"end":{"line":1039,"column":1}}},"56":{"name":"(anonymous_56)","decl":{"start":{"line":864,"column":47},"end":{"line":864,"column":48}},"loc":{"start":{"line":864,"column":52},"end":{"line":864,"column":55}}},"57":{"name":"(anonymous_57)","decl":{"start":{"line":865,"column":47},"end":{"line":865,"column":48}},"loc":{"start":{"line":865,"column":52},"end":{"line":865,"column":55}}},"58":{"name":"(anonymous_58)","decl":{"start":{"line":866,"column":47},"end":{"line":866,"column":48}},"loc":{"start":{"line":866,"column":52},"end":{"line":866,"column":55}}},"59":{"name":"(anonymous_59)","decl":{"start":{"line":867,"column":47},"end":{"line":867,"column":48}},"loc":{"start":{"line":867,"column":52},"end":{"line":867,"column":55}}},"60":{"name":"(anonymous_60)","decl":{"start":{"line":910,"column":21},"end":{"line":910,"column":25}},"loc":{"start":{"line":910,"column":28},"end":{"line":943,"column":3}}},"61":{"name":"(anonymous_61)","decl":{"start":{"line":911,"column":42},"end":{"line":911,"column":43}},"loc":{"start":{"line":911,"column":47},"end":{"line":911,"column":65}}},"62":{"name":"(anonymous_62)","decl":{"start":{"line":912,"column":40},"end":{"line":912,"column":41}},"loc":{"start":{"line":912,"column":45},"end":{"line":912,"column":61}}},"63":{"name":"(anonymous_63)","decl":{"start":{"line":946,"column":26},"end":{"line":946,"column":30}},"loc":{"start":{"line":946,"column":33},"end":{"line":1035,"column":3}}},"64":{"name":"getTextWidth","decl":{"start":{"line":956,"column":13},"end":{"line":956,"column":25}},"loc":{"start":{"line":956,"column":38},"end":{"line":962,"column":5}}},"65":{"name":"wrapText","decl":{"start":{"line":965,"column":13},"end":{"line":965,"column":21}},"loc":{"start":{"line":965,"column":52},"end":{"line":998,"column":5}}},"66":{"name":"(anonymous_66)","decl":{"start":{"line":1011,"column":44},"end":{"line":1011,"column":45}},"loc":{"start":{"line":1012,"column":6},"end":{"line":1012,"column":57}}},"67":{"name":"(anonymous_67)","decl":{"start":{"line":1030,"column":27},"end":{"line":1030,"column":28}},"loc":{"start":{"line":1030,"column":43},"end":{"line":1033,"column":7}}},"68":{"name":"renderPieChartSVG","decl":{"start":{"line":1042,"column":9},"end":{"line":1042,"column":26}},"loc":{"start":{"line":1042,"column":58},"end":{"line":1128,"column":1}}},"69":{"name":"(anonymous_69)","decl":{"start":{"line":1046,"column":16},"end":{"line":1046,"column":20}},"loc":{"start":{"line":1046,"column":23},"end":{"line":1053,"column":3}}},"70":{"name":"(anonymous_70)","decl":{"start":{"line":1059,"column":31},"end":{"line":1059,"column":32}},"loc":{"start":{"line":1059,"column":46},"end":{"line":1059,"column":62}}},"71":{"name":"(anonymous_71)","decl":{"start":{"line":1090,"column":18},"end":{"line":1090,"column":19}},"loc":{"start":{"line":1090,"column":34},"end":{"line":1112,"column":3}}},"72":{"name":"(anonymous_72)","decl":{"start":{"line":1116,"column":18},"end":{"line":1116,"column":19}},"loc":{"start":{"line":1116,"column":34},"end":{"line":1124,"column":3}}},"73":{"name":"createChartContainer","decl":{"start":{"line":1141,"column":9},"end":{"line":1141,"column":29}},"loc":{"start":{"line":1141,"column":79},"end":{"line":1151,"column":1}}},"74":{"name":"renderChart","decl":{"start":{"line":1167,"column":16},"end":{"line":1167,"column":27}},"loc":{"start":{"line":1167,"column":59},"end":{"line":1188,"column":1}}},"75":{"name":"createChartFallback","decl":{"start":{"line":1191,"column":9},"end":{"line":1191,"column":28}},"loc":{"start":{"line":1191,"column":83},"end":{"line":1226,"column":1}}}},"branchMap":{"0":{"loc":{"start":{"line":39,"column":2},"end":{"line":41,"column":3}},"type":"if","locations":[{"start":{"line":39,"column":2},"end":{"line":41,"column":3}}]},"1":{"loc":{"start":{"line":46,"column":2},"end":{"line":57,"column":3}},"type":"if","locations":[{"start":{"line":46,"column":2},"end":{"line":57,"column":3}},{"start":{"line":49,"column":9},"end":{"line":57,"column":3}}]},"2":{"loc":{"start":{"line":46,"column":6},"end":{"line":46,"column":68}},"type":"binary-expr","locations":[{"start":{"line":46,"column":6},"end":{"line":46,"column":33}},{"start":{"line":46,"column":37},"end":{"line":46,"column":68}}]},"3":{"loc":{"start":{"line":49,"column":9},"end":{"line":57,"column":3}},"type":"if","locations":[{"start":{"line":49,"column":9},"end":{"line":57,"column":3}},{"start":{"line":52,"column":9},"end":{"line":57,"column":3}}]},"4":{"loc":{"start":{"line":52,"column":9},"end":{"line":57,"column":3}},"type":"if","locations":[{"start":{"line":52,"column":9},"end":{"line":57,"column":3}}]},"5":{"loc":{"start":{"line":70,"column":4},"end":{"line":70,"column":25}},"type":"if","locations":[{"start":{"line":70,"column":4},"end":{"line":70,"column":25}}]},"6":{"loc":{"start":{"line":79,"column":21},"end":{"line":79,"column":36}},"type":"binary-expr","locations":[{"start":{"line":79,"column":21},"end":{"line":79,"column":30}},{"start":{"line":79,"column":34},"end":{"line":79,"column":36}}]},"7":{"loc":{"start":{"line":83,"column":6},"end":{"line":85,"column":7}},"type":"if","locations":[{"start":{"line":83,"column":6},"end":{"line":85,"column":7}}]},"8":{"loc":{"start":{"line":92,"column":4},"end":{"line":92,"column":25}},"type":"if","locations":[{"start":{"line":92,"column":4},"end":{"line":92,"column":25}}]},"9":{"loc":{"start":{"line":102,"column":41},"end":{"line":102,"column":142}},"type":"cond-expr","locations":[{"start":{"line":102,"column":52},"end":{"line":102,"column":67}},{"start":{"line":102,"column":70},"end":{"line":102,"column":142}}]},"10":{"loc":{"start":{"line":102,"column":70},"end":{"line":102,"column":142}},"type":"cond-expr","locations":[{"start":{"line":102,"column":84},"end":{"line":102,"column":102}},{"start":{"line":102,"column":105},"end":{"line":102,"column":142}}]},"11":{"loc":{"start":{"line":102,"column":105},"end":{"line":102,"column":142}},"type":"cond-expr","locations":[{"start":{"line":102,"column":118},"end":{"line":102,"column":137}},{"start":{"line":102,"column":140},"end":{"line":102,"column":142}}]},"12":{"loc":{"start":{"line":104,"column":21},"end":{"line":104,"column":48}},"type":"binary-expr","locations":[{"start":{"line":104,"column":21},"end":{"line":104,"column":34}},{"start":{"line":104,"column":38},"end":{"line":104,"column":48}}]},"13":{"loc":{"start":{"line":107,"column":37},"end":{"line":107,"column":126}},"type":"cond-expr","locations":[{"start":{"line":107,"column":46},"end":{"line":107,"column":59}},{"start":{"line":107,"column":62},"end":{"line":107,"column":126}}]},"14":{"loc":{"start":{"line":107,"column":62},"end":{"line":107,"column":126}},"type":"cond-expr","locations":[{"start":{"line":107,"column":74},"end":{"line":107,"column":90}},{"start":{"line":107,"column":93},"end":{"line":107,"column":126}}]},"15":{"loc":{"start":{"line":107,"column":93},"end":{"line":107,"column":126}},"type":"cond-expr","locations":[{"start":{"line":107,"column":104},"end":{"line":107,"column":121}},{"start":{"line":107,"column":124},"end":{"line":107,"column":126}}]},"16":{"loc":{"start":{"line":109,"column":19},"end":{"line":109,"column":42}},"type":"binary-expr","locations":[{"start":{"line":109,"column":19},"end":{"line":109,"column":30}},{"start":{"line":109,"column":34},"end":{"line":109,"column":42}}]},"17":{"loc":{"start":{"line":112,"column":6},"end":{"line":114,"column":7}},"type":"if","locations":[{"start":{"line":112,"column":6},"end":{"line":114,"column":7}}]},"18":{"loc":{"start":{"line":117,"column":6},"end":{"line":119,"column":7}},"type":"if","locations":[{"start":{"line":117,"column":6},"end":{"line":119,"column":7}}]},"19":{"loc":{"start":{"line":123,"column":6},"end":{"line":123,"column":43}},"type":"if","locations":[{"start":{"line":123,"column":6},"end":{"line":123,"column":43}}]},"20":{"loc":{"start":{"line":136,"column":49},"end":{"line":136,"column":90}},"type":"default-arg","locations":[{"start":{"line":136,"column":84},"end":{"line":136,"column":90}}]},"21":{"loc":{"start":{"line":141,"column":2},"end":{"line":149,"column":3}},"type":"if","locations":[{"start":{"line":141,"column":2},"end":{"line":149,"column":3}}]},"22":{"loc":{"start":{"line":145,"column":10},"end":{"line":145,"column":29}},"type":"binary-expr","locations":[{"start":{"line":145,"column":10},"end":{"line":145,"column":16}},{"start":{"line":145,"column":20},"end":{"line":145,"column":29}}]},"23":{"loc":{"start":{"line":153,"column":2},"end":{"line":161,"column":3}},"type":"if","locations":[{"start":{"line":153,"column":2},"end":{"line":161,"column":3}}]},"24":{"loc":{"start":{"line":157,"column":10},"end":{"line":157,"column":29}},"type":"binary-expr","locations":[{"start":{"line":157,"column":10},"end":{"line":157,"column":16}},{"start":{"line":157,"column":20},"end":{"line":157,"column":29}}]},"25":{"loc":{"start":{"line":165,"column":2},"end":{"line":173,"column":3}},"type":"if","locations":[{"start":{"line":165,"column":2},"end":{"line":173,"column":3}}]},"26":{"loc":{"start":{"line":169,"column":10},"end":{"line":169,"column":29}},"type":"binary-expr","locations":[{"start":{"line":169,"column":10},"end":{"line":169,"column":16}},{"start":{"line":169,"column":20},"end":{"line":169,"column":29}}]},"27":{"loc":{"start":{"line":177,"column":2},"end":{"line":185,"column":3}},"type":"if","locations":[{"start":{"line":177,"column":2},"end":{"line":185,"column":3}}]},"28":{"loc":{"start":{"line":177,"column":6},"end":{"line":177,"column":46}},"type":"binary-expr","locations":[{"start":{"line":177,"column":6},"end":{"line":177,"column":18}},{"start":{"line":177,"column":22},"end":{"line":177,"column":46}}]},"29":{"loc":{"start":{"line":181,"column":10},"end":{"line":181,"column":29}},"type":"binary-expr","locations":[{"start":{"line":181,"column":10},"end":{"line":181,"column":16}},{"start":{"line":181,"column":20},"end":{"line":181,"column":29}}]},"30":{"loc":{"start":{"line":199,"column":2},"end":{"line":213,"column":3}},"type":"if","locations":[{"start":{"line":199,"column":2},"end":{"line":213,"column":3}}]},"31":{"loc":{"start":{"line":221,"column":4},"end":{"line":221,"column":25}},"type":"if","locations":[{"start":{"line":221,"column":4},"end":{"line":221,"column":25}}]},"32":{"loc":{"start":{"line":241,"column":11},"end":{"line":241,"column":87}},"type":"binary-expr","locations":[{"start":{"line":241,"column":11},"end":{"line":241,"column":33}},{"start":{"line":241,"column":37},"end":{"line":241,"column":87}}]},"33":{"loc":{"start":{"line":246,"column":21},"end":{"line":246,"column":93}},"type":"cond-expr","locations":[{"start":{"line":246,"column":46},"end":{"line":246,"column":84}},{"start":{"line":246,"column":87},"end":{"line":246,"column":93}}]},"34":{"loc":{"start":{"line":268,"column":4},"end":{"line":272,"column":5}},"type":"if","locations":[{"start":{"line":268,"column":4},"end":{"line":272,"column":5}}]},"35":{"loc":{"start":{"line":291,"column":15},"end":{"line":291,"column":53}},"type":"cond-expr","locations":[{"start":{"line":291,"column":46},"end":{"line":291,"column":49}},{"start":{"line":291,"column":52},"end":{"line":291,"column":53}}]},"36":{"loc":{"start":{"line":304,"column":6},"end":{"line":304,"column":33}},"type":"if","locations":[{"start":{"line":304,"column":6},"end":{"line":304,"column":33}}]},"37":{"loc":{"start":{"line":307,"column":6},"end":{"line":322,"column":7}},"type":"if","locations":[{"start":{"line":307,"column":6},"end":{"line":322,"column":7}},{"start":{"line":309,"column":13},"end":{"line":322,"column":7}}]},"38":{"loc":{"start":{"line":310,"column":8},"end":{"line":321,"column":9}},"type":"if","locations":[{"start":{"line":310,"column":8},"end":{"line":321,"column":9}},{"start":{"line":313,"column":15},"end":{"line":321,"column":9}}]},"39":{"loc":{"start":{"line":314,"column":10},"end":{"line":320,"column":11}},"type":"if","locations":[{"start":{"line":314,"column":10},"end":{"line":320,"column":11}},{"start":{"line":318,"column":17},"end":{"line":320,"column":11}}]},"40":{"loc":{"start":{"line":325,"column":4},"end":{"line":327,"column":5}},"type":"if","locations":[{"start":{"line":325,"column":4},"end":{"line":327,"column":5}}]},"41":{"loc":{"start":{"line":345,"column":2},"end":{"line":345,"column":39}},"type":"if","locations":[{"start":{"line":345,"column":2},"end":{"line":345,"column":39}}]},"42":{"loc":{"start":{"line":368,"column":4},"end":{"line":368,"column":34}},"type":"if","locations":[{"start":{"line":368,"column":4},"end":{"line":368,"column":34}}]},"43":{"loc":{"start":{"line":373,"column":6},"end":{"line":376,"column":7}},"type":"if","locations":[{"start":{"line":373,"column":6},"end":{"line":376,"column":7}}]},"44":{"loc":{"start":{"line":373,"column":10},"end":{"line":373,"column":66}},"type":"binary-expr","locations":[{"start":{"line":373,"column":10},"end":{"line":373,"column":30}},{"start":{"line":373,"column":34},"end":{"line":373,"column":66}}]},"45":{"loc":{"start":{"line":383,"column":4},"end":{"line":383,"column":60}},"type":"if","locations":[{"start":{"line":383,"column":4},"end":{"line":383,"column":60}}]},"46":{"loc":{"start":{"line":393,"column":52},"end":{"line":393,"column":96}},"type":"binary-expr","locations":[{"start":{"line":393,"column":52},"end":{"line":393,"column":82}},{"start":{"line":393,"column":86},"end":{"line":393,"column":96}}]},"47":{"loc":{"start":{"line":398,"column":18},"end":{"line":398,"column":42}},"type":"binary-expr","locations":[{"start":{"line":398,"column":18},"end":{"line":398,"column":37}},{"start":{"line":398,"column":41},"end":{"line":398,"column":42}}]},"48":{"loc":{"start":{"line":399,"column":25},"end":{"line":399,"column":60}},"type":"binary-expr","locations":[{"start":{"line":399,"column":25},"end":{"line":399,"column":47}},{"start":{"line":399,"column":51},"end":{"line":399,"column":60}}]},"49":{"loc":{"start":{"line":407,"column":24},"end":{"line":407,"column":64}},"type":"binary-expr","locations":[{"start":{"line":407,"column":24},"end":{"line":407,"column":57}},{"start":{"line":407,"column":61},"end":{"line":407,"column":64}}]},"50":{"loc":{"start":{"line":409,"column":6},"end":{"line":411,"column":7}},"type":"if","locations":[{"start":{"line":409,"column":6},"end":{"line":411,"column":7}}]},"51":{"loc":{"start":{"line":417,"column":26},"end":{"line":417,"column":59}},"type":"binary-expr","locations":[{"start":{"line":417,"column":26},"end":{"line":417,"column":45}},{"start":{"line":417,"column":49},"end":{"line":417,"column":59}}]},"52":{"loc":{"start":{"line":428,"column":24},"end":{"line":428,"column":64}},"type":"binary-expr","locations":[{"start":{"line":428,"column":24},"end":{"line":428,"column":57}},{"start":{"line":428,"column":61},"end":{"line":428,"column":64}}]},"53":{"loc":{"start":{"line":433,"column":22},"end":{"line":433,"column":63}},"type":"binary-expr","locations":[{"start":{"line":433,"column":22},"end":{"line":433,"column":56}},{"start":{"line":433,"column":60},"end":{"line":433,"column":63}}]},"54":{"loc":{"start":{"line":446,"column":26},"end":{"line":446,"column":47}},"type":"cond-expr","locations":[{"start":{"line":446,"column":40},"end":{"line":446,"column":42}},{"start":{"line":446,"column":45},"end":{"line":446,"column":47}}]},"55":{"loc":{"start":{"line":453,"column":15},"end":{"line":453,"column":53}},"type":"cond-expr","locations":[{"start":{"line":453,"column":46},"end":{"line":453,"column":49}},{"start":{"line":453,"column":52},"end":{"line":453,"column":53}}]},"56":{"loc":{"start":{"line":466,"column":6},"end":{"line":466,"column":33}},"type":"if","locations":[{"start":{"line":466,"column":6},"end":{"line":466,"column":33}}]},"57":{"loc":{"start":{"line":469,"column":6},"end":{"line":484,"column":7}},"type":"if","locations":[{"start":{"line":469,"column":6},"end":{"line":484,"column":7}},{"start":{"line":471,"column":13},"end":{"line":484,"column":7}}]},"58":{"loc":{"start":{"line":472,"column":8},"end":{"line":483,"column":9}},"type":"if","locations":[{"start":{"line":472,"column":8},"end":{"line":483,"column":9}},{"start":{"line":475,"column":15},"end":{"line":483,"column":9}}]},"59":{"loc":{"start":{"line":476,"column":10},"end":{"line":482,"column":11}},"type":"if","locations":[{"start":{"line":476,"column":10},"end":{"line":482,"column":11}},{"start":{"line":480,"column":17},"end":{"line":482,"column":11}}]},"60":{"loc":{"start":{"line":487,"column":4},"end":{"line":489,"column":5}},"type":"if","locations":[{"start":{"line":487,"column":4},"end":{"line":489,"column":5}}]},"61":{"loc":{"start":{"line":500,"column":4},"end":{"line":500,"column":55}},"type":"cond-expr","locations":[{"start":{"line":500,"column":45},"end":{"line":500,"column":49}},{"start":{"line":500,"column":52},"end":{"line":500,"column":55}}]},"62":{"loc":{"start":{"line":500,"column":57},"end":{"line":500,"column":78}},"type":"binary-expr","locations":[{"start":{"line":500,"column":57},"end":{"line":500,"column":72}},{"start":{"line":500,"column":76},"end":{"line":500,"column":78}}]},"63":{"loc":{"start":{"line":510,"column":2},"end":{"line":510,"column":39}},"type":"if","locations":[{"start":{"line":510,"column":2},"end":{"line":510,"column":39}}]},"64":{"loc":{"start":{"line":518,"column":58},"end":{"line":518,"column":73}},"type":"binary-expr","locations":[{"start":{"line":518,"column":58},"end":{"line":518,"column":68}},{"start":{"line":518,"column":72},"end":{"line":518,"column":73}}]},"65":{"loc":{"start":{"line":524,"column":2},"end":{"line":527,"column":3}},"type":"if","locations":[{"start":{"line":524,"column":2},"end":{"line":527,"column":3}}]},"66":{"loc":{"start":{"line":536,"column":2},"end":{"line":543,"column":3}},"type":"if","locations":[{"start":{"line":536,"column":2},"end":{"line":543,"column":3}}]},"67":{"loc":{"start":{"line":548,"column":18},"end":{"line":548,"column":33}},"type":"binary-expr","locations":[{"start":{"line":548,"column":18},"end":{"line":548,"column":28}},{"start":{"line":548,"column":32},"end":{"line":548,"column":33}}]},"68":{"loc":{"start":{"line":549,"column":4},"end":{"line":552,"column":5}},"type":"if","locations":[{"start":{"line":549,"column":4},"end":{"line":552,"column":5}}]},"69":{"loc":{"start":{"line":550,"column":6},"end":{"line":550,"column":62}},"type":"if","locations":[{"start":{"line":550,"column":6},"end":{"line":550,"column":62}}]},"70":{"loc":{"start":{"line":565,"column":23},"end":{"line":565,"column":44}},"type":"binary-expr","locations":[{"start":{"line":565,"column":23},"end":{"line":565,"column":34}},{"start":{"line":565,"column":38},"end":{"line":565,"column":44}}]},"71":{"loc":{"start":{"line":566,"column":6},"end":{"line":566,"column":72}},"type":"if","locations":[{"start":{"line":566,"column":6},"end":{"line":566,"column":72}}]},"72":{"loc":{"start":{"line":581,"column":22},"end":{"line":581,"column":51}},"type":"cond-expr","locations":[{"start":{"line":581,"column":35},"end":{"line":581,"column":47}},{"start":{"line":581,"column":50},"end":{"line":581,"column":51}}]},"73":{"loc":{"start":{"line":586,"column":27},"end":{"line":586,"column":75}},"type":"binary-expr","locations":[{"start":{"line":586,"column":27},"end":{"line":586,"column":69}},{"start":{"line":586,"column":73},"end":{"line":586,"column":75}}]},"74":{"loc":{"start":{"line":588,"column":8},"end":{"line":590,"column":9}},"type":"if","locations":[{"start":{"line":588,"column":8},"end":{"line":590,"column":9}}]},"75":{"loc":{"start":{"line":619,"column":32},"end":{"line":619,"column":76}},"type":"binary-expr","locations":[{"start":{"line":619,"column":32},"end":{"line":619,"column":70}},{"start":{"line":619,"column":74},"end":{"line":619,"column":76}}]},"76":{"loc":{"start":{"line":626,"column":12},"end":{"line":631,"column":13}},"type":"if","locations":[{"start":{"line":626,"column":12},"end":{"line":631,"column":13}}]},"77":{"loc":{"start":{"line":634,"column":10},"end":{"line":634,"column":37}},"type":"if","locations":[{"start":{"line":634,"column":10},"end":{"line":634,"column":37}}]},"78":{"loc":{"start":{"line":642,"column":30},"end":{"line":642,"column":74}},"type":"binary-expr","locations":[{"start":{"line":642,"column":30},"end":{"line":642,"column":68}},{"start":{"line":642,"column":72},"end":{"line":642,"column":74}}]},"79":{"loc":{"start":{"line":664,"column":2},"end":{"line":666,"column":3}},"type":"if","locations":[{"start":{"line":664,"column":2},"end":{"line":666,"column":3}}]},"80":{"loc":{"start":{"line":726,"column":4},"end":{"line":752,"column":5}},"type":"if","locations":[{"start":{"line":726,"column":4},"end":{"line":752,"column":5}}]},"81":{"loc":{"start":{"line":726,"column":8},"end":{"line":726,"column":26}},"type":"binary-expr","locations":[{"start":{"line":726,"column":8},"end":{"line":726,"column":16}},{"start":{"line":726,"column":20},"end":{"line":726,"column":26}}]},"82":{"loc":{"start":{"line":732,"column":6},"end":{"line":751,"column":7}},"type":"if","locations":[{"start":{"line":732,"column":6},"end":{"line":751,"column":7}}]},"83":{"loc":{"start":{"line":744,"column":8},"end":{"line":750,"column":9}},"type":"if","locations":[{"start":{"line":744,"column":8},"end":{"line":750,"column":9}}]},"84":{"loc":{"start":{"line":765,"column":4},"end":{"line":773,"column":5}},"type":"if","locations":[{"start":{"line":765,"column":4},"end":{"line":773,"column":5}},{"start":{"line":767,"column":11},"end":{"line":773,"column":5}}]},"85":{"loc":{"start":{"line":767,"column":11},"end":{"line":773,"column":5}},"type":"if","locations":[{"start":{"line":767,"column":11},"end":{"line":773,"column":5}},{"start":{"line":769,"column":11},"end":{"line":773,"column":5}}]},"86":{"loc":{"start":{"line":771,"column":17},"end":{"line":771,"column":53}},"type":"cond-expr","locations":[{"start":{"line":771,"column":44},"end":{"line":771,"column":47}},{"start":{"line":771,"column":50},"end":{"line":771,"column":53}}]},"87":{"loc":{"start":{"line":785,"column":17},"end":{"line":785,"column":55}},"type":"cond-expr","locations":[{"start":{"line":785,"column":48},"end":{"line":785,"column":51}},{"start":{"line":785,"column":54},"end":{"line":785,"column":55}}]},"88":{"loc":{"start":{"line":799,"column":8},"end":{"line":799,"column":35}},"type":"if","locations":[{"start":{"line":799,"column":8},"end":{"line":799,"column":35}}]},"89":{"loc":{"start":{"line":802,"column":8},"end":{"line":818,"column":9}},"type":"if","locations":[{"start":{"line":802,"column":8},"end":{"line":818,"column":9}},{"start":{"line":804,"column":15},"end":{"line":818,"column":9}}]},"90":{"loc":{"start":{"line":805,"column":10},"end":{"line":817,"column":11}},"type":"if","locations":[{"start":{"line":805,"column":10},"end":{"line":817,"column":11}},{"start":{"line":808,"column":17},"end":{"line":817,"column":11}}]},"91":{"loc":{"start":{"line":810,"column":12},"end":{"line":816,"column":13}},"type":"if","locations":[{"start":{"line":810,"column":12},"end":{"line":816,"column":13}},{"start":{"line":814,"column":19},"end":{"line":816,"column":13}}]},"92":{"loc":{"start":{"line":821,"column":6},"end":{"line":823,"column":7}},"type":"if","locations":[{"start":{"line":821,"column":6},"end":{"line":823,"column":7}}]},"93":{"loc":{"start":{"line":833,"column":4},"end":{"line":836,"column":5}},"type":"if","locations":[{"start":{"line":833,"column":4},"end":{"line":836,"column":5}}]},"94":{"loc":{"start":{"line":839,"column":4},"end":{"line":847,"column":5}},"type":"if","locations":[{"start":{"line":839,"column":4},"end":{"line":847,"column":5}},{"start":{"line":841,"column":11},"end":{"line":847,"column":5}}]},"95":{"loc":{"start":{"line":856,"column":2},"end":{"line":858,"column":3}},"type":"if","locations":[{"start":{"line":856,"column":2},"end":{"line":858,"column":3}}]},"96":{"loc":{"start":{"line":914,"column":4},"end":{"line":942,"column":5}},"type":"if","locations":[{"start":{"line":914,"column":4},"end":{"line":942,"column":5}}]},"97":{"loc":{"start":{"line":914,"column":8},"end":{"line":914,"column":26}},"type":"binary-expr","locations":[{"start":{"line":914,"column":8},"end":{"line":914,"column":16}},{"start":{"line":914,"column":20},"end":{"line":914,"column":26}}]},"98":{"loc":{"start":{"line":921,"column":6},"end":{"line":929,"column":7}},"type":"if","locations":[{"start":{"line":921,"column":6},"end":{"line":929,"column":7}},{"start":{"line":925,"column":13},"end":{"line":929,"column":7}}]},"99":{"loc":{"start":{"line":936,"column":28},"end":{"line":936,"column":82}},"type":"cond-expr","locations":[{"start":{"line":936,"column":42},"end":{"line":936,"column":60}},{"start":{"line":936,"column":63},"end":{"line":936,"column":82}}]},"100":{"loc":{"start":{"line":938,"column":26},"end":{"line":938,"column":80}},"type":"cond-expr","locations":[{"start":{"line":938,"column":40},"end":{"line":938,"column":59}},{"start":{"line":938,"column":62},"end":{"line":938,"column":80}}]},"101":{"loc":{"start":{"line":952,"column":28},"end":{"line":952,"column":54}},"type":"cond-expr","locations":[{"start":{"line":952,"column":47},"end":{"line":952,"column":49}},{"start":{"line":952,"column":52},"end":{"line":952,"column":54}}]},"102":{"loc":{"start":{"line":959,"column":17},"end":{"line":959,"column":55}},"type":"cond-expr","locations":[{"start":{"line":959,"column":48},"end":{"line":959,"column":51}},{"start":{"line":959,"column":54},"end":{"line":959,"column":55}}]},"103":{"loc":{"start":{"line":972,"column":8},"end":{"line":972,"column":35}},"type":"if","locations":[{"start":{"line":972,"column":8},"end":{"line":972,"column":35}}]},"104":{"loc":{"start":{"line":975,"column":8},"end":{"line":990,"column":9}},"type":"if","locations":[{"start":{"line":975,"column":8},"end":{"line":990,"column":9}},{"start":{"line":977,"column":15},"end":{"line":990,"column":9}}]},"105":{"loc":{"start":{"line":978,"column":10},"end":{"line":989,"column":11}},"type":"if","locations":[{"start":{"line":978,"column":10},"end":{"line":989,"column":11}},{"start":{"line":981,"column":17},"end":{"line":989,"column":11}}]},"106":{"loc":{"start":{"line":982,"column":12},"end":{"line":988,"column":13}},"type":"if","locations":[{"start":{"line":982,"column":12},"end":{"line":988,"column":13}},{"start":{"line":986,"column":19},"end":{"line":988,"column":13}}]},"107":{"loc":{"start":{"line":993,"column":6},"end":{"line":995,"column":7}},"type":"if","locations":[{"start":{"line":993,"column":6},"end":{"line":995,"column":7}}]},"108":{"loc":{"start":{"line":1005,"column":4},"end":{"line":1008,"column":5}},"type":"if","locations":[{"start":{"line":1005,"column":4},"end":{"line":1008,"column":5}}]},"109":{"loc":{"start":{"line":1012,"column":6},"end":{"line":1012,"column":57}},"type":"cond-expr","locations":[{"start":{"line":1012,"column":47},"end":{"line":1012,"column":51}},{"start":{"line":1012,"column":54},"end":{"line":1012,"column":57}}]},"110":{"loc":{"start":{"line":1012,"column":59},"end":{"line":1012,"column":80}},"type":"binary-expr","locations":[{"start":{"line":1012,"column":59},"end":{"line":1012,"column":74}},{"start":{"line":1012,"column":78},"end":{"line":1012,"column":80}}]},"111":{"loc":{"start":{"line":1019,"column":4},"end":{"line":1020,"column":60}},"type":"if","locations":[{"start":{"line":1019,"column":4},"end":{"line":1020,"column":60}},{"start":{"line":1020,"column":9},"end":{"line":1020,"column":60}}]},"112":{"loc":{"start":{"line":1020,"column":9},"end":{"line":1020,"column":60}},"type":"if","locations":[{"start":{"line":1020,"column":9},"end":{"line":1020,"column":60}}]},"113":{"loc":{"start":{"line":1026,"column":4},"end":{"line":1034,"column":5}},"type":"if","locations":[{"start":{"line":1026,"column":4},"end":{"line":1034,"column":5}},{"start":{"line":1028,"column":11},"end":{"line":1034,"column":5}}]},"114":{"loc":{"start":{"line":1048,"column":4},"end":{"line":1052,"column":5}},"type":"if","locations":[{"start":{"line":1048,"column":4},"end":{"line":1052,"column":5}}]},"115":{"loc":{"start":{"line":1055,"column":2},"end":{"line":1057,"column":3}},"type":"if","locations":[{"start":{"line":1055,"column":2},"end":{"line":1057,"column":3}}]},"116":{"loc":{"start":{"line":1099,"column":21},"end":{"line":1099,"column":61}},"type":"cond-expr","locations":[{"start":{"line":1099,"column":56},"end":{"line":1099,"column":57}},{"start":{"line":1099,"column":60},"end":{"line":1099,"column":61}}]},"117":{"loc":{"start":{"line":1142,"column":15},"end":{"line":1142,"column":59}},"type":"binary-expr","locations":[{"start":{"line":1142,"column":15},"end":{"line":1142,"column":51}},{"start":{"line":1142,"column":55},"end":{"line":1142,"column":59}}]},"118":{"loc":{"start":{"line":1171,"column":4},"end":{"line":1183,"column":5}},"type":"if","locations":[{"start":{"line":1171,"column":4},"end":{"line":1183,"column":5}},{"start":{"line":1174,"column":11},"end":{"line":1183,"column":5}}]},"119":{"loc":{"start":{"line":1174,"column":11},"end":{"line":1183,"column":5}},"type":"if","locations":[{"start":{"line":1174,"column":11},"end":{"line":1183,"column":5}},{"start":{"line":1177,"column":11},"end":{"line":1183,"column":5}}]},"120":{"loc":{"start":{"line":1177,"column":11},"end":{"line":1183,"column":5}},"type":"if","locations":[{"start":{"line":1177,"column":11},"end":{"line":1183,"column":5}},{"start":{"line":1180,"column":11},"end":{"line":1183,"column":5}}]},"121":{"loc":{"start":{"line":1186,"column":48},"end":{"line":1186,"column":104}},"type":"cond-expr","locations":[{"start":{"line":1186,"column":73},"end":{"line":1186,"column":86}},{"start":{"line":1186,"column":89},"end":{"line":1186,"column":104}}]},"122":{"loc":{"start":{"line":1193,"column":22},"end":{"line":1193,"column":51}},"type":"binary-expr","locations":[{"start":{"line":1193,"column":22},"end":{"line":1193,"column":38}},{"start":{"line":1193,"column":42},"end":{"line":1193,"column":51}}]},"123":{"loc":{"start":{"line":1196,"column":2},"end":{"line":1210,"column":3}},"type":"if","locations":[{"start":{"line":1196,"column":2},"end":{"line":1210,"column":3}},{"start":{"line":1198,"column":9},"end":{"line":1210,"column":3}}]},"124":{"loc":{"start":{"line":1196,"column":6},"end":{"line":1196,"column":72}},"type":"binary-expr","locations":[{"start":{"line":1196,"column":6},"end":{"line":1196,"column":35}},{"start":{"line":1196,"column":39},"end":{"line":1196,"column":72}}]},"125":{"loc":{"start":{"line":1198,"column":9},"end":{"line":1210,"column":3}},"type":"if","locations":[{"start":{"line":1198,"column":9},"end":{"line":1210,"column":3}},{"start":{"line":1200,"column":9},"end":{"line":1210,"column":3}}]},"126":{"loc":{"start":{"line":1200,"column":9},"end":{"line":1210,"column":3}},"type":"if","locations":[{"start":{"line":1200,"column":9},"end":{"line":1210,"column":3}},{"start":{"line":1202,"column":9},"end":{"line":1210,"column":3}}]},"127":{"loc":{"start":{"line":1202,"column":9},"end":{"line":1210,"column":3}},"type":"if","locations":[{"start":{"line":1202,"column":9},"end":{"line":1210,"column":3}},{"start":{"line":1204,"column":9},"end":{"line":1210,"column":3}}]},"128":{"loc":{"start":{"line":1204,"column":9},"end":{"line":1210,"column":3}},"type":"if","locations":[{"start":{"line":1204,"column":9},"end":{"line":1210,"column":3}},{"start":{"line":1206,"column":9},"end":{"line":1210,"column":3}}]},"129":{"loc":{"start":{"line":1206,"column":9},"end":{"line":1210,"column":3}},"type":"if","locations":[{"start":{"line":1206,"column":9},"end":{"line":1210,"column":3}},{"start":{"line":1208,"column":9},"end":{"line":1210,"column":3}}]},"130":{"loc":{"start":{"line":1208,"column":9},"end":{"line":1210,"column":3}},"type":"if","locations":[{"start":{"line":1208,"column":9},"end":{"line":1210,"column":3}}]},"131":{"loc":{"start":{"line":1212,"column":23},"end":{"line":1214,"column":32}},"type":"cond-expr","locations":[{"start":{"line":1213,"column":6},"end":{"line":1213,"column":47}},{"start":{"line":1214,"column":6},"end":{"line":1214,"column":32}}]}},"s":{"0":2,"1":81,"2":81,"3":389,"4":389,"5":81,"6":81,"7":3,"8":78,"9":78,"10":30,"11":30,"12":48,"13":14,"14":14,"15":34,"16":26,"17":26,"18":172,"19":26,"20":8,"21":37,"22":37,"23":37,"24":104,"25":104,"26":0,"27":104,"28":104,"29":101,"30":101,"31":101,"32":101,"33":101,"34":101,"35":101,"36":37,"37":104,"38":104,"39":0,"40":104,"41":104,"42":90,"43":90,"44":90,"45":90,"46":90,"47":90,"48":90,"49":90,"50":9,"51":90,"52":10,"53":90,"54":90,"55":17,"56":90,"57":37,"58":501,"59":501,"60":171,"61":171,"62":171,"63":330,"64":330,"65":22,"66":22,"67":22,"68":308,"69":308,"70":8,"71":8,"72":8,"73":300,"74":300,"75":5,"76":5,"77":5,"78":295,"79":34,"80":34,"81":34,"82":34,"83":34,"84":33,"85":33,"86":33,"87":33,"88":33,"89":33,"90":34,"91":34,"92":34,"93":177,"94":177,"95":1,"96":176,"97":176,"98":176,"99":176,"100":176,"101":176,"102":176,"103":176,"104":121,"105":176,"106":176,"107":176,"108":176,"109":34,"110":18,"111":18,"112":18,"113":38,"114":38,"115":35,"116":35,"117":35,"118":18,"119":198,"120":198,"121":502,"122":502,"123":4598,"124":502,"125":198,"126":198,"127":198,"128":198,"129":806,"130":304,"131":502,"132":502,"133":394,"134":108,"135":108,"136":108,"137":0,"138":0,"139":0,"140":0,"141":0,"142":198,"143":198,"144":198,"145":198,"146":198,"147":198,"148":198,"149":198,"150":198,"151":29,"152":1,"153":28,"154":28,"155":101,"156":101,"157":28,"158":28,"159":28,"160":79,"161":28,"162":101,"163":28,"164":29,"165":28,"166":29,"167":28,"168":83,"169":83,"170":0,"171":83,"172":83,"173":268,"174":83,"175":58,"176":54,"177":54,"178":28,"179":28,"180":83,"181":73,"182":83,"183":28,"184":28,"185":28,"186":28,"187":73,"188":83,"189":73,"190":28,"191":101,"192":101,"193":101,"194":101,"195":101,"196":101,"197":101,"198":121,"199":121,"200":121,"201":121,"202":20,"203":101,"204":101,"205":101,"206":103,"207":103,"208":101,"209":101,"210":101,"211":101,"212":10,"213":10,"214":10,"215":101,"216":101,"217":101,"218":174,"219":174,"220":1076,"221":1076,"222":11608,"223":1076,"224":174,"225":174,"226":174,"227":174,"228":758,"229":292,"230":466,"231":466,"232":327,"233":139,"234":105,"235":105,"236":34,"237":34,"238":34,"239":34,"240":0,"241":174,"242":140,"243":174,"244":174,"245":174,"246":174,"247":174,"248":201,"249":174,"250":174,"251":174,"252":174,"253":26,"254":1,"255":25,"256":25,"257":25,"258":25,"259":174,"260":174,"261":25,"262":25,"263":25,"264":25,"265":25,"266":25,"267":25,"268":25,"269":25,"270":25,"271":25,"272":174,"273":174,"274":149,"275":54,"276":149,"277":25,"278":32,"279":25,"280":54,"281":54,"282":54,"283":54,"284":149,"285":149,"286":79,"287":149,"288":54,"289":54,"290":79,"291":327,"292":79,"293":79,"294":79,"295":79,"296":149,"297":149,"298":149,"299":70,"300":79,"301":79,"302":54,"303":25,"304":54,"305":79,"306":79,"307":79,"308":331,"309":331,"310":331,"311":411,"312":411,"313":411,"314":411,"315":2181,"316":2181,"317":252,"318":252,"319":252,"320":411,"321":252,"322":159,"323":79,"324":79,"325":149,"326":149,"327":149,"328":149,"329":149,"330":25,"331":28,"332":2,"333":26,"334":26,"335":26,"336":26,"337":26,"338":97,"339":26,"340":97,"341":26,"342":97,"343":26,"344":97,"345":26,"346":26,"347":26,"348":26,"349":26,"350":77,"351":235,"352":77,"353":345,"354":77,"355":77,"356":77,"357":77,"358":77,"359":56,"360":56,"361":56,"362":56,"363":56,"364":56,"365":56,"366":56,"367":10,"368":10,"369":10,"370":10,"371":10,"372":26,"373":97,"374":97,"375":97,"376":97,"377":97,"378":97,"379":3,"380":94,"381":9,"382":85,"383":85,"384":97,"385":97,"386":97,"387":249,"388":249,"389":2287,"390":249,"391":97,"392":97,"393":97,"394":97,"395":401,"396":152,"397":249,"398":249,"399":195,"400":54,"401":54,"402":54,"403":0,"404":0,"405":0,"406":0,"407":0,"408":97,"409":97,"410":97,"411":97,"412":97,"413":97,"414":97,"415":8,"416":8,"417":97,"418":72,"419":25,"420":25,"421":64,"422":64,"423":26,"424":26,"425":24,"426":1,"427":23,"428":23,"429":23,"430":168,"431":23,"432":168,"433":23,"434":168,"435":23,"436":168,"437":23,"438":23,"439":23,"440":23,"441":23,"442":145,"443":552,"444":145,"445":919,"446":145,"447":145,"448":145,"449":145,"450":145,"451":145,"452":0,"453":0,"454":145,"455":145,"456":145,"457":145,"458":145,"459":145,"460":145,"461":145,"462":23,"463":168,"464":168,"465":168,"466":168,"467":168,"468":1048,"469":1048,"470":11460,"471":1048,"472":168,"473":168,"474":168,"475":168,"476":744,"477":288,"478":456,"479":456,"480":317,"481":139,"482":105,"483":105,"484":34,"485":34,"486":34,"487":34,"488":0,"489":168,"490":134,"491":168,"492":168,"493":168,"494":168,"495":168,"496":24,"497":24,"498":168,"499":195,"500":168,"501":168,"502":168,"503":168,"504":168,"505":23,"506":145,"507":0,"508":168,"509":168,"510":141,"511":27,"512":27,"513":54,"514":54,"515":23,"516":23,"517":12,"518":12,"519":12,"520":25,"521":25,"522":25,"523":25,"524":25,"525":12,"526":1,"527":11,"528":25,"529":11,"530":11,"531":11,"532":11,"533":11,"534":11,"535":11,"536":11,"537":25,"538":25,"539":25,"540":25,"541":25,"542":25,"543":25,"544":25,"545":25,"546":25,"547":25,"548":11,"549":11,"550":25,"551":25,"552":25,"553":25,"554":25,"555":25,"556":11,"557":11,"558":2,"559":64,"560":64,"561":2,"562":73,"563":73,"564":73,"565":28,"566":28,"567":45,"568":24,"569":24,"570":21,"571":12,"572":12,"573":9,"574":0,"575":0,"576":9,"577":9,"578":9,"579":9,"580":0,"581":9,"582":1,"583":8,"584":1,"585":7,"586":1,"587":6,"588":1,"589":5,"590":0,"591":5,"592":0,"593":9,"594":9},"f":{"0":81,"1":389,"2":389,"3":172,"4":37,"5":104,"6":104,"7":501,"8":34,"9":177,"10":18,"11":38,"12":198,"13":502,"14":198,"15":29,"16":101,"17":79,"18":101,"19":29,"20":29,"21":268,"22":58,"23":83,"24":73,"25":83,"26":101,"27":174,"28":1076,"29":174,"30":201,"31":26,"32":174,"33":25,"34":174,"35":32,"36":54,"37":149,"38":79,"39":327,"40":25,"41":79,"42":149,"43":28,"44":97,"45":97,"46":97,"47":97,"48":77,"49":235,"50":345,"51":97,"52":249,"53":97,"54":64,"55":24,"56":168,"57":168,"58":168,"59":168,"60":145,"61":552,"62":919,"63":168,"64":1048,"65":168,"66":195,"67":54,"68":12,"69":25,"70":25,"71":25,"72":25,"73":64,"74":73,"75":9},"b":{"0":[3],"1":[30,48],"2":[78,57],"3":[14,34],"4":[26],"5":[0],"6":[101,0],"7":[101],"8":[0],"9":[22,68],"10":[0,68],"11":[1,67],"12":[90,67],"13":[56,34],"14":[8,26],"15":[0,26],"16":[90,26],"17":[9],"18":[10],"19":[17],"20":[291],"21":[171],"22":[171,1],"23":[22],"24":[22,0],"25":[8],"26":[8,0],"27":[5],"28":[300,5],"29":[5,0],"30":[33],"31":[1],"32":[297,297],"33":[176,0],"34":[35],"35":[102,4496],"36":[304],"37":[394,108],"38":[108,0],"39":[0,0],"40":[198],"41":[1],"42":[0],"43":[54],"44":[58,4],"45":[73],"46":[83,0],"47":[101,47],"48":[101,18],"49":[121,0],"50":[20],"51":[103,0],"52":[10,0],"53":[101,0],"54":[25,149],"55":[129,11479],"56":[292],"57":[327,139],"58":[105,34],"59":[34,0],"60":[140],"61":[13,188],"62":[174,0],"63":[1],"64":[174,25],"65":[25],"66":[25],"67":[174,25],"68":[149],"69":[54],"70":[149,0],"71":[79],"72":[79,0],"73":[149,0],"74":[70],"75":[411,0],"76":[252],"77":[252],"78":[149,0],"79":[2],"80":[77],"81":[77,77],"82":[56],"83":[10],"84":[3,94],"85":[9,85],"86":[1,84],"87":[51,2236],"88":[152],"89":[195,54],"90":[54,0],"91":[0,0],"92":[97],"93":[8],"94":[72,25],"95":[1],"96":[145],"97":[145,145],"98":[145,0],"99":[145,0],"100":[145,0],"101":[23,145],"102":[129,11331],"103":[288],"104":[317,139],"105":[105,34],"106":[34,0],"107":[134],"108":[24],"109":[13,182],"110":[168,0],"111":[23,145],"112":[0],"113":[141,27],"114":[25],"115":[1],"116":[19,6],"117":[64,0],"118":[28,45],"119":[24,21],"120":[12,9],"121":[0,0],"122":[9,2],"123":[0,9],"124":[9,9],"125":[1,8],"126":[1,7],"127":[1,6],"128":[1,5],"129":[0,5],"130":[0],"131":[9,0]}}
}
