TN:
SF:src\utils\chartRenderer.ts
FN:27,parseMermaidCode
FN:30,(anonymous_1)
FN:30,(anonymous_2)
FN:55,(anonymous_3)
FN:63,parseFlowchart
FN:68,(anonymous_5)
FN:90,(anonymous_6)
FN:136,parseNodeTextAndShape
FN:192,parseMindmap
FN:219,(anonymous_9)
FN:262,parsePieChart
FN:266,(anonymous_11)
FN:283,calculateFlowchartNodeDimensions
FN:288,getTextWidth
FN:297,wrapText
FN:344,layoutFlowchartNodes
FN:349,(anonymous_16)
FN:359,(anonymous_17)
FN:360,(anonymous_18)
FN:363,(anonymous_19)
FN:364,(anonymous_20)
FN:371,(anonymous_21)
FN:372,(anonymous_22)
FN:382,(anonymous_23)
FN:392,(anonymous_24)
FN:393,(anonymous_25)
FN:397,(anonymous_26)
FN:445,calculateNodeDimensions
FN:450,getTextWidth
FN:459,wrapText
FN:499,(anonymous_30)
FN:509,layoutMindmapNodes
FN:517,(anonymous_32)
FN:523,(anonymous_33)
FN:547,(anonymous_34)
FN:556,(anonymous_35)
FN:558,(anonymous_36)
FN:564,(anonymous_37)
FN:579,(anonymous_38)
FN:580,(anonymous_39)
FN:605,(anonymous_40)
FN:608,(anonymous_41)
FN:641,(anonymous_42)
FN:663,renderFlowchartSVG
FN:675,(anonymous_44)
FN:676,(anonymous_45)
FN:677,(anonymous_46)
FN:678,(anonymous_47)
FN:722,(anonymous_48)
FN:723,(anonymous_49)
FN:724,(anonymous_50)
FN:756,(anonymous_51)
FN:781,getTextWidth
FN:791,wrapText
FN:843,(anonymous_54)
FN:855,renderMindmapSVG
FN:864,(anonymous_56)
FN:865,(anonymous_57)
FN:866,(anonymous_58)
FN:867,(anonymous_59)
FN:910,(anonymous_60)
FN:911,(anonymous_61)
FN:912,(anonymous_62)
FN:946,(anonymous_63)
FN:956,getTextWidth
FN:965,wrapText
FN:1011,(anonymous_66)
FN:1030,(anonymous_67)
FN:1042,renderPieChartSVG
FN:1046,(anonymous_69)
FN:1059,(anonymous_70)
FN:1090,(anonymous_71)
FN:1116,(anonymous_72)
FN:1141,createChartContainer
FN:1167,renderChart
FN:1191,createChartFallback
FNF:76
FNH:76
FNDA:81,parseMermaidCode
FNDA:389,(anonymous_1)
FNDA:389,(anonymous_2)
FNDA:172,(anonymous_3)
FNDA:37,parseFlowchart
FNDA:104,(anonymous_5)
FNDA:104,(anonymous_6)
FNDA:501,parseNodeTextAndShape
FNDA:34,parseMindmap
FNDA:177,(anonymous_9)
FNDA:18,parsePieChart
FNDA:38,(anonymous_11)
FNDA:198,calculateFlowchartNodeDimensions
FNDA:502,getTextWidth
FNDA:198,wrapText
FNDA:29,layoutFlowchartNodes
FNDA:101,(anonymous_16)
FNDA:79,(anonymous_17)
FNDA:101,(anonymous_18)
FNDA:29,(anonymous_19)
FNDA:29,(anonymous_20)
FNDA:268,(anonymous_21)
FNDA:58,(anonymous_22)
FNDA:83,(anonymous_23)
FNDA:73,(anonymous_24)
FNDA:83,(anonymous_25)
FNDA:101,(anonymous_26)
FNDA:174,calculateNodeDimensions
FNDA:1076,getTextWidth
FNDA:174,wrapText
FNDA:201,(anonymous_30)
FNDA:26,layoutMindmapNodes
FNDA:174,(anonymous_32)
FNDA:25,(anonymous_33)
FNDA:174,(anonymous_34)
FNDA:32,(anonymous_35)
FNDA:54,(anonymous_36)
FNDA:149,(anonymous_37)
FNDA:79,(anonymous_38)
FNDA:327,(anonymous_39)
FNDA:25,(anonymous_40)
FNDA:79,(anonymous_41)
FNDA:149,(anonymous_42)
FNDA:28,renderFlowchartSVG
FNDA:97,(anonymous_44)
FNDA:97,(anonymous_45)
FNDA:97,(anonymous_46)
FNDA:97,(anonymous_47)
FNDA:77,(anonymous_48)
FNDA:235,(anonymous_49)
FNDA:345,(anonymous_50)
FNDA:97,(anonymous_51)
FNDA:249,getTextWidth
FNDA:97,wrapText
FNDA:64,(anonymous_54)
FNDA:24,renderMindmapSVG
FNDA:168,(anonymous_56)
FNDA:168,(anonymous_57)
FNDA:168,(anonymous_58)
FNDA:168,(anonymous_59)
FNDA:145,(anonymous_60)
FNDA:552,(anonymous_61)
FNDA:919,(anonymous_62)
FNDA:168,(anonymous_63)
FNDA:1048,getTextWidth
FNDA:168,wrapText
FNDA:195,(anonymous_66)
FNDA:54,(anonymous_67)
FNDA:12,renderPieChartSVG
FNDA:25,(anonymous_69)
FNDA:25,(anonymous_70)
FNDA:25,(anonymous_71)
FNDA:25,(anonymous_72)
FNDA:64,createChartContainer
FNDA:73,renderChart
FNDA:9,createChartFallback
DA:29,81
DA:30,389
DA:32,81
DA:39,81
DA:40,3
DA:43,78
DA:46,78
DA:47,30
DA:48,30
DA:49,48
DA:50,14
DA:51,14
DA:52,34
DA:53,26
DA:55,172
DA:56,26
DA:59,8
DA:64,37
DA:65,37
DA:68,37
DA:69,104
DA:70,104
DA:73,104
DA:76,104
DA:77,101
DA:78,101
DA:79,101
DA:80,101
DA:81,101
DA:83,101
DA:84,101
DA:90,37
DA:91,104
DA:92,104
DA:95,104
DA:98,104
DA:99,90
DA:102,90
DA:103,90
DA:104,90
DA:107,90
DA:108,90
DA:109,90
DA:112,90
DA:113,9
DA:117,90
DA:118,10
DA:122,90
DA:123,90
DA:124,90
DA:128,37
DA:140,501
DA:141,501
DA:142,171
DA:143,171
DA:144,171
DA:152,330
DA:153,330
DA:154,22
DA:155,22
DA:156,22
DA:164,308
DA:165,308
DA:166,8
DA:167,8
DA:168,8
DA:176,300
DA:177,300
DA:178,5
DA:179,5
DA:180,5
DA:188,295
DA:193,34
DA:194,34
DA:195,34
DA:198,34
DA:199,34
DA:200,33
DA:201,33
DA:202,33
DA:210,33
DA:211,33
DA:212,33
DA:216,34
DA:217,34
DA:219,34
DA:220,177
DA:221,177
DA:223,176
DA:224,176
DA:226,176
DA:227,176
DA:228,176
DA:237,176
DA:238,176
DA:241,176
DA:242,121
DA:246,176
DA:247,176
DA:248,176
DA:251,176
DA:254,34
DA:263,18
DA:264,18
DA:266,18
DA:267,38
DA:268,38
DA:269,35
DA:270,35
DA:271,35
DA:275,18
DA:284,198
DA:285,198
DA:289,502
DA:290,502
DA:291,4598
DA:293,502
DA:298,198
DA:299,198
DA:301,198
DA:303,198
DA:304,806
DA:306,502
DA:307,502
DA:308,394
DA:310,108
DA:311,108
DA:312,108
DA:314,0
DA:315,0
DA:316,0
DA:317,0
DA:319,0
DA:325,198
DA:326,198
DA:329,198
DA:332,198
DA:333,198
DA:334,198
DA:337,198
DA:338,198
DA:340,198
DA:345,29
DA:348,28
DA:349,28
DA:350,101
DA:351,101
DA:355,28
DA:356,28
DA:359,79
DA:360,101
DA:363,29
DA:364,29
DA:366,28
DA:367,83
DA:368,83
DA:369,83
DA:371,268
DA:372,83
DA:373,58
DA:374,54
DA:375,54
DA:381,28
DA:382,28
DA:383,83
DA:384,83
DA:387,28
DA:388,28
DA:391,28
DA:392,28
DA:393,83
DA:394,73
DA:397,28
DA:398,101
DA:399,101
DA:400,101
DA:403,101
DA:404,101
DA:405,101
DA:406,121
DA:407,121
DA:408,121
DA:409,121
DA:410,20
DA:415,101
DA:416,101
DA:417,103
DA:418,103
DA:422,101
DA:423,101
DA:426,101
DA:427,10
DA:428,10
DA:429,10
DA:433,101
DA:434,101
DA:436,101
DA:446,174
DA:447,174
DA:451,1076
DA:452,1076
DA:453,11608
DA:455,1076
DA:460,174
DA:461,174
DA:463,174
DA:465,174
DA:466,758
DA:468,466
DA:469,466
DA:470,327
DA:472,139
DA:473,105
DA:474,105
DA:476,34
DA:477,34
DA:478,34
DA:479,34
DA:481,0
DA:487,174
DA:488,140
DA:491,174
DA:494,174
DA:495,174
DA:496,174
DA:499,174
DA:500,201
DA:501,174
DA:502,174
DA:503,174
DA:505,174
DA:510,26
DA:512,25
DA:513,25
DA:516,25
DA:517,25
DA:518,174
DA:519,174
DA:523,25
DA:524,25
DA:525,25
DA:526,25
DA:534,25
DA:536,25
DA:537,25
DA:538,25
DA:546,25
DA:547,25
DA:548,174
DA:549,174
DA:550,149
DA:551,149
DA:556,32
DA:558,25
DA:559,54
DA:560,54
DA:563,54
DA:564,54
DA:565,149
DA:566,149
DA:567,149
DA:577,54
DA:579,54
DA:580,327
DA:581,79
DA:584,79
DA:585,79
DA:586,149
DA:587,149
DA:588,149
DA:589,70
DA:593,79
DA:595,79
DA:605,54
DA:608,54
DA:609,79
DA:612,79
DA:613,79
DA:614,331
DA:617,331
DA:618,331
DA:619,411
DA:620,411
DA:621,411
DA:624,411
DA:625,2181
DA:626,2181
DA:628,252
DA:629,252
DA:630,252
DA:634,411
DA:635,159
DA:640,79
DA:641,79
DA:642,149
DA:644,149
DA:645,149
DA:648,149
DA:654,149
DA:659,25
DA:664,28
DA:665,2
DA:668,26
DA:671,26
DA:672,26
DA:673,26
DA:675,97
DA:676,97
DA:677,97
DA:678,97
DA:680,26
DA:681,26
DA:683,26
DA:686,26
DA:722,26
DA:723,235
DA:724,345
DA:726,77
DA:728,77
DA:729,77
DA:730,77
DA:732,77
DA:733,56
DA:734,56
DA:737,56
DA:738,56
DA:739,56
DA:740,56
DA:742,56
DA:744,56
DA:745,10
DA:746,10
DA:747,10
DA:748,10
DA:749,10
DA:756,26
DA:757,97
DA:758,97
DA:761,97
DA:762,97
DA:763,97
DA:765,97
DA:766,3
DA:767,94
DA:768,9
DA:771,85
DA:772,85
DA:776,97
DA:777,97
DA:778,97
DA:783,249
DA:784,249
DA:785,2287
DA:787,249
DA:792,97
DA:793,97
DA:796,97
DA:798,97
DA:799,401
DA:801,249
DA:802,249
DA:803,195
DA:805,54
DA:806,54
DA:807,54
DA:810,0
DA:811,0
DA:812,0
DA:813,0
DA:815,0
DA:821,97
DA:822,97
DA:825,97
DA:828,97
DA:829,97
DA:830,97
DA:833,97
DA:834,8
DA:835,8
DA:839,97
DA:840,72
DA:842,25
DA:843,25
DA:844,64
DA:845,64
DA:850,26
DA:851,26
DA:856,24
DA:857,1
DA:860,23
DA:863,23
DA:864,168
DA:865,168
DA:866,168
DA:867,168
DA:869,23
DA:870,23
DA:872,23
DA:875,23
DA:910,23
DA:911,552
DA:912,919
DA:914,145
DA:915,145
DA:916,145
DA:921,145
DA:923,145
DA:924,145
DA:927,0
DA:928,0
DA:931,145
DA:932,145
DA:935,145
DA:936,145
DA:937,145
DA:938,145
DA:939,145
DA:941,145
DA:946,23
DA:947,168
DA:948,168
DA:951,168
DA:952,168
DA:953,168
DA:957,1048
DA:958,1048
DA:959,11460
DA:961,1048
DA:966,168
DA:967,168
DA:969,168
DA:971,168
DA:972,744
DA:974,456
DA:975,456
DA:976,317
DA:978,139
DA:979,105
DA:980,105
DA:982,34
DA:983,34
DA:984,34
DA:985,34
DA:987,0
DA:993,168
DA:994,134
DA:997,168
DA:1000,168
DA:1001,168
DA:1002,168
DA:1005,168
DA:1006,24
DA:1007,24
DA:1011,168
DA:1012,195
DA:1013,168
DA:1014,168
DA:1015,168
DA:1018,168
DA:1019,168
DA:1020,145
DA:1023,168
DA:1026,168
DA:1027,141
DA:1029,27
DA:1030,27
DA:1031,54
DA:1032,54
DA:1037,23
DA:1038,23
DA:1043,12
DA:1044,12
DA:1046,12
DA:1047,25
DA:1048,25
DA:1049,25
DA:1050,25
DA:1051,25
DA:1055,12
DA:1056,1
DA:1059,25
DA:1060,11
DA:1062,11
DA:1063,11
DA:1084,11
DA:1085,11
DA:1086,11
DA:1087,11
DA:1090,11
DA:1091,25
DA:1092,25
DA:1094,25
DA:1095,25
DA:1096,25
DA:1097,25
DA:1099,25
DA:1101,25
DA:1108,25
DA:1109,25
DA:1111,25
DA:1115,11
DA:1116,11
DA:1117,25
DA:1118,25
DA:1120,25
DA:1121,25
DA:1122,25
DA:1123,25
DA:1126,11
DA:1127,11
DA:1134,2
DA:1142,64
DA:1144,64
DA:1154,2
DA:1167,2
DA:1168,73
DA:1169,73
DA:1171,73
DA:1172,28
DA:1173,28
DA:1174,45
DA:1175,24
DA:1176,24
DA:1177,21
DA:1178,12
DA:1179,12
DA:1182,9
DA:1185,0
DA:1186,0
DA:1192,9
DA:1193,9
DA:1195,9
DA:1196,9
DA:1197,0
DA:1198,9
DA:1199,1
DA:1200,8
DA:1201,1
DA:1202,7
DA:1203,1
DA:1204,6
DA:1205,1
DA:1206,5
DA:1207,0
DA:1208,5
DA:1209,0
DA:1212,9
DA:1216,9
LF:548
LH:529
BRDA:39,0,0,3
BRDA:46,1,0,30
BRDA:46,1,1,48
BRDA:46,2,0,78
BRDA:46,2,1,57
BRDA:49,3,0,14
BRDA:49,3,1,34
BRDA:52,4,0,26
BRDA:70,5,0,0
BRDA:79,6,0,101
BRDA:79,6,1,0
BRDA:83,7,0,101
BRDA:92,8,0,0
BRDA:102,9,0,22
BRDA:102,9,1,68
BRDA:102,10,0,0
BRDA:102,10,1,68
BRDA:102,11,0,1
BRDA:102,11,1,67
BRDA:104,12,0,90
BRDA:104,12,1,67
BRDA:107,13,0,56
BRDA:107,13,1,34
BRDA:107,14,0,8
BRDA:107,14,1,26
BRDA:107,15,0,0
BRDA:107,15,1,26
BRDA:109,16,0,90
BRDA:109,16,1,26
BRDA:112,17,0,9
BRDA:117,18,0,10
BRDA:123,19,0,17
BRDA:136,20,0,291
BRDA:141,21,0,171
BRDA:145,22,0,171
BRDA:145,22,1,1
BRDA:153,23,0,22
BRDA:157,24,0,22
BRDA:157,24,1,0
BRDA:165,25,0,8
BRDA:169,26,0,8
BRDA:169,26,1,0
BRDA:177,27,0,5
BRDA:177,28,0,300
BRDA:177,28,1,5
BRDA:181,29,0,5
BRDA:181,29,1,0
BRDA:199,30,0,33
BRDA:221,31,0,1
BRDA:241,32,0,297
BRDA:241,32,1,297
BRDA:246,33,0,176
BRDA:246,33,1,0
BRDA:268,34,0,35
BRDA:291,35,0,102
BRDA:291,35,1,4496
BRDA:304,36,0,304
BRDA:307,37,0,394
BRDA:307,37,1,108
BRDA:310,38,0,108
BRDA:310,38,1,0
BRDA:314,39,0,0
BRDA:314,39,1,0
BRDA:325,40,0,198
BRDA:345,41,0,1
BRDA:368,42,0,0
BRDA:373,43,0,54
BRDA:373,44,0,58
BRDA:373,44,1,4
BRDA:383,45,0,73
BRDA:393,46,0,83
BRDA:393,46,1,0
BRDA:398,47,0,101
BRDA:398,47,1,47
BRDA:399,48,0,101
BRDA:399,48,1,18
BRDA:407,49,0,121
BRDA:407,49,1,0
BRDA:409,50,0,20
BRDA:417,51,0,103
BRDA:417,51,1,0
BRDA:428,52,0,10
BRDA:428,52,1,0
BRDA:433,53,0,101
BRDA:433,53,1,0
BRDA:446,54,0,25
BRDA:446,54,1,149
BRDA:453,55,0,129
BRDA:453,55,1,11479
BRDA:466,56,0,292
BRDA:469,57,0,327
BRDA:469,57,1,139
BRDA:472,58,0,105
BRDA:472,58,1,34
BRDA:476,59,0,34
BRDA:476,59,1,0
BRDA:487,60,0,140
BRDA:500,61,0,13
BRDA:500,61,1,188
BRDA:500,62,0,174
BRDA:500,62,1,0
BRDA:510,63,0,1
BRDA:518,64,0,174
BRDA:518,64,1,25
BRDA:524,65,0,25
BRDA:536,66,0,25
BRDA:548,67,0,174
BRDA:548,67,1,25
BRDA:549,68,0,149
BRDA:550,69,0,54
BRDA:565,70,0,149
BRDA:565,70,1,0
BRDA:566,71,0,79
BRDA:581,72,0,79
BRDA:581,72,1,0
BRDA:586,73,0,149
BRDA:586,73,1,0
BRDA:588,74,0,70
BRDA:619,75,0,411
BRDA:619,75,1,0
BRDA:626,76,0,252
BRDA:634,77,0,252
BRDA:642,78,0,149
BRDA:642,78,1,0
BRDA:664,79,0,2
BRDA:726,80,0,77
BRDA:726,81,0,77
BRDA:726,81,1,77
BRDA:732,82,0,56
BRDA:744,83,0,10
BRDA:765,84,0,3
BRDA:765,84,1,94
BRDA:767,85,0,9
BRDA:767,85,1,85
BRDA:771,86,0,1
BRDA:771,86,1,84
BRDA:785,87,0,51
BRDA:785,87,1,2236
BRDA:799,88,0,152
BRDA:802,89,0,195
BRDA:802,89,1,54
BRDA:805,90,0,54
BRDA:805,90,1,0
BRDA:810,91,0,0
BRDA:810,91,1,0
BRDA:821,92,0,97
BRDA:833,93,0,8
BRDA:839,94,0,72
BRDA:839,94,1,25
BRDA:856,95,0,1
BRDA:914,96,0,145
BRDA:914,97,0,145
BRDA:914,97,1,145
BRDA:921,98,0,145
BRDA:921,98,1,0
BRDA:936,99,0,145
BRDA:936,99,1,0
BRDA:938,100,0,145
BRDA:938,100,1,0
BRDA:952,101,0,23
BRDA:952,101,1,145
BRDA:959,102,0,129
BRDA:959,102,1,11331
BRDA:972,103,0,288
BRDA:975,104,0,317
BRDA:975,104,1,139
BRDA:978,105,0,105
BRDA:978,105,1,34
BRDA:982,106,0,34
BRDA:982,106,1,0
BRDA:993,107,0,134
BRDA:1005,108,0,24
BRDA:1012,109,0,13
BRDA:1012,109,1,182
BRDA:1012,110,0,168
BRDA:1012,110,1,0
BRDA:1019,111,0,23
BRDA:1019,111,1,145
BRDA:1020,112,0,0
BRDA:1026,113,0,141
BRDA:1026,113,1,27
BRDA:1048,114,0,25
BRDA:1055,115,0,1
BRDA:1099,116,0,19
BRDA:1099,116,1,6
BRDA:1142,117,0,64
BRDA:1142,117,1,0
BRDA:1171,118,0,28
BRDA:1171,118,1,45
BRDA:1174,119,0,24
BRDA:1174,119,1,21
BRDA:1177,120,0,12
BRDA:1177,120,1,9
BRDA:1186,121,0,0
BRDA:1186,121,1,0
BRDA:1193,122,0,9
BRDA:1193,122,1,2
BRDA:1196,123,0,0
BRDA:1196,123,1,9
BRDA:1196,124,0,9
BRDA:1196,124,1,9
BRDA:1198,125,0,1
BRDA:1198,125,1,8
BRDA:1200,126,0,1
BRDA:1200,126,1,7
BRDA:1202,127,0,1
BRDA:1202,127,1,6
BRDA:1204,128,0,1
BRDA:1204,128,1,5
BRDA:1206,129,0,0
BRDA:1206,129,1,5
BRDA:1208,130,0,0
BRDA:1212,131,0,9
BRDA:1212,131,1,0
BRF:214
BRH:173
end_of_record
