TN:
SF:src\utils\chartRenderer.ts
FN:27,parseMermaidCode
FN:30,(anonymous_1)
FN:30,(anonymous_2)
FN:55,(anonymous_3)
FN:63,parseFlowchart
FN:68,(anonymous_5)
FN:90,(anonymous_6)
FN:136,parseNodeTextAndShape
FN:192,parseMindmap
FN:219,(anonymous_9)
FN:262,parsePieChart
FN:266,(anonymous_11)
FN:283,calculateFlowchartNodeDimensions
FN:287,getOptimalWidthFlowchart
FN:288,getTextWidth
FN:312,getTextWidth
FN:321,wrapText
FN:360,(anonymous_17)
FN:370,layoutFlowchartNodes
FN:375,(anonymous_19)
FN:385,(anonymous_20)
FN:386,(anonymous_21)
FN:389,(anonymous_22)
FN:390,(anonymous_23)
FN:397,(anonymous_24)
FN:398,(anonymous_25)
FN:408,(anonymous_26)
FN:418,(anonymous_27)
FN:419,(anonymous_28)
FN:423,(anonymous_29)
FN:471,calculateNodeDimensions
FN:475,getTextWidth
FN:484,getOptimalDimensions
FN:506,wrapText
FN:562,(anonymous_34)
FN:572,layoutMindmapNodes
FN:580,(anonymous_36)
FN:586,(anonymous_37)
FN:594,(anonymous_38)
FN:603,(anonymous_39)
FN:605,(anonymous_40)
FN:611,(anonymous_41)
FN:626,(anonymous_42)
FN:627,(anonymous_43)
FN:653,(anonymous_44)
FN:668,(anonymous_45)
FN:701,(anonymous_46)
FN:702,(anonymous_47)
FN:706,(anonymous_48)
FN:711,(anonymous_49)
FN:733,renderFlowchartSVG
FN:745,(anonymous_51)
FN:746,(anonymous_52)
FN:747,(anonymous_53)
FN:748,(anonymous_54)
FN:792,(anonymous_55)
FN:793,(anonymous_56)
FN:794,(anonymous_57)
FN:826,(anonymous_58)
FN:850,getOptimalWidthFlowchart
FN:851,getTextWidth
FN:875,getTextWidth
FN:885,wrapText
FN:930,(anonymous_63)
FN:942,renderMindmapSVG
FN:951,(anonymous_65)
FN:952,(anonymous_66)
FN:953,(anonymous_67)
FN:954,(anonymous_68)
FN:998,(anonymous_69)
FN:999,(anonymous_70)
FN:1000,(anonymous_71)
FN:1034,(anonymous_72)
FN:1043,getOptimalWidth
FN:1044,getTextWidth
FN:1068,getTextWidth
FN:1077,wrapText
FN:1116,(anonymous_77)
FN:1135,(anonymous_78)
FN:1147,renderPieChartSVG
FN:1151,(anonymous_80)
FN:1164,(anonymous_81)
FN:1195,(anonymous_82)
FN:1221,(anonymous_83)
FN:1239,createChartContainer
FN:1267,renderChart
FN:1291,createChartFallback
FNF:87
FNH:87
FNDA:81,parseMermaidCode
FNDA:389,(anonymous_1)
FNDA:389,(anonymous_2)
FNDA:172,(anonymous_3)
FNDA:37,parseFlowchart
FNDA:104,(anonymous_5)
FNDA:104,(anonymous_6)
FNDA:501,parseNodeTextAndShape
FNDA:34,parseMindmap
FNDA:177,(anonymous_9)
FNDA:18,parsePieChart
FNDA:38,(anonymous_11)
FNDA:198,calculateFlowchartNodeDimensions
FNDA:198,getOptimalWidthFlowchart
FNDA:198,getTextWidth
FNDA:1228,getTextWidth
FNDA:198,wrapText
FNDA:264,(anonymous_17)
FNDA:29,layoutFlowchartNodes
FNDA:101,(anonymous_19)
FNDA:79,(anonymous_20)
FNDA:101,(anonymous_21)
FNDA:29,(anonymous_22)
FNDA:29,(anonymous_23)
FNDA:268,(anonymous_24)
FNDA:58,(anonymous_25)
FNDA:83,(anonymous_26)
FNDA:73,(anonymous_27)
FNDA:83,(anonymous_28)
FNDA:101,(anonymous_29)
FNDA:174,calculateNodeDimensions
FNDA:2263,getTextWidth
FNDA:174,getOptimalDimensions
FNDA:174,wrapText
FNDA:298,(anonymous_34)
FNDA:26,layoutMindmapNodes
FNDA:174,(anonymous_36)
FNDA:25,(anonymous_37)
FNDA:174,(anonymous_38)
FNDA:32,(anonymous_39)
FNDA:54,(anonymous_40)
FNDA:149,(anonymous_41)
FNDA:79,(anonymous_42)
FNDA:327,(anonymous_43)
FNDA:25,(anonymous_44)
FNDA:79,(anonymous_45)
FNDA:79,(anonymous_46)
FNDA:79,(anonymous_47)
FNDA:79,(anonymous_48)
FNDA:149,(anonymous_49)
FNDA:28,renderFlowchartSVG
FNDA:97,(anonymous_51)
FNDA:97,(anonymous_52)
FNDA:97,(anonymous_53)
FNDA:97,(anonymous_54)
FNDA:77,(anonymous_55)
FNDA:235,(anonymous_56)
FNDA:345,(anonymous_57)
FNDA:97,(anonymous_58)
FNDA:97,getOptimalWidthFlowchart
FNDA:97,getTextWidth
FNDA:249,getTextWidth
FNDA:97,wrapText
FNDA:58,(anonymous_63)
FNDA:24,renderMindmapSVG
FNDA:168,(anonymous_65)
FNDA:168,(anonymous_66)
FNDA:168,(anonymous_67)
FNDA:168,(anonymous_68)
FNDA:145,(anonymous_69)
FNDA:552,(anonymous_70)
FNDA:919,(anonymous_71)
FNDA:168,(anonymous_72)
FNDA:168,getOptimalWidth
FNDA:168,getTextWidth
FNDA:1157,getTextWidth
FNDA:168,wrapText
FNDA:247,(anonymous_77)
FNDA:120,(anonymous_78)
FNDA:12,renderPieChartSVG
FNDA:25,(anonymous_80)
FNDA:25,(anonymous_81)
FNDA:25,(anonymous_82)
FNDA:25,(anonymous_83)
FNDA:64,createChartContainer
FNDA:73,renderChart
FNDA:9,createChartFallback
DA:29,81
DA:30,389
DA:32,81
DA:39,81
DA:40,3
DA:43,78
DA:46,78
DA:47,30
DA:48,30
DA:49,48
DA:50,14
DA:51,14
DA:52,34
DA:53,26
DA:55,172
DA:56,26
DA:59,8
DA:64,37
DA:65,37
DA:68,37
DA:69,104
DA:70,104
DA:73,104
DA:76,104
DA:77,101
DA:78,101
DA:79,101
DA:80,101
DA:81,101
DA:83,101
DA:84,101
DA:90,37
DA:91,104
DA:92,104
DA:95,104
DA:98,104
DA:99,90
DA:102,90
DA:103,90
DA:104,90
DA:107,90
DA:108,90
DA:109,90
DA:112,90
DA:113,9
DA:117,90
DA:118,10
DA:122,90
DA:123,90
DA:124,90
DA:128,37
DA:140,501
DA:141,501
DA:142,171
DA:143,171
DA:144,171
DA:152,330
DA:153,330
DA:154,22
DA:155,22
DA:156,22
DA:164,308
DA:165,308
DA:166,8
DA:167,8
DA:168,8
DA:176,300
DA:177,300
DA:178,5
DA:179,5
DA:180,5
DA:188,295
DA:193,34
DA:194,34
DA:195,34
DA:198,34
DA:199,34
DA:200,33
DA:201,33
DA:202,33
DA:210,33
DA:211,33
DA:212,33
DA:216,34
DA:217,34
DA:219,34
DA:220,177
DA:221,177
DA:223,176
DA:224,176
DA:226,176
DA:227,176
DA:228,176
DA:237,176
DA:238,176
DA:241,176
DA:242,121
DA:246,176
DA:247,176
DA:248,176
DA:251,176
DA:254,34
DA:263,18
DA:264,18
DA:266,18
DA:267,38
DA:268,38
DA:269,35
DA:270,35
DA:271,35
DA:275,18
DA:284,198
DA:289,198
DA:290,198
DA:291,2592
DA:293,198
DA:296,198
DA:297,198
DA:300,198
DA:301,10
DA:302,188
DA:303,18
DA:306,198
DA:309,198
DA:313,1228
DA:314,1228
DA:315,11784
DA:317,1228
DA:322,198
DA:323,198
DA:325,198
DA:327,198
DA:328,806
DA:330,502
DA:331,502
DA:332,436
DA:334,66
DA:335,66
DA:336,66
DA:338,0
DA:339,0
DA:340,0
DA:341,0
DA:343,0
DA:349,198
DA:350,198
DA:353,198
DA:356,198
DA:357,198
DA:360,198
DA:361,264
DA:362,198
DA:363,198
DA:364,198
DA:366,198
DA:371,29
DA:374,28
DA:375,28
DA:376,101
DA:377,101
DA:381,28
DA:382,28
DA:385,79
DA:386,101
DA:389,29
DA:390,29
DA:392,28
DA:393,83
DA:394,83
DA:395,83
DA:397,268
DA:398,83
DA:399,58
DA:400,54
DA:401,54
DA:407,28
DA:408,28
DA:409,83
DA:410,83
DA:413,28
DA:414,28
DA:417,28
DA:418,28
DA:419,83
DA:420,73
DA:423,28
DA:424,101
DA:425,101
DA:426,101
DA:429,101
DA:430,101
DA:431,101
DA:432,121
DA:433,121
DA:434,121
DA:435,121
DA:436,20
DA:441,101
DA:442,101
DA:443,103
DA:444,103
DA:448,101
DA:449,101
DA:452,101
DA:453,10
DA:454,10
DA:455,10
DA:459,101
DA:460,101
DA:462,101
DA:472,174
DA:476,2263
DA:477,2263
DA:478,23783
DA:480,2263
DA:485,174
DA:488,174
DA:491,174
DA:493,25
DA:494,149
DA:496,10
DA:499,174
DA:500,174
DA:503,174
DA:507,174
DA:508,174
DA:510,174
DA:512,174
DA:513,758
DA:515,466
DA:516,466
DA:517,348
DA:519,118
DA:520,79
DA:521,79
DA:523,39
DA:525,39
DA:526,39
DA:527,39
DA:528,814
DA:529,769
DA:531,45
DA:532,45
DA:533,45
DA:536,0
DA:537,0
DA:541,39
DA:542,39
DA:545,0
DA:551,174
DA:552,174
DA:555,174
DA:558,174
DA:559,174
DA:562,174
DA:563,298
DA:564,174
DA:565,174
DA:566,174
DA:568,174
DA:573,26
DA:575,25
DA:576,25
DA:579,25
DA:580,25
DA:581,174
DA:582,174
DA:586,25
DA:587,25
DA:588,25
DA:589,25
DA:593,25
DA:594,25
DA:595,174
DA:596,174
DA:597,149
DA:598,149
DA:603,32
DA:605,25
DA:606,54
DA:607,54
DA:610,54
DA:611,54
DA:612,149
DA:613,149
DA:614,149
DA:624,54
DA:626,54
DA:627,327
DA:628,79
DA:631,79
DA:632,79
DA:633,149
DA:634,149
DA:635,149
DA:636,70
DA:641,79
DA:643,79
DA:653,54
DA:659,54
DA:666,54
DA:668,54
DA:670,79
DA:671,79
DA:674,79
DA:675,79
DA:676,79
DA:677,106
DA:678,106
DA:680,106
DA:681,74
DA:682,74
DA:684,27
DA:685,27
DA:686,27
DA:689,106
DA:692,79
DA:700,54
DA:701,79
DA:702,79
DA:703,54
DA:706,54
DA:707,79
DA:710,79
DA:711,79
DA:712,149
DA:714,149
DA:715,149
DA:717,149
DA:721,79
DA:729,25
DA:734,28
DA:735,2
DA:738,26
DA:741,26
DA:742,26
DA:743,26
DA:745,97
DA:746,97
DA:747,97
DA:748,97
DA:750,26
DA:751,26
DA:753,26
DA:756,26
DA:792,26
DA:793,235
DA:794,345
DA:796,77
DA:798,77
DA:799,77
DA:800,77
DA:802,77
DA:803,56
DA:804,56
DA:807,56
DA:808,56
DA:809,56
DA:810,56
DA:812,56
DA:814,56
DA:815,10
DA:816,10
DA:817,10
DA:818,10
DA:819,10
DA:826,26
DA:827,97
DA:828,97
DA:831,97
DA:832,97
DA:833,97
DA:835,97
DA:836,3
DA:837,94
DA:838,9
DA:841,85
DA:842,85
DA:846,97
DA:847,97
DA:852,97
DA:853,97
DA:854,1284
DA:856,97
DA:859,97
DA:860,97
DA:863,97
DA:864,5
DA:865,92
DA:866,9
DA:869,97
DA:872,97
DA:877,249
DA:878,249
DA:879,2636
DA:881,249
DA:886,97
DA:887,97
DA:890,97
DA:892,97
DA:893,401
DA:895,249
DA:896,249
DA:897,216
DA:899,33
DA:900,33
DA:901,33
DA:904,0
DA:905,0
DA:906,0
DA:907,0
DA:909,0
DA:915,97
DA:916,97
DA:919,97
DA:922,97
DA:923,97
DA:926,97
DA:927,72
DA:929,25
DA:930,25
DA:931,58
DA:932,58
DA:937,26
DA:938,26
DA:943,24
DA:944,1
DA:947,23
DA:950,23
DA:951,168
DA:952,168
DA:953,168
DA:954,168
DA:956,23
DA:957,23
DA:959,23
DA:962,23
DA:998,23
DA:999,552
DA:1000,919
DA:1002,145
DA:1003,145
DA:1004,145
DA:1009,145
DA:1011,145
DA:1012,145
DA:1015,0
DA:1016,0
DA:1019,145
DA:1020,145
DA:1023,145
DA:1024,145
DA:1025,145
DA:1026,145
DA:1027,145
DA:1029,145
DA:1034,23
DA:1035,168
DA:1036,168
DA:1039,168
DA:1040,168
DA:1045,168
DA:1046,168
DA:1047,3249
DA:1049,168
DA:1052,168
DA:1053,168
DA:1056,168
DA:1057,25
DA:1058,143
DA:1059,10
DA:1062,168
DA:1065,168
DA:1069,1157
DA:1070,1157
DA:1071,13699
DA:1073,1157
DA:1078,168
DA:1079,168
DA:1081,168
DA:1083,168
DA:1084,744
DA:1086,456
DA:1087,456
DA:1088,338
DA:1090,118
DA:1091,79
DA:1092,79
DA:1094,39
DA:1095,39
DA:1096,39
DA:1097,39
DA:1099,0
DA:1105,168
DA:1106,129
DA:1109,168
DA:1112,168
DA:1113,168
DA:1116,168
DA:1117,247
DA:1118,168
DA:1119,168
DA:1120,168
DA:1123,168
DA:1124,168
DA:1125,145
DA:1128,168
DA:1131,168
DA:1132,127
DA:1134,41
DA:1135,41
DA:1136,120
DA:1137,120
DA:1142,23
DA:1143,23
DA:1148,12
DA:1149,12
DA:1151,12
DA:1152,25
DA:1153,25
DA:1154,25
DA:1155,25
DA:1156,25
DA:1160,12
DA:1161,1
DA:1164,25
DA:1165,11
DA:1167,11
DA:1168,11
DA:1189,11
DA:1190,11
DA:1191,11
DA:1192,11
DA:1195,11
DA:1196,25
DA:1197,25
DA:1199,25
DA:1200,25
DA:1201,25
DA:1202,25
DA:1204,25
DA:1206,25
DA:1213,25
DA:1214,25
DA:1216,25
DA:1220,11
DA:1221,11
DA:1222,25
DA:1223,25
DA:1225,25
DA:1226,25
DA:1227,25
DA:1228,25
DA:1231,11
DA:1232,11
DA:1240,64
DA:1254,2
DA:1267,2
DA:1268,73
DA:1269,73
DA:1271,73
DA:1272,28
DA:1273,28
DA:1274,45
DA:1275,24
DA:1276,24
DA:1277,21
DA:1278,12
DA:1279,12
DA:1282,9
DA:1285,0
DA:1286,0
DA:1292,9
DA:1293,9
DA:1295,9
DA:1296,9
DA:1297,0
DA:1298,9
DA:1299,1
DA:1300,8
DA:1301,1
DA:1302,7
DA:1303,1
DA:1304,6
DA:1305,1
DA:1306,5
DA:1307,0
DA:1308,5
DA:1309,0
DA:1312,9
DA:1316,9
LF:591
LH:570
BRDA:39,0,0,3
BRDA:46,1,0,30
BRDA:46,1,1,48
BRDA:46,2,0,78
BRDA:46,2,1,57
BRDA:49,3,0,14
BRDA:49,3,1,34
BRDA:52,4,0,26
BRDA:70,5,0,0
BRDA:79,6,0,101
BRDA:79,6,1,0
BRDA:83,7,0,101
BRDA:92,8,0,0
BRDA:102,9,0,22
BRDA:102,9,1,68
BRDA:102,10,0,0
BRDA:102,10,1,68
BRDA:102,11,0,1
BRDA:102,11,1,67
BRDA:104,12,0,90
BRDA:104,12,1,67
BRDA:107,13,0,56
BRDA:107,13,1,34
BRDA:107,14,0,8
BRDA:107,14,1,26
BRDA:107,15,0,0
BRDA:107,15,1,26
BRDA:109,16,0,90
BRDA:109,16,1,26
BRDA:112,17,0,9
BRDA:117,18,0,10
BRDA:123,19,0,17
BRDA:136,20,0,291
BRDA:141,21,0,171
BRDA:145,22,0,171
BRDA:145,22,1,1
BRDA:153,23,0,22
BRDA:157,24,0,22
BRDA:157,24,1,0
BRDA:165,25,0,8
BRDA:169,26,0,8
BRDA:169,26,1,0
BRDA:177,27,0,5
BRDA:177,28,0,300
BRDA:177,28,1,5
BRDA:181,29,0,5
BRDA:181,29,1,0
BRDA:199,30,0,33
BRDA:221,31,0,1
BRDA:241,32,0,297
BRDA:241,32,1,297
BRDA:246,33,0,176
BRDA:246,33,1,0
BRDA:268,34,0,35
BRDA:291,35,0,44
BRDA:291,35,1,2548
BRDA:300,36,0,10
BRDA:300,36,1,188
BRDA:302,37,0,18
BRDA:315,38,0,234
BRDA:315,38,1,11550
BRDA:328,39,0,304
BRDA:331,40,0,436
BRDA:331,40,1,66
BRDA:334,41,0,66
BRDA:334,41,1,0
BRDA:338,42,0,0
BRDA:338,42,1,0
BRDA:349,43,0,198
BRDA:361,44,0,10
BRDA:361,44,1,254
BRDA:361,45,0,198
BRDA:361,45,1,0
BRDA:371,46,0,1
BRDA:394,47,0,0
BRDA:399,48,0,54
BRDA:399,49,0,58
BRDA:399,49,1,4
BRDA:409,50,0,73
BRDA:419,51,0,83
BRDA:419,51,1,0
BRDA:424,52,0,101
BRDA:424,52,1,47
BRDA:425,53,0,101
BRDA:425,53,1,18
BRDA:433,54,0,121
BRDA:433,54,1,0
BRDA:435,55,0,20
BRDA:443,56,0,103
BRDA:443,56,1,0
BRDA:454,57,0,10
BRDA:454,57,1,0
BRDA:459,58,0,101
BRDA:459,58,1,0
BRDA:478,59,0,152
BRDA:478,59,1,23631
BRDA:488,60,0,25
BRDA:488,60,1,149
BRDA:491,61,0,25
BRDA:491,61,1,149
BRDA:494,62,0,10
BRDA:513,63,0,292
BRDA:516,64,0,348
BRDA:516,64,1,118
BRDA:519,65,0,79
BRDA:519,65,1,39
BRDA:523,66,0,39
BRDA:523,66,1,0
BRDA:528,67,0,769
BRDA:528,67,1,45
BRDA:531,68,0,45
BRDA:531,68,1,0
BRDA:541,69,0,39
BRDA:551,70,0,174
BRDA:563,71,0,15
BRDA:563,71,1,283
BRDA:563,72,0,174
BRDA:563,72,1,0
BRDA:573,73,0,1
BRDA:581,74,0,174
BRDA:581,74,1,25
BRDA:587,75,0,25
BRDA:595,76,0,174
BRDA:595,76,1,25
BRDA:596,77,0,149
BRDA:597,78,0,54
BRDA:612,79,0,149
BRDA:612,79,1,0
BRDA:613,80,0,79
BRDA:628,81,0,79
BRDA:628,81,1,0
BRDA:633,82,0,149
BRDA:633,82,1,0
BRDA:635,83,0,70
BRDA:676,84,0,185
BRDA:676,84,1,106
BRDA:682,85,0,27
BRDA:700,86,0,54
BRDA:712,87,0,149
BRDA:712,87,1,0
BRDA:734,88,0,2
BRDA:796,89,0,77
BRDA:796,90,0,77
BRDA:796,90,1,77
BRDA:802,91,0,56
BRDA:814,92,0,10
BRDA:835,93,0,3
BRDA:835,93,1,94
BRDA:837,94,0,9
BRDA:837,94,1,85
BRDA:841,95,0,1
BRDA:841,95,1,84
BRDA:854,96,0,22
BRDA:854,96,1,1262
BRDA:863,97,0,5
BRDA:863,97,1,92
BRDA:865,98,0,9
BRDA:879,99,0,51
BRDA:879,99,1,2585
BRDA:893,100,0,152
BRDA:896,101,0,216
BRDA:896,101,1,33
BRDA:899,102,0,33
BRDA:899,102,1,0
BRDA:904,103,0,0
BRDA:904,103,1,0
BRDA:915,104,0,97
BRDA:926,105,0,72
BRDA:926,105,1,25
BRDA:943,106,0,1
BRDA:1002,107,0,145
BRDA:1002,108,0,145
BRDA:1002,108,1,145
BRDA:1009,109,0,145
BRDA:1009,109,1,0
BRDA:1024,110,0,145
BRDA:1024,110,1,0
BRDA:1026,111,0,145
BRDA:1026,111,1,0
BRDA:1047,112,0,23
BRDA:1047,112,1,3226
BRDA:1053,113,0,23
BRDA:1053,113,1,145
BRDA:1056,114,0,25
BRDA:1056,114,1,143
BRDA:1058,115,0,10
BRDA:1065,116,0,168
BRDA:1065,116,1,23
BRDA:1071,117,0,129
BRDA:1071,117,1,13570
BRDA:1084,118,0,288
BRDA:1087,119,0,338
BRDA:1087,119,1,118
BRDA:1090,120,0,79
BRDA:1090,120,1,39
BRDA:1094,121,0,39
BRDA:1094,121,1,0
BRDA:1105,122,0,129
BRDA:1117,123,0,15
BRDA:1117,123,1,232
BRDA:1117,124,0,168
BRDA:1117,124,1,0
BRDA:1124,125,0,23
BRDA:1124,125,1,145
BRDA:1125,126,0,53
BRDA:1131,127,0,127
BRDA:1131,127,1,41
BRDA:1153,128,0,25
BRDA:1160,129,0,1
BRDA:1204,130,0,19
BRDA:1204,130,1,6
BRDA:1271,131,0,28
BRDA:1271,131,1,45
BRDA:1274,132,0,24
BRDA:1274,132,1,21
BRDA:1277,133,0,12
BRDA:1277,133,1,9
BRDA:1286,134,0,0
BRDA:1286,134,1,0
BRDA:1293,135,0,9
BRDA:1293,135,1,2
BRDA:1296,136,0,0
BRDA:1296,136,1,9
BRDA:1296,137,0,9
BRDA:1296,137,1,9
BRDA:1298,138,0,1
BRDA:1298,138,1,8
BRDA:1300,139,0,1
BRDA:1300,139,1,7
BRDA:1302,140,0,1
BRDA:1302,140,1,6
BRDA:1304,141,0,1
BRDA:1304,141,1,5
BRDA:1306,142,0,0
BRDA:1306,142,1,5
BRDA:1308,143,0,0
BRDA:1312,144,0,9
BRDA:1312,144,1,0
BRF:238
BRH:198
end_of_record
